2025-09-23 09:18:07,392 - als auth logger - INFO - username:Christ@gmail.com successfully logged in
2025-09-23 09:21:53,451 - als auth logger - INFO - username:Christ@gmail.com successfully logged in
2025-09-23 09:25:59,321 - als auth logger - INFO - username:Christ@gmail.com successfully logged in
2025-09-23 09:40:59,804 - als auth logger - INFO - username:Christ@gmail.com successfully logged in
2025-09-23 09:42:15,913 - als auth logger - INFO - user:nzimande@gmail.com successfully registered
2025-09-23 09:42:44,867 - als auth logger - INFO - username:Christ@gmail.com successfully logged in
2025-09-23 09:46:03,973 - als auth logger - INFO - username:Christ@gmail.com successfully logged in
2025-09-23 10:06:34,345 - als auth logger - INFO - username:Christ@gmail.com successfully logged in
2025-09-23 10:24:51,033 - als auth logger - INFO - username:Christ@gmail.com successfully logged in
2025-09-23 11:36:51,109 - als auth logger - INFO - username:Christ@gmail.com successfully logged in
2025-09-25 08:10:24,574 - als auth logger - INFO - username:Christ@gmail.com successfully logged in
2025-09-25 08:11:38,840 - als auth logger - INFO - username:Christ@gmail.com successfully logged in
2025-09-25 09:50:04,196 - als auth logger - INFO - username:Christ@gmail.com successfully logged in
2025-09-25 11:07:38,553 - als auth logger - INFO - username:Christ@gmail.com successfully logged in
2025-09-25 12:12:43,630 - als auth logger - INFO - username:Christ@gmail.com successfully logged in
2025-09-25 12:39:01,438 - als auth logger - INFO - username:Christ@gmail.com successfully logged in
2025-09-25 12:44:52,325 - als auth logger - INFO - username:Christ@gmail.com successfully logged in
2025-09-26 08:10:07,357 - als auth logger - INFO - username:Christ@gmail.com successfully logged in
2025-09-26 08:28:52,121 - als auth logger - INFO - username:Christ@gmail.com successfully logged in
2025-09-26 08:29:40,020 - als auth logger - INFO - username:Christ@gmail.com successfully logged in
2025-09-26 08:38:14,735 - als auth logger - INFO - username:Christ@gmail.com successfully logged in
2025-09-28 15:10:21,734 - als auth logger - INFO - username:Christ@gmail.com successfully logged in
2025-09-28 15:31:18,314 - als auth logger - INFO - username:Christ@gmail.com successfully logged in
2025-09-28 17:21:46,006 - als auth logger - INFO - username:Christ@gmail.com successfully logged in
2025-09-28 17:34:33,741 - als auth logger - INFO - username:Christ@gmail.com successfully logged in
2025-09-28 17:53:56,277 - als auth logger - INFO - username:Christ@gmail.com successfully logged in
2025-09-28 17:57:07,506 - als auth logger - INFO - username:Christ@gmail.com successfully logged in
2025-09-28 18:13:58,112 - als auth logger - INFO - username:Christ@gmail.com successfully logged in
2025-09-29 08:45:31,784 - als auth logger - INFO - username:Christ@gmail.com successfully logged in
2025-09-29 08:46:31,804 - als auth logger - INFO - username:Christ@gmail.com successfully logged in
2025-09-29 08:50:23,568 - als auth logger - INFO - username:Christ@gmail.com successfully logged in
2025-09-29 08:51:34,174 - als auth logger - INFO - username:Christ@gmail.com successfully logged in
2025-09-29 08:52:25,466 - als auth logger - INFO - username:Christ@gmail.com successfully logged in
2025-09-29 13:02:22,286 - als auth logger - INFO - username:Christ@gmail.com successfully logged in
2025-09-29 13:20:54,099 - als auth logger - INFO - username:Christ@gmail.com successfully logged in
2025-09-29 13:21:18,679 - als auth logger - INFO - username:Christ@gmail.com successfully logged in
2025-09-29 16:10:40,257 - als auth logger - INFO - username:Christ@gmail.com successfully logged in
2025-09-29 16:11:43,080 - als auth logger - INFO - username:Christ@gmail.com successfully logged in
2025-09-29 16:12:30,705 - als auth logger - INFO - username:Christ@gmail.com successfully logged in
2025-10-22 15:30:34,107 - als auth logger - INFO - user:jesus_dougg@gmail.com successfully registered
2025-11-12 08:18:19,908 - als auth logger - ERROR - an internal server error occurred while registering user:dave@gmail.com:Could not determine join condition between parent/child tables on relationship campaign_tbl.campaign_rules - there are no foreign keys linking these tables.  Ensure that referencing columns are associated with a ForeignKey or ForeignKeyConstraint, or specify a 'primaryjoin' expression.
Traceback (most recent call last):
  File "C:\Users\iconaf\AppData\Local\Programs\Python\Python313\Lib\site-packages\sqlalchemy\orm\relationships.py", line 2434, in _determine_joins
    self.primaryjoin = join_condition(
                       ~~~~~~~~~~~~~~^
        self.parent_persist_selectable,
        ^^^^^^^^^^^^^^^^^^^^^^^^^^^^^^^
    ...<2 lines>...
        consider_as_foreign_keys=consider_as_foreign_keys,
        ^^^^^^^^^^^^^^^^^^^^^^^^^^^^^^^^^^^^^^^^^^^^^^^^^^
    )
    ^
  File "C:\Users\iconaf\AppData\Local\Programs\Python\Python313\Lib\site-packages\sqlalchemy\sql\util.py", line 121, in join_condition
    return Join._join_condition(
           ~~~~~~~~~~~~~~~~~~~~^
        a,
        ^^
    ...<2 lines>...
        consider_as_foreign_keys=consider_as_foreign_keys,
        ^^^^^^^^^^^^^^^^^^^^^^^^^^^^^^^^^^^^^^^^^^^^^^^^^^
    )
    ^
  File "C:\Users\iconaf\AppData\Local\Programs\Python\Python313\Lib\site-packages\sqlalchemy\sql\selectable.py", line 1447, in _join_condition
    raise exc.NoForeignKeysError(
    ...<3 lines>...
    )
sqlalchemy.exc.NoForeignKeysError: Can't find any foreign key relationships between 'campaign_tbl' and 'campaign_rule_tbl'.

The above exception was the direct cause of the following exception:

Traceback (most recent call last):
  File "C:\Users\iconaf\Documents\als_folder\als_backend_api\crud\users.py", line 19, in create_user
    user_resource=await session.execute(user_query)
                  ^^^^^^^^^^^^^^^^^^^^^^^^^^^^^^^^^
  File "C:\Users\iconaf\AppData\Local\Programs\Python\Python313\Lib\site-packages\sqlmodel\ext\asyncio\session.py", line 143, in execute
    return await super().execute(
           ^^^^^^^^^^^^^^^^^^^^^^
    ...<6 lines>...
    )
    ^
  File "C:\Users\iconaf\AppData\Local\Programs\Python\Python313\Lib\site-packages\sqlalchemy\ext\asyncio\session.py", line 449, in execute
    result = await greenlet_spawn(
             ^^^^^^^^^^^^^^^^^^^^^
    ...<6 lines>...
    )
    ^
  File "C:\Users\iconaf\AppData\Local\Programs\Python\Python313\Lib\site-packages\sqlalchemy\util\_concurrency_py3k.py", line 203, in greenlet_spawn
    result = context.switch(value)
  File "C:\Users\iconaf\AppData\Local\Programs\Python\Python313\Lib\site-packages\sqlmodel\orm\session.py", line 127, in execute
    return super().execute(
           ~~~~~~~~~~~~~~~^
        statement,
        ^^^^^^^^^^
    ...<4 lines>...
        _add_event=_add_event,
        ^^^^^^^^^^^^^^^^^^^^^^
    )
    ^
  File "C:\Users\iconaf\AppData\Local\Programs\Python\Python313\Lib\site-packages\sqlalchemy\orm\session.py", line 2351, in execute
    return self._execute_internal(
           ~~~~~~~~~~~~~~~~~~~~~~^
        statement,
        ^^^^^^^^^^
    ...<4 lines>...
        _add_event=_add_event,
        ^^^^^^^^^^^^^^^^^^^^^^
    )
    ^
  File "C:\Users\iconaf\AppData\Local\Programs\Python\Python313\Lib\site-packages\sqlalchemy\orm\session.py", line 2249, in _execute_internal
    result: Result[Any] = compile_state_cls.orm_execute_statement(
                          ~~~~~~~~~~~~~~~~~~~~~~~~~~~~~~~~~~~~~~~^
        self,
        ^^^^^
    ...<4 lines>...
        conn,
        ^^^^^
    )
    ^
  File "C:\Users\iconaf\AppData\Local\Programs\Python\Python313\Lib\site-packages\sqlalchemy\orm\context.py", line 306, in orm_execute_statement
    result = conn.execute(
        statement, params or {}, execution_options=execution_options
    )
  File "C:\Users\iconaf\AppData\Local\Programs\Python\Python313\Lib\site-packages\sqlalchemy\engine\base.py", line 1419, in execute
    return meth(
        self,
        distilled_parameters,
        execution_options or NO_OPTIONS,
    )
  File "C:\Users\iconaf\AppData\Local\Programs\Python\Python313\Lib\site-packages\sqlalchemy\sql\elements.py", line 526, in _execute_on_connection
    return connection._execute_clauseelement(
           ~~~~~~~~~~~~~~~~~~~~~~~~~~~~~~~~~^
        self, distilled_params, execution_options
        ^^^^^^^^^^^^^^^^^^^^^^^^^^^^^^^^^^^^^^^^^
    )
    ^
  File "C:\Users\iconaf\AppData\Local\Programs\Python\Python313\Lib\site-packages\sqlalchemy\engine\base.py", line 1633, in _execute_clauseelement
    compiled_sql, extracted_params, cache_hit = elem._compile_w_cache(
                                                ~~~~~~~~~~~~~~~~~~~~~^
        dialect=dialect,
        ^^^^^^^^^^^^^^^^
    ...<4 lines>...
        linting=self.dialect.compiler_linting | compiler.WARN_LINTING,
        ^^^^^^^^^^^^^^^^^^^^^^^^^^^^^^^^^^^^^^^^^^^^^^^^^^^^^^^^^^^^^^
    )
    ^
  File "C:\Users\iconaf\AppData\Local\Programs\Python\Python313\Lib\site-packages\sqlalchemy\sql\elements.py", line 715, in _compile_w_cache
    compiled_sql = self._compiler(
        dialect,
    ...<4 lines>...
        **kw,
    )
  File "C:\Users\iconaf\AppData\Local\Programs\Python\Python313\Lib\site-packages\sqlalchemy\sql\elements.py", line 323, in _compiler
    return dialect.statement_compiler(dialect, self, **kw)
           ~~~~~~~~~~~~~~~~~~~~~~~~~~^^^^^^^^^^^^^^^^^^^^^
  File "C:\Users\iconaf\AppData\Local\Programs\Python\Python313\Lib\site-packages\sqlalchemy\sql\compiler.py", line 1446, in __init__
    Compiled.__init__(self, dialect, statement, **kwargs)
    ~~~~~~~~~~~~~~~~~^^^^^^^^^^^^^^^^^^^^^^^^^^^^^^^^^^^^
  File "C:\Users\iconaf\AppData\Local\Programs\Python\Python313\Lib\site-packages\sqlalchemy\sql\compiler.py", line 886, in __init__
    self.string = self.process(self.statement, **compile_kwargs)
                  ~~~~~~~~~~~~^^^^^^^^^^^^^^^^^^^^^^^^^^^^^^^^^^
  File "C:\Users\iconaf\AppData\Local\Programs\Python\Python313\Lib\site-packages\sqlalchemy\sql\compiler.py", line 932, in process
    return obj._compiler_dispatch(self, **kwargs)
           ~~~~~~~~~~~~~~~~~~~~~~^^^^^^^^^^^^^^^^
  File "C:\Users\iconaf\AppData\Local\Programs\Python\Python313\Lib\site-packages\sqlalchemy\sql\visitors.py", line 138, in _compiler_dispatch
    return meth(self, **kw)  # type: ignore  # noqa: E501
  File "C:\Users\iconaf\AppData\Local\Programs\Python\Python313\Lib\site-packages\sqlalchemy\sql\compiler.py", line 4781, in visit_select
    compile_state = select_stmt._compile_state_factory(
        select_stmt, self, **kwargs
    )
  File "C:\Users\iconaf\AppData\Local\Programs\Python\Python313\Lib\site-packages\sqlalchemy\sql\base.py", line 701, in create_for_statement
    return klass.create_for_statement(statement, compiler, **kw)
           ~~~~~~~~~~~~~~~~~~~~~~~~~~^^^^^^^^^^^^^^^^^^^^^^^^^^^
  File "C:\Users\iconaf\AppData\Local\Programs\Python\Python313\Lib\site-packages\sqlalchemy\orm\context.py", line 447, in create_for_statement
    return cls._create_orm_context(
           ~~~~~~~~~~~~~~~~~~~~~~~^
        cast("Union[Select, FromStatement]", statement),
        ^^^^^^^^^^^^^^^^^^^^^^^^^^^^^^^^^^^^^^^^^^^^^^^^
    ...<2 lines>...
        **kw,
        ^^^^^
    )
    ^
  File "C:\Users\iconaf\AppData\Local\Programs\Python\Python313\Lib\site-packages\sqlalchemy\orm\context.py", line 1175, in _create_orm_context
    _QueryEntity.to_compile_state(
    ~~~~~~~~~~~~~~~~~~~~~~~~~~~~~^
        self,
        ^^^^^
    ...<2 lines>...
        is_current_entities=True,
        ^^^^^^^^^^^^^^^^^^^^^^^^^
    )
    ^
  File "C:\Users\iconaf\AppData\Local\Programs\Python\Python313\Lib\site-packages\sqlalchemy\orm\context.py", line 2628, in to_compile_state
    _MapperEntity(
    ~~~~~~~~~~~~~^
        compile_state,
        ^^^^^^^^^^^^^^
    ...<2 lines>...
        is_current_entities,
        ^^^^^^^^^^^^^^^^^^^^
    )
    ^
  File "C:\Users\iconaf\AppData\Local\Programs\Python\Python313\Lib\site-packages\sqlalchemy\orm\context.py", line 2708, in __init__
    entity._post_inspect
  File "C:\Users\iconaf\AppData\Local\Programs\Python\Python313\Lib\site-packages\sqlalchemy\util\langhelpers.py", line 1338, in __get__
    obj.__dict__[self.__name__] = result = self.fget(obj)
                                           ~~~~~~~~~^^^^^
  File "C:\Users\iconaf\AppData\Local\Programs\Python\Python313\Lib\site-packages\sqlalchemy\orm\mapper.py", line 2724, in _post_inspect
    self._check_configure()
    ~~~~~~~~~~~~~~~~~~~~~^^
  File "C:\Users\iconaf\AppData\Local\Programs\Python\Python313\Lib\site-packages\sqlalchemy\orm\mapper.py", line 2401, in _check_configure
    _configure_registries({self.registry}, cascade=True)
    ~~~~~~~~~~~~~~~~~~~~~^^^^^^^^^^^^^^^^^^^^^^^^^^^^^^^
  File "C:\Users\iconaf\AppData\Local\Programs\Python\Python313\Lib\site-packages\sqlalchemy\orm\mapper.py", line 4218, in _configure_registries
    _do_configure_registries(registries, cascade)
    ~~~~~~~~~~~~~~~~~~~~~~~~^^^^^^^^^^^^^^^^^^^^^
  File "C:\Users\iconaf\AppData\Local\Programs\Python\Python313\Lib\site-packages\sqlalchemy\orm\mapper.py", line 4259, in _do_configure_registries
    mapper._post_configure_properties()
    ~~~~~~~~~~~~~~~~~~~~~~~~~~~~~~~~~^^
  File "C:\Users\iconaf\AppData\Local\Programs\Python\Python313\Lib\site-packages\sqlalchemy\orm\mapper.py", line 2418, in _post_configure_properties
    prop.init()
    ~~~~~~~~~^^
  File "C:\Users\iconaf\AppData\Local\Programs\Python\Python313\Lib\site-packages\sqlalchemy\orm\interfaces.py", line 595, in init
    self.do_init()
    ~~~~~~~~~~~~^^
  File "C:\Users\iconaf\AppData\Local\Programs\Python\Python313\Lib\site-packages\sqlalchemy\orm\relationships.py", line 1657, in do_init
    self._setup_join_conditions()
    ~~~~~~~~~~~~~~~~~~~~~~~~~~~^^
  File "C:\Users\iconaf\AppData\Local\Programs\Python\Python313\Lib\site-packages\sqlalchemy\orm\relationships.py", line 1895, in _setup_join_conditions
    self._join_condition = jc = JoinCondition(
                                ~~~~~~~~~~~~~^
        parent_persist_selectable=self.parent.persist_selectable,
        ^^^^^^^^^^^^^^^^^^^^^^^^^^^^^^^^^^^^^^^^^^^^^^^^^^^^^^^^^
    ...<14 lines>...
        can_be_synced_fn=self._columns_are_mapped,
        ^^^^^^^^^^^^^^^^^^^^^^^^^^^^^^^^^^^^^^^^^^
    )
    ^
  File "C:\Users\iconaf\AppData\Local\Programs\Python\Python313\Lib\site-packages\sqlalchemy\orm\relationships.py", line 2321, in __init__
    self._determine_joins()
    ~~~~~~~~~~~~~~~~~~~~~^^
  File "C:\Users\iconaf\AppData\Local\Programs\Python\Python313\Lib\site-packages\sqlalchemy\orm\relationships.py", line 2455, in _determine_joins
    raise sa_exc.NoForeignKeysError(
    ...<7 lines>...
    ) from nfe
sqlalchemy.exc.NoForeignKeysError: Could not determine join condition between parent/child tables on relationship campaign_tbl.campaign_rules - there are no foreign keys linking these tables.  Ensure that referencing columns are associated with a ForeignKey or ForeignKeyConstraint, or specify a 'primaryjoin' expression.
2025-11-12 08:18:19,908 - als auth logger - ERROR - an internal server error occurred while registering user:dave@gmail.com:Could not determine join condition between parent/child tables on relationship campaign_tbl.campaign_rules - there are no foreign keys linking these tables.  Ensure that referencing columns are associated with a ForeignKey or ForeignKeyConstraint, or specify a 'primaryjoin' expression.
Traceback (most recent call last):
  File "C:\Users\iconaf\AppData\Local\Programs\Python\Python313\Lib\site-packages\sqlalchemy\orm\relationships.py", line 2434, in _determine_joins
    self.primaryjoin = join_condition(
                       ~~~~~~~~~~~~~~^
        self.parent_persist_selectable,
        ^^^^^^^^^^^^^^^^^^^^^^^^^^^^^^^
    ...<2 lines>...
        consider_as_foreign_keys=consider_as_foreign_keys,
        ^^^^^^^^^^^^^^^^^^^^^^^^^^^^^^^^^^^^^^^^^^^^^^^^^^
    )
    ^
  File "C:\Users\iconaf\AppData\Local\Programs\Python\Python313\Lib\site-packages\sqlalchemy\sql\util.py", line 121, in join_condition
    return Join._join_condition(
           ~~~~~~~~~~~~~~~~~~~~^
        a,
        ^^
    ...<2 lines>...
        consider_as_foreign_keys=consider_as_foreign_keys,
        ^^^^^^^^^^^^^^^^^^^^^^^^^^^^^^^^^^^^^^^^^^^^^^^^^^
    )
    ^
  File "C:\Users\iconaf\AppData\Local\Programs\Python\Python313\Lib\site-packages\sqlalchemy\sql\selectable.py", line 1447, in _join_condition
    raise exc.NoForeignKeysError(
    ...<3 lines>...
    )
sqlalchemy.exc.NoForeignKeysError: Can't find any foreign key relationships between 'campaign_tbl' and 'campaign_rule_tbl'.

The above exception was the direct cause of the following exception:

Traceback (most recent call last):
  File "C:\Users\iconaf\Documents\als_folder\als_backend_api\crud\users.py", line 19, in create_user
    user_resource=await session.execute(user_query)
                  ^^^^^^^^^^^^^^^^^^^^^^^^^^^^^^^^^
  File "C:\Users\iconaf\AppData\Local\Programs\Python\Python313\Lib\site-packages\sqlmodel\ext\asyncio\session.py", line 143, in execute
    return await super().execute(
           ^^^^^^^^^^^^^^^^^^^^^^
    ...<6 lines>...
    )
    ^
  File "C:\Users\iconaf\AppData\Local\Programs\Python\Python313\Lib\site-packages\sqlalchemy\ext\asyncio\session.py", line 449, in execute
    result = await greenlet_spawn(
             ^^^^^^^^^^^^^^^^^^^^^
    ...<6 lines>...
    )
    ^
  File "C:\Users\iconaf\AppData\Local\Programs\Python\Python313\Lib\site-packages\sqlalchemy\util\_concurrency_py3k.py", line 203, in greenlet_spawn
    result = context.switch(value)
  File "C:\Users\iconaf\AppData\Local\Programs\Python\Python313\Lib\site-packages\sqlmodel\orm\session.py", line 127, in execute
    return super().execute(
           ~~~~~~~~~~~~~~~^
        statement,
        ^^^^^^^^^^
    ...<4 lines>...
        _add_event=_add_event,
        ^^^^^^^^^^^^^^^^^^^^^^
    )
    ^
  File "C:\Users\iconaf\AppData\Local\Programs\Python\Python313\Lib\site-packages\sqlalchemy\orm\session.py", line 2351, in execute
    return self._execute_internal(
           ~~~~~~~~~~~~~~~~~~~~~~^
        statement,
        ^^^^^^^^^^
    ...<4 lines>...
        _add_event=_add_event,
        ^^^^^^^^^^^^^^^^^^^^^^
    )
    ^
  File "C:\Users\iconaf\AppData\Local\Programs\Python\Python313\Lib\site-packages\sqlalchemy\orm\session.py", line 2249, in _execute_internal
    result: Result[Any] = compile_state_cls.orm_execute_statement(
                          ~~~~~~~~~~~~~~~~~~~~~~~~~~~~~~~~~~~~~~~^
        self,
        ^^^^^
    ...<4 lines>...
        conn,
        ^^^^^
    )
    ^
  File "C:\Users\iconaf\AppData\Local\Programs\Python\Python313\Lib\site-packages\sqlalchemy\orm\context.py", line 306, in orm_execute_statement
    result = conn.execute(
        statement, params or {}, execution_options=execution_options
    )
  File "C:\Users\iconaf\AppData\Local\Programs\Python\Python313\Lib\site-packages\sqlalchemy\engine\base.py", line 1419, in execute
    return meth(
        self,
        distilled_parameters,
        execution_options or NO_OPTIONS,
    )
  File "C:\Users\iconaf\AppData\Local\Programs\Python\Python313\Lib\site-packages\sqlalchemy\sql\elements.py", line 526, in _execute_on_connection
    return connection._execute_clauseelement(
           ~~~~~~~~~~~~~~~~~~~~~~~~~~~~~~~~~^
        self, distilled_params, execution_options
        ^^^^^^^^^^^^^^^^^^^^^^^^^^^^^^^^^^^^^^^^^
    )
    ^
  File "C:\Users\iconaf\AppData\Local\Programs\Python\Python313\Lib\site-packages\sqlalchemy\engine\base.py", line 1633, in _execute_clauseelement
    compiled_sql, extracted_params, cache_hit = elem._compile_w_cache(
                                                ~~~~~~~~~~~~~~~~~~~~~^
        dialect=dialect,
        ^^^^^^^^^^^^^^^^
    ...<4 lines>...
        linting=self.dialect.compiler_linting | compiler.WARN_LINTING,
        ^^^^^^^^^^^^^^^^^^^^^^^^^^^^^^^^^^^^^^^^^^^^^^^^^^^^^^^^^^^^^^
    )
    ^
  File "C:\Users\iconaf\AppData\Local\Programs\Python\Python313\Lib\site-packages\sqlalchemy\sql\elements.py", line 715, in _compile_w_cache
    compiled_sql = self._compiler(
        dialect,
    ...<4 lines>...
        **kw,
    )
  File "C:\Users\iconaf\AppData\Local\Programs\Python\Python313\Lib\site-packages\sqlalchemy\sql\elements.py", line 323, in _compiler
    return dialect.statement_compiler(dialect, self, **kw)
           ~~~~~~~~~~~~~~~~~~~~~~~~~~^^^^^^^^^^^^^^^^^^^^^
  File "C:\Users\iconaf\AppData\Local\Programs\Python\Python313\Lib\site-packages\sqlalchemy\sql\compiler.py", line 1446, in __init__
    Compiled.__init__(self, dialect, statement, **kwargs)
    ~~~~~~~~~~~~~~~~~^^^^^^^^^^^^^^^^^^^^^^^^^^^^^^^^^^^^
  File "C:\Users\iconaf\AppData\Local\Programs\Python\Python313\Lib\site-packages\sqlalchemy\sql\compiler.py", line 886, in __init__
    self.string = self.process(self.statement, **compile_kwargs)
                  ~~~~~~~~~~~~^^^^^^^^^^^^^^^^^^^^^^^^^^^^^^^^^^
  File "C:\Users\iconaf\AppData\Local\Programs\Python\Python313\Lib\site-packages\sqlalchemy\sql\compiler.py", line 932, in process
    return obj._compiler_dispatch(self, **kwargs)
           ~~~~~~~~~~~~~~~~~~~~~~^^^^^^^^^^^^^^^^
  File "C:\Users\iconaf\AppData\Local\Programs\Python\Python313\Lib\site-packages\sqlalchemy\sql\visitors.py", line 138, in _compiler_dispatch
    return meth(self, **kw)  # type: ignore  # noqa: E501
  File "C:\Users\iconaf\AppData\Local\Programs\Python\Python313\Lib\site-packages\sqlalchemy\sql\compiler.py", line 4781, in visit_select
    compile_state = select_stmt._compile_state_factory(
        select_stmt, self, **kwargs
    )
  File "C:\Users\iconaf\AppData\Local\Programs\Python\Python313\Lib\site-packages\sqlalchemy\sql\base.py", line 701, in create_for_statement
    return klass.create_for_statement(statement, compiler, **kw)
           ~~~~~~~~~~~~~~~~~~~~~~~~~~^^^^^^^^^^^^^^^^^^^^^^^^^^^
  File "C:\Users\iconaf\AppData\Local\Programs\Python\Python313\Lib\site-packages\sqlalchemy\orm\context.py", line 447, in create_for_statement
    return cls._create_orm_context(
           ~~~~~~~~~~~~~~~~~~~~~~~^
        cast("Union[Select, FromStatement]", statement),
        ^^^^^^^^^^^^^^^^^^^^^^^^^^^^^^^^^^^^^^^^^^^^^^^^
    ...<2 lines>...
        **kw,
        ^^^^^
    )
    ^
  File "C:\Users\iconaf\AppData\Local\Programs\Python\Python313\Lib\site-packages\sqlalchemy\orm\context.py", line 1175, in _create_orm_context
    _QueryEntity.to_compile_state(
    ~~~~~~~~~~~~~~~~~~~~~~~~~~~~~^
        self,
        ^^^^^
    ...<2 lines>...
        is_current_entities=True,
        ^^^^^^^^^^^^^^^^^^^^^^^^^
    )
    ^
  File "C:\Users\iconaf\AppData\Local\Programs\Python\Python313\Lib\site-packages\sqlalchemy\orm\context.py", line 2628, in to_compile_state
    _MapperEntity(
    ~~~~~~~~~~~~~^
        compile_state,
        ^^^^^^^^^^^^^^
    ...<2 lines>...
        is_current_entities,
        ^^^^^^^^^^^^^^^^^^^^
    )
    ^
  File "C:\Users\iconaf\AppData\Local\Programs\Python\Python313\Lib\site-packages\sqlalchemy\orm\context.py", line 2708, in __init__
    entity._post_inspect
  File "C:\Users\iconaf\AppData\Local\Programs\Python\Python313\Lib\site-packages\sqlalchemy\util\langhelpers.py", line 1338, in __get__
    obj.__dict__[self.__name__] = result = self.fget(obj)
                                           ~~~~~~~~~^^^^^
  File "C:\Users\iconaf\AppData\Local\Programs\Python\Python313\Lib\site-packages\sqlalchemy\orm\mapper.py", line 2724, in _post_inspect
    self._check_configure()
    ~~~~~~~~~~~~~~~~~~~~~^^
  File "C:\Users\iconaf\AppData\Local\Programs\Python\Python313\Lib\site-packages\sqlalchemy\orm\mapper.py", line 2401, in _check_configure
    _configure_registries({self.registry}, cascade=True)
    ~~~~~~~~~~~~~~~~~~~~~^^^^^^^^^^^^^^^^^^^^^^^^^^^^^^^
  File "C:\Users\iconaf\AppData\Local\Programs\Python\Python313\Lib\site-packages\sqlalchemy\orm\mapper.py", line 4218, in _configure_registries
    _do_configure_registries(registries, cascade)
    ~~~~~~~~~~~~~~~~~~~~~~~~^^^^^^^^^^^^^^^^^^^^^
  File "C:\Users\iconaf\AppData\Local\Programs\Python\Python313\Lib\site-packages\sqlalchemy\orm\mapper.py", line 4259, in _do_configure_registries
    mapper._post_configure_properties()
    ~~~~~~~~~~~~~~~~~~~~~~~~~~~~~~~~~^^
  File "C:\Users\iconaf\AppData\Local\Programs\Python\Python313\Lib\site-packages\sqlalchemy\orm\mapper.py", line 2418, in _post_configure_properties
    prop.init()
    ~~~~~~~~~^^
  File "C:\Users\iconaf\AppData\Local\Programs\Python\Python313\Lib\site-packages\sqlalchemy\orm\interfaces.py", line 595, in init
    self.do_init()
    ~~~~~~~~~~~~^^
  File "C:\Users\iconaf\AppData\Local\Programs\Python\Python313\Lib\site-packages\sqlalchemy\orm\relationships.py", line 1657, in do_init
    self._setup_join_conditions()
    ~~~~~~~~~~~~~~~~~~~~~~~~~~~^^
  File "C:\Users\iconaf\AppData\Local\Programs\Python\Python313\Lib\site-packages\sqlalchemy\orm\relationships.py", line 1895, in _setup_join_conditions
    self._join_condition = jc = JoinCondition(
                                ~~~~~~~~~~~~~^
        parent_persist_selectable=self.parent.persist_selectable,
        ^^^^^^^^^^^^^^^^^^^^^^^^^^^^^^^^^^^^^^^^^^^^^^^^^^^^^^^^^
    ...<14 lines>...
        can_be_synced_fn=self._columns_are_mapped,
        ^^^^^^^^^^^^^^^^^^^^^^^^^^^^^^^^^^^^^^^^^^
    )
    ^
  File "C:\Users\iconaf\AppData\Local\Programs\Python\Python313\Lib\site-packages\sqlalchemy\orm\relationships.py", line 2321, in __init__
    self._determine_joins()
    ~~~~~~~~~~~~~~~~~~~~~^^
  File "C:\Users\iconaf\AppData\Local\Programs\Python\Python313\Lib\site-packages\sqlalchemy\orm\relationships.py", line 2455, in _determine_joins
    raise sa_exc.NoForeignKeysError(
    ...<7 lines>...
    ) from nfe
sqlalchemy.exc.NoForeignKeysError: Could not determine join condition between parent/child tables on relationship campaign_tbl.campaign_rules - there are no foreign keys linking these tables.  Ensure that referencing columns are associated with a ForeignKey or ForeignKeyConstraint, or specify a 'primaryjoin' expression.
2025-11-12 08:18:52,199 - als auth logger - ERROR - an internal server error occurred while registering user:dave@gmail.com:Could not determine join condition between parent/child tables on relationship campaign_tbl.campaign_rules - there are no foreign keys linking these tables.  Ensure that referencing columns are associated with a ForeignKey or ForeignKeyConstraint, or specify a 'primaryjoin' expression.
Traceback (most recent call last):
  File "C:\Users\iconaf\AppData\Local\Programs\Python\Python313\Lib\site-packages\sqlalchemy\orm\relationships.py", line 2434, in _determine_joins
    self.primaryjoin = join_condition(
                       ~~~~~~~~~~~~~~^
        self.parent_persist_selectable,
        ^^^^^^^^^^^^^^^^^^^^^^^^^^^^^^^
    ...<2 lines>...
        consider_as_foreign_keys=consider_as_foreign_keys,
        ^^^^^^^^^^^^^^^^^^^^^^^^^^^^^^^^^^^^^^^^^^^^^^^^^^
    )
    ^
  File "C:\Users\iconaf\AppData\Local\Programs\Python\Python313\Lib\site-packages\sqlalchemy\sql\util.py", line 121, in join_condition
    return Join._join_condition(
           ~~~~~~~~~~~~~~~~~~~~^
        a,
        ^^
    ...<2 lines>...
        consider_as_foreign_keys=consider_as_foreign_keys,
        ^^^^^^^^^^^^^^^^^^^^^^^^^^^^^^^^^^^^^^^^^^^^^^^^^^
    )
    ^
  File "C:\Users\iconaf\AppData\Local\Programs\Python\Python313\Lib\site-packages\sqlalchemy\sql\selectable.py", line 1447, in _join_condition
    raise exc.NoForeignKeysError(
    ...<3 lines>...
    )
sqlalchemy.exc.NoForeignKeysError: Can't find any foreign key relationships between 'campaign_tbl' and 'campaign_rule_tbl'.

The above exception was the direct cause of the following exception:

Traceback (most recent call last):
  File "C:\Users\iconaf\Documents\als_folder\als_backend_api\crud\users.py", line 19, in create_user
    user_resource=await session.execute(user_query)
                  ^^^^^^^^^^^^^^^^^^^^^^^^^^^^^^^^^
  File "C:\Users\iconaf\AppData\Local\Programs\Python\Python313\Lib\site-packages\sqlmodel\ext\asyncio\session.py", line 143, in execute
    return await super().execute(
           ^^^^^^^^^^^^^^^^^^^^^^
    ...<6 lines>...
    )
    ^
  File "C:\Users\iconaf\AppData\Local\Programs\Python\Python313\Lib\site-packages\sqlalchemy\ext\asyncio\session.py", line 449, in execute
    result = await greenlet_spawn(
             ^^^^^^^^^^^^^^^^^^^^^
    ...<6 lines>...
    )
    ^
  File "C:\Users\iconaf\AppData\Local\Programs\Python\Python313\Lib\site-packages\sqlalchemy\util\_concurrency_py3k.py", line 203, in greenlet_spawn
    result = context.switch(value)
  File "C:\Users\iconaf\AppData\Local\Programs\Python\Python313\Lib\site-packages\sqlmodel\orm\session.py", line 127, in execute
    return super().execute(
           ~~~~~~~~~~~~~~~^
        statement,
        ^^^^^^^^^^
    ...<4 lines>...
        _add_event=_add_event,
        ^^^^^^^^^^^^^^^^^^^^^^
    )
    ^
  File "C:\Users\iconaf\AppData\Local\Programs\Python\Python313\Lib\site-packages\sqlalchemy\orm\session.py", line 2351, in execute
    return self._execute_internal(
           ~~~~~~~~~~~~~~~~~~~~~~^
        statement,
        ^^^^^^^^^^
    ...<4 lines>...
        _add_event=_add_event,
        ^^^^^^^^^^^^^^^^^^^^^^
    )
    ^
  File "C:\Users\iconaf\AppData\Local\Programs\Python\Python313\Lib\site-packages\sqlalchemy\orm\session.py", line 2249, in _execute_internal
    result: Result[Any] = compile_state_cls.orm_execute_statement(
                          ~~~~~~~~~~~~~~~~~~~~~~~~~~~~~~~~~~~~~~~^
        self,
        ^^^^^
    ...<4 lines>...
        conn,
        ^^^^^
    )
    ^
  File "C:\Users\iconaf\AppData\Local\Programs\Python\Python313\Lib\site-packages\sqlalchemy\orm\context.py", line 306, in orm_execute_statement
    result = conn.execute(
        statement, params or {}, execution_options=execution_options
    )
  File "C:\Users\iconaf\AppData\Local\Programs\Python\Python313\Lib\site-packages\sqlalchemy\engine\base.py", line 1419, in execute
    return meth(
        self,
        distilled_parameters,
        execution_options or NO_OPTIONS,
    )
  File "C:\Users\iconaf\AppData\Local\Programs\Python\Python313\Lib\site-packages\sqlalchemy\sql\elements.py", line 526, in _execute_on_connection
    return connection._execute_clauseelement(
           ~~~~~~~~~~~~~~~~~~~~~~~~~~~~~~~~~^
        self, distilled_params, execution_options
        ^^^^^^^^^^^^^^^^^^^^^^^^^^^^^^^^^^^^^^^^^
    )
    ^
  File "C:\Users\iconaf\AppData\Local\Programs\Python\Python313\Lib\site-packages\sqlalchemy\engine\base.py", line 1633, in _execute_clauseelement
    compiled_sql, extracted_params, cache_hit = elem._compile_w_cache(
                                                ~~~~~~~~~~~~~~~~~~~~~^
        dialect=dialect,
        ^^^^^^^^^^^^^^^^
    ...<4 lines>...
        linting=self.dialect.compiler_linting | compiler.WARN_LINTING,
        ^^^^^^^^^^^^^^^^^^^^^^^^^^^^^^^^^^^^^^^^^^^^^^^^^^^^^^^^^^^^^^
    )
    ^
  File "C:\Users\iconaf\AppData\Local\Programs\Python\Python313\Lib\site-packages\sqlalchemy\sql\elements.py", line 715, in _compile_w_cache
    compiled_sql = self._compiler(
        dialect,
    ...<4 lines>...
        **kw,
    )
  File "C:\Users\iconaf\AppData\Local\Programs\Python\Python313\Lib\site-packages\sqlalchemy\sql\elements.py", line 323, in _compiler
    return dialect.statement_compiler(dialect, self, **kw)
           ~~~~~~~~~~~~~~~~~~~~~~~~~~^^^^^^^^^^^^^^^^^^^^^
  File "C:\Users\iconaf\AppData\Local\Programs\Python\Python313\Lib\site-packages\sqlalchemy\sql\compiler.py", line 1446, in __init__
    Compiled.__init__(self, dialect, statement, **kwargs)
    ~~~~~~~~~~~~~~~~~^^^^^^^^^^^^^^^^^^^^^^^^^^^^^^^^^^^^
  File "C:\Users\iconaf\AppData\Local\Programs\Python\Python313\Lib\site-packages\sqlalchemy\sql\compiler.py", line 886, in __init__
    self.string = self.process(self.statement, **compile_kwargs)
                  ~~~~~~~~~~~~^^^^^^^^^^^^^^^^^^^^^^^^^^^^^^^^^^
  File "C:\Users\iconaf\AppData\Local\Programs\Python\Python313\Lib\site-packages\sqlalchemy\sql\compiler.py", line 932, in process
    return obj._compiler_dispatch(self, **kwargs)
           ~~~~~~~~~~~~~~~~~~~~~~^^^^^^^^^^^^^^^^
  File "C:\Users\iconaf\AppData\Local\Programs\Python\Python313\Lib\site-packages\sqlalchemy\sql\visitors.py", line 138, in _compiler_dispatch
    return meth(self, **kw)  # type: ignore  # noqa: E501
  File "C:\Users\iconaf\AppData\Local\Programs\Python\Python313\Lib\site-packages\sqlalchemy\sql\compiler.py", line 4781, in visit_select
    compile_state = select_stmt._compile_state_factory(
        select_stmt, self, **kwargs
    )
  File "C:\Users\iconaf\AppData\Local\Programs\Python\Python313\Lib\site-packages\sqlalchemy\sql\base.py", line 701, in create_for_statement
    return klass.create_for_statement(statement, compiler, **kw)
           ~~~~~~~~~~~~~~~~~~~~~~~~~~^^^^^^^^^^^^^^^^^^^^^^^^^^^
  File "C:\Users\iconaf\AppData\Local\Programs\Python\Python313\Lib\site-packages\sqlalchemy\orm\context.py", line 447, in create_for_statement
    return cls._create_orm_context(
           ~~~~~~~~~~~~~~~~~~~~~~~^
        cast("Union[Select, FromStatement]", statement),
        ^^^^^^^^^^^^^^^^^^^^^^^^^^^^^^^^^^^^^^^^^^^^^^^^
    ...<2 lines>...
        **kw,
        ^^^^^
    )
    ^
  File "C:\Users\iconaf\AppData\Local\Programs\Python\Python313\Lib\site-packages\sqlalchemy\orm\context.py", line 1175, in _create_orm_context
    _QueryEntity.to_compile_state(
    ~~~~~~~~~~~~~~~~~~~~~~~~~~~~~^
        self,
        ^^^^^
    ...<2 lines>...
        is_current_entities=True,
        ^^^^^^^^^^^^^^^^^^^^^^^^^
    )
    ^
  File "C:\Users\iconaf\AppData\Local\Programs\Python\Python313\Lib\site-packages\sqlalchemy\orm\context.py", line 2628, in to_compile_state
    _MapperEntity(
    ~~~~~~~~~~~~~^
        compile_state,
        ^^^^^^^^^^^^^^
    ...<2 lines>...
        is_current_entities,
        ^^^^^^^^^^^^^^^^^^^^
    )
    ^
  File "C:\Users\iconaf\AppData\Local\Programs\Python\Python313\Lib\site-packages\sqlalchemy\orm\context.py", line 2708, in __init__
    entity._post_inspect
  File "C:\Users\iconaf\AppData\Local\Programs\Python\Python313\Lib\site-packages\sqlalchemy\util\langhelpers.py", line 1338, in __get__
    obj.__dict__[self.__name__] = result = self.fget(obj)
                                           ~~~~~~~~~^^^^^
  File "C:\Users\iconaf\AppData\Local\Programs\Python\Python313\Lib\site-packages\sqlalchemy\orm\mapper.py", line 2724, in _post_inspect
    self._check_configure()
    ~~~~~~~~~~~~~~~~~~~~~^^
  File "C:\Users\iconaf\AppData\Local\Programs\Python\Python313\Lib\site-packages\sqlalchemy\orm\mapper.py", line 2401, in _check_configure
    _configure_registries({self.registry}, cascade=True)
    ~~~~~~~~~~~~~~~~~~~~~^^^^^^^^^^^^^^^^^^^^^^^^^^^^^^^
  File "C:\Users\iconaf\AppData\Local\Programs\Python\Python313\Lib\site-packages\sqlalchemy\orm\mapper.py", line 4218, in _configure_registries
    _do_configure_registries(registries, cascade)
    ~~~~~~~~~~~~~~~~~~~~~~~~^^^^^^^^^^^^^^^^^^^^^
  File "C:\Users\iconaf\AppData\Local\Programs\Python\Python313\Lib\site-packages\sqlalchemy\orm\mapper.py", line 4259, in _do_configure_registries
    mapper._post_configure_properties()
    ~~~~~~~~~~~~~~~~~~~~~~~~~~~~~~~~~^^
  File "C:\Users\iconaf\AppData\Local\Programs\Python\Python313\Lib\site-packages\sqlalchemy\orm\mapper.py", line 2418, in _post_configure_properties
    prop.init()
    ~~~~~~~~~^^
  File "C:\Users\iconaf\AppData\Local\Programs\Python\Python313\Lib\site-packages\sqlalchemy\orm\interfaces.py", line 595, in init
    self.do_init()
    ~~~~~~~~~~~~^^
  File "C:\Users\iconaf\AppData\Local\Programs\Python\Python313\Lib\site-packages\sqlalchemy\orm\relationships.py", line 1657, in do_init
    self._setup_join_conditions()
    ~~~~~~~~~~~~~~~~~~~~~~~~~~~^^
  File "C:\Users\iconaf\AppData\Local\Programs\Python\Python313\Lib\site-packages\sqlalchemy\orm\relationships.py", line 1895, in _setup_join_conditions
    self._join_condition = jc = JoinCondition(
                                ~~~~~~~~~~~~~^
        parent_persist_selectable=self.parent.persist_selectable,
        ^^^^^^^^^^^^^^^^^^^^^^^^^^^^^^^^^^^^^^^^^^^^^^^^^^^^^^^^^
    ...<14 lines>...
        can_be_synced_fn=self._columns_are_mapped,
        ^^^^^^^^^^^^^^^^^^^^^^^^^^^^^^^^^^^^^^^^^^
    )
    ^
  File "C:\Users\iconaf\AppData\Local\Programs\Python\Python313\Lib\site-packages\sqlalchemy\orm\relationships.py", line 2321, in __init__
    self._determine_joins()
    ~~~~~~~~~~~~~~~~~~~~~^^
  File "C:\Users\iconaf\AppData\Local\Programs\Python\Python313\Lib\site-packages\sqlalchemy\orm\relationships.py", line 2455, in _determine_joins
    raise sa_exc.NoForeignKeysError(
    ...<7 lines>...
    ) from nfe
sqlalchemy.exc.NoForeignKeysError: Could not determine join condition between parent/child tables on relationship campaign_tbl.campaign_rules - there are no foreign keys linking these tables.  Ensure that referencing columns are associated with a ForeignKey or ForeignKeyConstraint, or specify a 'primaryjoin' expression.
2025-11-12 08:18:52,199 - als auth logger - ERROR - an internal server error occurred while registering user:dave@gmail.com:Could not determine join condition between parent/child tables on relationship campaign_tbl.campaign_rules - there are no foreign keys linking these tables.  Ensure that referencing columns are associated with a ForeignKey or ForeignKeyConstraint, or specify a 'primaryjoin' expression.
Traceback (most recent call last):
  File "C:\Users\iconaf\AppData\Local\Programs\Python\Python313\Lib\site-packages\sqlalchemy\orm\relationships.py", line 2434, in _determine_joins
    self.primaryjoin = join_condition(
                       ~~~~~~~~~~~~~~^
        self.parent_persist_selectable,
        ^^^^^^^^^^^^^^^^^^^^^^^^^^^^^^^
    ...<2 lines>...
        consider_as_foreign_keys=consider_as_foreign_keys,
        ^^^^^^^^^^^^^^^^^^^^^^^^^^^^^^^^^^^^^^^^^^^^^^^^^^
    )
    ^
  File "C:\Users\iconaf\AppData\Local\Programs\Python\Python313\Lib\site-packages\sqlalchemy\sql\util.py", line 121, in join_condition
    return Join._join_condition(
           ~~~~~~~~~~~~~~~~~~~~^
        a,
        ^^
    ...<2 lines>...
        consider_as_foreign_keys=consider_as_foreign_keys,
        ^^^^^^^^^^^^^^^^^^^^^^^^^^^^^^^^^^^^^^^^^^^^^^^^^^
    )
    ^
  File "C:\Users\iconaf\AppData\Local\Programs\Python\Python313\Lib\site-packages\sqlalchemy\sql\selectable.py", line 1447, in _join_condition
    raise exc.NoForeignKeysError(
    ...<3 lines>...
    )
sqlalchemy.exc.NoForeignKeysError: Can't find any foreign key relationships between 'campaign_tbl' and 'campaign_rule_tbl'.

The above exception was the direct cause of the following exception:

Traceback (most recent call last):
  File "C:\Users\iconaf\Documents\als_folder\als_backend_api\crud\users.py", line 19, in create_user
    user_resource=await session.execute(user_query)
                  ^^^^^^^^^^^^^^^^^^^^^^^^^^^^^^^^^
  File "C:\Users\iconaf\AppData\Local\Programs\Python\Python313\Lib\site-packages\sqlmodel\ext\asyncio\session.py", line 143, in execute
    return await super().execute(
           ^^^^^^^^^^^^^^^^^^^^^^
    ...<6 lines>...
    )
    ^
  File "C:\Users\iconaf\AppData\Local\Programs\Python\Python313\Lib\site-packages\sqlalchemy\ext\asyncio\session.py", line 449, in execute
    result = await greenlet_spawn(
             ^^^^^^^^^^^^^^^^^^^^^
    ...<6 lines>...
    )
    ^
  File "C:\Users\iconaf\AppData\Local\Programs\Python\Python313\Lib\site-packages\sqlalchemy\util\_concurrency_py3k.py", line 203, in greenlet_spawn
    result = context.switch(value)
  File "C:\Users\iconaf\AppData\Local\Programs\Python\Python313\Lib\site-packages\sqlmodel\orm\session.py", line 127, in execute
    return super().execute(
           ~~~~~~~~~~~~~~~^
        statement,
        ^^^^^^^^^^
    ...<4 lines>...
        _add_event=_add_event,
        ^^^^^^^^^^^^^^^^^^^^^^
    )
    ^
  File "C:\Users\iconaf\AppData\Local\Programs\Python\Python313\Lib\site-packages\sqlalchemy\orm\session.py", line 2351, in execute
    return self._execute_internal(
           ~~~~~~~~~~~~~~~~~~~~~~^
        statement,
        ^^^^^^^^^^
    ...<4 lines>...
        _add_event=_add_event,
        ^^^^^^^^^^^^^^^^^^^^^^
    )
    ^
  File "C:\Users\iconaf\AppData\Local\Programs\Python\Python313\Lib\site-packages\sqlalchemy\orm\session.py", line 2249, in _execute_internal
    result: Result[Any] = compile_state_cls.orm_execute_statement(
                          ~~~~~~~~~~~~~~~~~~~~~~~~~~~~~~~~~~~~~~~^
        self,
        ^^^^^
    ...<4 lines>...
        conn,
        ^^^^^
    )
    ^
  File "C:\Users\iconaf\AppData\Local\Programs\Python\Python313\Lib\site-packages\sqlalchemy\orm\context.py", line 306, in orm_execute_statement
    result = conn.execute(
        statement, params or {}, execution_options=execution_options
    )
  File "C:\Users\iconaf\AppData\Local\Programs\Python\Python313\Lib\site-packages\sqlalchemy\engine\base.py", line 1419, in execute
    return meth(
        self,
        distilled_parameters,
        execution_options or NO_OPTIONS,
    )
  File "C:\Users\iconaf\AppData\Local\Programs\Python\Python313\Lib\site-packages\sqlalchemy\sql\elements.py", line 526, in _execute_on_connection
    return connection._execute_clauseelement(
           ~~~~~~~~~~~~~~~~~~~~~~~~~~~~~~~~~^
        self, distilled_params, execution_options
        ^^^^^^^^^^^^^^^^^^^^^^^^^^^^^^^^^^^^^^^^^
    )
    ^
  File "C:\Users\iconaf\AppData\Local\Programs\Python\Python313\Lib\site-packages\sqlalchemy\engine\base.py", line 1633, in _execute_clauseelement
    compiled_sql, extracted_params, cache_hit = elem._compile_w_cache(
                                                ~~~~~~~~~~~~~~~~~~~~~^
        dialect=dialect,
        ^^^^^^^^^^^^^^^^
    ...<4 lines>...
        linting=self.dialect.compiler_linting | compiler.WARN_LINTING,
        ^^^^^^^^^^^^^^^^^^^^^^^^^^^^^^^^^^^^^^^^^^^^^^^^^^^^^^^^^^^^^^
    )
    ^
  File "C:\Users\iconaf\AppData\Local\Programs\Python\Python313\Lib\site-packages\sqlalchemy\sql\elements.py", line 715, in _compile_w_cache
    compiled_sql = self._compiler(
        dialect,
    ...<4 lines>...
        **kw,
    )
  File "C:\Users\iconaf\AppData\Local\Programs\Python\Python313\Lib\site-packages\sqlalchemy\sql\elements.py", line 323, in _compiler
    return dialect.statement_compiler(dialect, self, **kw)
           ~~~~~~~~~~~~~~~~~~~~~~~~~~^^^^^^^^^^^^^^^^^^^^^
  File "C:\Users\iconaf\AppData\Local\Programs\Python\Python313\Lib\site-packages\sqlalchemy\sql\compiler.py", line 1446, in __init__
    Compiled.__init__(self, dialect, statement, **kwargs)
    ~~~~~~~~~~~~~~~~~^^^^^^^^^^^^^^^^^^^^^^^^^^^^^^^^^^^^
  File "C:\Users\iconaf\AppData\Local\Programs\Python\Python313\Lib\site-packages\sqlalchemy\sql\compiler.py", line 886, in __init__
    self.string = self.process(self.statement, **compile_kwargs)
                  ~~~~~~~~~~~~^^^^^^^^^^^^^^^^^^^^^^^^^^^^^^^^^^
  File "C:\Users\iconaf\AppData\Local\Programs\Python\Python313\Lib\site-packages\sqlalchemy\sql\compiler.py", line 932, in process
    return obj._compiler_dispatch(self, **kwargs)
           ~~~~~~~~~~~~~~~~~~~~~~^^^^^^^^^^^^^^^^
  File "C:\Users\iconaf\AppData\Local\Programs\Python\Python313\Lib\site-packages\sqlalchemy\sql\visitors.py", line 138, in _compiler_dispatch
    return meth(self, **kw)  # type: ignore  # noqa: E501
  File "C:\Users\iconaf\AppData\Local\Programs\Python\Python313\Lib\site-packages\sqlalchemy\sql\compiler.py", line 4781, in visit_select
    compile_state = select_stmt._compile_state_factory(
        select_stmt, self, **kwargs
    )
  File "C:\Users\iconaf\AppData\Local\Programs\Python\Python313\Lib\site-packages\sqlalchemy\sql\base.py", line 701, in create_for_statement
    return klass.create_for_statement(statement, compiler, **kw)
           ~~~~~~~~~~~~~~~~~~~~~~~~~~^^^^^^^^^^^^^^^^^^^^^^^^^^^
  File "C:\Users\iconaf\AppData\Local\Programs\Python\Python313\Lib\site-packages\sqlalchemy\orm\context.py", line 447, in create_for_statement
    return cls._create_orm_context(
           ~~~~~~~~~~~~~~~~~~~~~~~^
        cast("Union[Select, FromStatement]", statement),
        ^^^^^^^^^^^^^^^^^^^^^^^^^^^^^^^^^^^^^^^^^^^^^^^^
    ...<2 lines>...
        **kw,
        ^^^^^
    )
    ^
  File "C:\Users\iconaf\AppData\Local\Programs\Python\Python313\Lib\site-packages\sqlalchemy\orm\context.py", line 1175, in _create_orm_context
    _QueryEntity.to_compile_state(
    ~~~~~~~~~~~~~~~~~~~~~~~~~~~~~^
        self,
        ^^^^^
    ...<2 lines>...
        is_current_entities=True,
        ^^^^^^^^^^^^^^^^^^^^^^^^^
    )
    ^
  File "C:\Users\iconaf\AppData\Local\Programs\Python\Python313\Lib\site-packages\sqlalchemy\orm\context.py", line 2628, in to_compile_state
    _MapperEntity(
    ~~~~~~~~~~~~~^
        compile_state,
        ^^^^^^^^^^^^^^
    ...<2 lines>...
        is_current_entities,
        ^^^^^^^^^^^^^^^^^^^^
    )
    ^
  File "C:\Users\iconaf\AppData\Local\Programs\Python\Python313\Lib\site-packages\sqlalchemy\orm\context.py", line 2708, in __init__
    entity._post_inspect
  File "C:\Users\iconaf\AppData\Local\Programs\Python\Python313\Lib\site-packages\sqlalchemy\util\langhelpers.py", line 1338, in __get__
    obj.__dict__[self.__name__] = result = self.fget(obj)
                                           ~~~~~~~~~^^^^^
  File "C:\Users\iconaf\AppData\Local\Programs\Python\Python313\Lib\site-packages\sqlalchemy\orm\mapper.py", line 2724, in _post_inspect
    self._check_configure()
    ~~~~~~~~~~~~~~~~~~~~~^^
  File "C:\Users\iconaf\AppData\Local\Programs\Python\Python313\Lib\site-packages\sqlalchemy\orm\mapper.py", line 2401, in _check_configure
    _configure_registries({self.registry}, cascade=True)
    ~~~~~~~~~~~~~~~~~~~~~^^^^^^^^^^^^^^^^^^^^^^^^^^^^^^^
  File "C:\Users\iconaf\AppData\Local\Programs\Python\Python313\Lib\site-packages\sqlalchemy\orm\mapper.py", line 4218, in _configure_registries
    _do_configure_registries(registries, cascade)
    ~~~~~~~~~~~~~~~~~~~~~~~~^^^^^^^^^^^^^^^^^^^^^
  File "C:\Users\iconaf\AppData\Local\Programs\Python\Python313\Lib\site-packages\sqlalchemy\orm\mapper.py", line 4259, in _do_configure_registries
    mapper._post_configure_properties()
    ~~~~~~~~~~~~~~~~~~~~~~~~~~~~~~~~~^^
  File "C:\Users\iconaf\AppData\Local\Programs\Python\Python313\Lib\site-packages\sqlalchemy\orm\mapper.py", line 2418, in _post_configure_properties
    prop.init()
    ~~~~~~~~~^^
  File "C:\Users\iconaf\AppData\Local\Programs\Python\Python313\Lib\site-packages\sqlalchemy\orm\interfaces.py", line 595, in init
    self.do_init()
    ~~~~~~~~~~~~^^
  File "C:\Users\iconaf\AppData\Local\Programs\Python\Python313\Lib\site-packages\sqlalchemy\orm\relationships.py", line 1657, in do_init
    self._setup_join_conditions()
    ~~~~~~~~~~~~~~~~~~~~~~~~~~~^^
  File "C:\Users\iconaf\AppData\Local\Programs\Python\Python313\Lib\site-packages\sqlalchemy\orm\relationships.py", line 1895, in _setup_join_conditions
    self._join_condition = jc = JoinCondition(
                                ~~~~~~~~~~~~~^
        parent_persist_selectable=self.parent.persist_selectable,
        ^^^^^^^^^^^^^^^^^^^^^^^^^^^^^^^^^^^^^^^^^^^^^^^^^^^^^^^^^
    ...<14 lines>...
        can_be_synced_fn=self._columns_are_mapped,
        ^^^^^^^^^^^^^^^^^^^^^^^^^^^^^^^^^^^^^^^^^^
    )
    ^
  File "C:\Users\iconaf\AppData\Local\Programs\Python\Python313\Lib\site-packages\sqlalchemy\orm\relationships.py", line 2321, in __init__
    self._determine_joins()
    ~~~~~~~~~~~~~~~~~~~~~^^
  File "C:\Users\iconaf\AppData\Local\Programs\Python\Python313\Lib\site-packages\sqlalchemy\orm\relationships.py", line 2455, in _determine_joins
    raise sa_exc.NoForeignKeysError(
    ...<7 lines>...
    ) from nfe
sqlalchemy.exc.NoForeignKeysError: Could not determine join condition between parent/child tables on relationship campaign_tbl.campaign_rules - there are no foreign keys linking these tables.  Ensure that referencing columns are associated with a ForeignKey or ForeignKeyConstraint, or specify a 'primaryjoin' expression.
2025-11-12 08:19:45,412 - als auth logger - ERROR - an internal server error occurred while registering user:dave@gmail.com:Could not determine join condition between parent/child tables on relationship campaign_tbl.campaign_rules - there are no foreign keys linking these tables.  Ensure that referencing columns are associated with a ForeignKey or ForeignKeyConstraint, or specify a 'primaryjoin' expression.
Traceback (most recent call last):
  File "C:\Users\iconaf\AppData\Local\Programs\Python\Python313\Lib\site-packages\sqlalchemy\orm\relationships.py", line 2434, in _determine_joins
    self.primaryjoin = join_condition(
                       ~~~~~~~~~~~~~~^
        self.parent_persist_selectable,
        ^^^^^^^^^^^^^^^^^^^^^^^^^^^^^^^
    ...<2 lines>...
        consider_as_foreign_keys=consider_as_foreign_keys,
        ^^^^^^^^^^^^^^^^^^^^^^^^^^^^^^^^^^^^^^^^^^^^^^^^^^
    )
    ^
  File "C:\Users\iconaf\AppData\Local\Programs\Python\Python313\Lib\site-packages\sqlalchemy\sql\util.py", line 121, in join_condition
    return Join._join_condition(
           ~~~~~~~~~~~~~~~~~~~~^
        a,
        ^^
    ...<2 lines>...
        consider_as_foreign_keys=consider_as_foreign_keys,
        ^^^^^^^^^^^^^^^^^^^^^^^^^^^^^^^^^^^^^^^^^^^^^^^^^^
    )
    ^
  File "C:\Users\iconaf\AppData\Local\Programs\Python\Python313\Lib\site-packages\sqlalchemy\sql\selectable.py", line 1447, in _join_condition
    raise exc.NoForeignKeysError(
    ...<3 lines>...
    )
sqlalchemy.exc.NoForeignKeysError: Can't find any foreign key relationships between 'campaign_tbl' and 'campaign_rule_tbl'.

The above exception was the direct cause of the following exception:

Traceback (most recent call last):
  File "C:\Users\iconaf\Documents\als_folder\als_backend_api\crud\users.py", line 19, in create_user
    user_resource=await session.execute(user_query)
                  ^^^^^^^^^^^^^^^^^^^^^^^^^^^^^^^^^
  File "C:\Users\iconaf\AppData\Local\Programs\Python\Python313\Lib\site-packages\sqlmodel\ext\asyncio\session.py", line 143, in execute
    return await super().execute(
           ^^^^^^^^^^^^^^^^^^^^^^
    ...<6 lines>...
    )
    ^
  File "C:\Users\iconaf\AppData\Local\Programs\Python\Python313\Lib\site-packages\sqlalchemy\ext\asyncio\session.py", line 449, in execute
    result = await greenlet_spawn(
             ^^^^^^^^^^^^^^^^^^^^^
    ...<6 lines>...
    )
    ^
  File "C:\Users\iconaf\AppData\Local\Programs\Python\Python313\Lib\site-packages\sqlalchemy\util\_concurrency_py3k.py", line 203, in greenlet_spawn
    result = context.switch(value)
  File "C:\Users\iconaf\AppData\Local\Programs\Python\Python313\Lib\site-packages\sqlmodel\orm\session.py", line 127, in execute
    return super().execute(
           ~~~~~~~~~~~~~~~^
        statement,
        ^^^^^^^^^^
    ...<4 lines>...
        _add_event=_add_event,
        ^^^^^^^^^^^^^^^^^^^^^^
    )
    ^
  File "C:\Users\iconaf\AppData\Local\Programs\Python\Python313\Lib\site-packages\sqlalchemy\orm\session.py", line 2351, in execute
    return self._execute_internal(
           ~~~~~~~~~~~~~~~~~~~~~~^
        statement,
        ^^^^^^^^^^
    ...<4 lines>...
        _add_event=_add_event,
        ^^^^^^^^^^^^^^^^^^^^^^
    )
    ^
  File "C:\Users\iconaf\AppData\Local\Programs\Python\Python313\Lib\site-packages\sqlalchemy\orm\session.py", line 2249, in _execute_internal
    result: Result[Any] = compile_state_cls.orm_execute_statement(
                          ~~~~~~~~~~~~~~~~~~~~~~~~~~~~~~~~~~~~~~~^
        self,
        ^^^^^
    ...<4 lines>...
        conn,
        ^^^^^
    )
    ^
  File "C:\Users\iconaf\AppData\Local\Programs\Python\Python313\Lib\site-packages\sqlalchemy\orm\context.py", line 306, in orm_execute_statement
    result = conn.execute(
        statement, params or {}, execution_options=execution_options
    )
  File "C:\Users\iconaf\AppData\Local\Programs\Python\Python313\Lib\site-packages\sqlalchemy\engine\base.py", line 1419, in execute
    return meth(
        self,
        distilled_parameters,
        execution_options or NO_OPTIONS,
    )
  File "C:\Users\iconaf\AppData\Local\Programs\Python\Python313\Lib\site-packages\sqlalchemy\sql\elements.py", line 526, in _execute_on_connection
    return connection._execute_clauseelement(
           ~~~~~~~~~~~~~~~~~~~~~~~~~~~~~~~~~^
        self, distilled_params, execution_options
        ^^^^^^^^^^^^^^^^^^^^^^^^^^^^^^^^^^^^^^^^^
    )
    ^
  File "C:\Users\iconaf\AppData\Local\Programs\Python\Python313\Lib\site-packages\sqlalchemy\engine\base.py", line 1633, in _execute_clauseelement
    compiled_sql, extracted_params, cache_hit = elem._compile_w_cache(
                                                ~~~~~~~~~~~~~~~~~~~~~^
        dialect=dialect,
        ^^^^^^^^^^^^^^^^
    ...<4 lines>...
        linting=self.dialect.compiler_linting | compiler.WARN_LINTING,
        ^^^^^^^^^^^^^^^^^^^^^^^^^^^^^^^^^^^^^^^^^^^^^^^^^^^^^^^^^^^^^^
    )
    ^
  File "C:\Users\iconaf\AppData\Local\Programs\Python\Python313\Lib\site-packages\sqlalchemy\sql\elements.py", line 715, in _compile_w_cache
    compiled_sql = self._compiler(
        dialect,
    ...<4 lines>...
        **kw,
    )
  File "C:\Users\iconaf\AppData\Local\Programs\Python\Python313\Lib\site-packages\sqlalchemy\sql\elements.py", line 323, in _compiler
    return dialect.statement_compiler(dialect, self, **kw)
           ~~~~~~~~~~~~~~~~~~~~~~~~~~^^^^^^^^^^^^^^^^^^^^^
  File "C:\Users\iconaf\AppData\Local\Programs\Python\Python313\Lib\site-packages\sqlalchemy\sql\compiler.py", line 1446, in __init__
    Compiled.__init__(self, dialect, statement, **kwargs)
    ~~~~~~~~~~~~~~~~~^^^^^^^^^^^^^^^^^^^^^^^^^^^^^^^^^^^^
  File "C:\Users\iconaf\AppData\Local\Programs\Python\Python313\Lib\site-packages\sqlalchemy\sql\compiler.py", line 886, in __init__
    self.string = self.process(self.statement, **compile_kwargs)
                  ~~~~~~~~~~~~^^^^^^^^^^^^^^^^^^^^^^^^^^^^^^^^^^
  File "C:\Users\iconaf\AppData\Local\Programs\Python\Python313\Lib\site-packages\sqlalchemy\sql\compiler.py", line 932, in process
    return obj._compiler_dispatch(self, **kwargs)
           ~~~~~~~~~~~~~~~~~~~~~~^^^^^^^^^^^^^^^^
  File "C:\Users\iconaf\AppData\Local\Programs\Python\Python313\Lib\site-packages\sqlalchemy\sql\visitors.py", line 138, in _compiler_dispatch
    return meth(self, **kw)  # type: ignore  # noqa: E501
  File "C:\Users\iconaf\AppData\Local\Programs\Python\Python313\Lib\site-packages\sqlalchemy\sql\compiler.py", line 4781, in visit_select
    compile_state = select_stmt._compile_state_factory(
        select_stmt, self, **kwargs
    )
  File "C:\Users\iconaf\AppData\Local\Programs\Python\Python313\Lib\site-packages\sqlalchemy\sql\base.py", line 701, in create_for_statement
    return klass.create_for_statement(statement, compiler, **kw)
           ~~~~~~~~~~~~~~~~~~~~~~~~~~^^^^^^^^^^^^^^^^^^^^^^^^^^^
  File "C:\Users\iconaf\AppData\Local\Programs\Python\Python313\Lib\site-packages\sqlalchemy\orm\context.py", line 447, in create_for_statement
    return cls._create_orm_context(
           ~~~~~~~~~~~~~~~~~~~~~~~^
        cast("Union[Select, FromStatement]", statement),
        ^^^^^^^^^^^^^^^^^^^^^^^^^^^^^^^^^^^^^^^^^^^^^^^^
    ...<2 lines>...
        **kw,
        ^^^^^
    )
    ^
  File "C:\Users\iconaf\AppData\Local\Programs\Python\Python313\Lib\site-packages\sqlalchemy\orm\context.py", line 1175, in _create_orm_context
    _QueryEntity.to_compile_state(
    ~~~~~~~~~~~~~~~~~~~~~~~~~~~~~^
        self,
        ^^^^^
    ...<2 lines>...
        is_current_entities=True,
        ^^^^^^^^^^^^^^^^^^^^^^^^^
    )
    ^
  File "C:\Users\iconaf\AppData\Local\Programs\Python\Python313\Lib\site-packages\sqlalchemy\orm\context.py", line 2628, in to_compile_state
    _MapperEntity(
    ~~~~~~~~~~~~~^
        compile_state,
        ^^^^^^^^^^^^^^
    ...<2 lines>...
        is_current_entities,
        ^^^^^^^^^^^^^^^^^^^^
    )
    ^
  File "C:\Users\iconaf\AppData\Local\Programs\Python\Python313\Lib\site-packages\sqlalchemy\orm\context.py", line 2708, in __init__
    entity._post_inspect
  File "C:\Users\iconaf\AppData\Local\Programs\Python\Python313\Lib\site-packages\sqlalchemy\util\langhelpers.py", line 1338, in __get__
    obj.__dict__[self.__name__] = result = self.fget(obj)
                                           ~~~~~~~~~^^^^^
  File "C:\Users\iconaf\AppData\Local\Programs\Python\Python313\Lib\site-packages\sqlalchemy\orm\mapper.py", line 2724, in _post_inspect
    self._check_configure()
    ~~~~~~~~~~~~~~~~~~~~~^^
  File "C:\Users\iconaf\AppData\Local\Programs\Python\Python313\Lib\site-packages\sqlalchemy\orm\mapper.py", line 2401, in _check_configure
    _configure_registries({self.registry}, cascade=True)
    ~~~~~~~~~~~~~~~~~~~~~^^^^^^^^^^^^^^^^^^^^^^^^^^^^^^^
  File "C:\Users\iconaf\AppData\Local\Programs\Python\Python313\Lib\site-packages\sqlalchemy\orm\mapper.py", line 4218, in _configure_registries
    _do_configure_registries(registries, cascade)
    ~~~~~~~~~~~~~~~~~~~~~~~~^^^^^^^^^^^^^^^^^^^^^
  File "C:\Users\iconaf\AppData\Local\Programs\Python\Python313\Lib\site-packages\sqlalchemy\orm\mapper.py", line 4259, in _do_configure_registries
    mapper._post_configure_properties()
    ~~~~~~~~~~~~~~~~~~~~~~~~~~~~~~~~~^^
  File "C:\Users\iconaf\AppData\Local\Programs\Python\Python313\Lib\site-packages\sqlalchemy\orm\mapper.py", line 2418, in _post_configure_properties
    prop.init()
    ~~~~~~~~~^^
  File "C:\Users\iconaf\AppData\Local\Programs\Python\Python313\Lib\site-packages\sqlalchemy\orm\interfaces.py", line 595, in init
    self.do_init()
    ~~~~~~~~~~~~^^
  File "C:\Users\iconaf\AppData\Local\Programs\Python\Python313\Lib\site-packages\sqlalchemy\orm\relationships.py", line 1657, in do_init
    self._setup_join_conditions()
    ~~~~~~~~~~~~~~~~~~~~~~~~~~~^^
  File "C:\Users\iconaf\AppData\Local\Programs\Python\Python313\Lib\site-packages\sqlalchemy\orm\relationships.py", line 1895, in _setup_join_conditions
    self._join_condition = jc = JoinCondition(
                                ~~~~~~~~~~~~~^
        parent_persist_selectable=self.parent.persist_selectable,
        ^^^^^^^^^^^^^^^^^^^^^^^^^^^^^^^^^^^^^^^^^^^^^^^^^^^^^^^^^
    ...<14 lines>...
        can_be_synced_fn=self._columns_are_mapped,
        ^^^^^^^^^^^^^^^^^^^^^^^^^^^^^^^^^^^^^^^^^^
    )
    ^
  File "C:\Users\iconaf\AppData\Local\Programs\Python\Python313\Lib\site-packages\sqlalchemy\orm\relationships.py", line 2321, in __init__
    self._determine_joins()
    ~~~~~~~~~~~~~~~~~~~~~^^
  File "C:\Users\iconaf\AppData\Local\Programs\Python\Python313\Lib\site-packages\sqlalchemy\orm\relationships.py", line 2455, in _determine_joins
    raise sa_exc.NoForeignKeysError(
    ...<7 lines>...
    ) from nfe
sqlalchemy.exc.NoForeignKeysError: Could not determine join condition between parent/child tables on relationship campaign_tbl.campaign_rules - there are no foreign keys linking these tables.  Ensure that referencing columns are associated with a ForeignKey or ForeignKeyConstraint, or specify a 'primaryjoin' expression.
2025-11-12 08:19:45,412 - als auth logger - ERROR - an internal server error occurred while registering user:dave@gmail.com:Could not determine join condition between parent/child tables on relationship campaign_tbl.campaign_rules - there are no foreign keys linking these tables.  Ensure that referencing columns are associated with a ForeignKey or ForeignKeyConstraint, or specify a 'primaryjoin' expression.
Traceback (most recent call last):
  File "C:\Users\iconaf\AppData\Local\Programs\Python\Python313\Lib\site-packages\sqlalchemy\orm\relationships.py", line 2434, in _determine_joins
    self.primaryjoin = join_condition(
                       ~~~~~~~~~~~~~~^
        self.parent_persist_selectable,
        ^^^^^^^^^^^^^^^^^^^^^^^^^^^^^^^
    ...<2 lines>...
        consider_as_foreign_keys=consider_as_foreign_keys,
        ^^^^^^^^^^^^^^^^^^^^^^^^^^^^^^^^^^^^^^^^^^^^^^^^^^
    )
    ^
  File "C:\Users\iconaf\AppData\Local\Programs\Python\Python313\Lib\site-packages\sqlalchemy\sql\util.py", line 121, in join_condition
    return Join._join_condition(
           ~~~~~~~~~~~~~~~~~~~~^
        a,
        ^^
    ...<2 lines>...
        consider_as_foreign_keys=consider_as_foreign_keys,
        ^^^^^^^^^^^^^^^^^^^^^^^^^^^^^^^^^^^^^^^^^^^^^^^^^^
    )
    ^
  File "C:\Users\iconaf\AppData\Local\Programs\Python\Python313\Lib\site-packages\sqlalchemy\sql\selectable.py", line 1447, in _join_condition
    raise exc.NoForeignKeysError(
    ...<3 lines>...
    )
sqlalchemy.exc.NoForeignKeysError: Can't find any foreign key relationships between 'campaign_tbl' and 'campaign_rule_tbl'.

The above exception was the direct cause of the following exception:

Traceback (most recent call last):
  File "C:\Users\iconaf\Documents\als_folder\als_backend_api\crud\users.py", line 19, in create_user
    user_resource=await session.execute(user_query)
                  ^^^^^^^^^^^^^^^^^^^^^^^^^^^^^^^^^
  File "C:\Users\iconaf\AppData\Local\Programs\Python\Python313\Lib\site-packages\sqlmodel\ext\asyncio\session.py", line 143, in execute
    return await super().execute(
           ^^^^^^^^^^^^^^^^^^^^^^
    ...<6 lines>...
    )
    ^
  File "C:\Users\iconaf\AppData\Local\Programs\Python\Python313\Lib\site-packages\sqlalchemy\ext\asyncio\session.py", line 449, in execute
    result = await greenlet_spawn(
             ^^^^^^^^^^^^^^^^^^^^^
    ...<6 lines>...
    )
    ^
  File "C:\Users\iconaf\AppData\Local\Programs\Python\Python313\Lib\site-packages\sqlalchemy\util\_concurrency_py3k.py", line 203, in greenlet_spawn
    result = context.switch(value)
  File "C:\Users\iconaf\AppData\Local\Programs\Python\Python313\Lib\site-packages\sqlmodel\orm\session.py", line 127, in execute
    return super().execute(
           ~~~~~~~~~~~~~~~^
        statement,
        ^^^^^^^^^^
    ...<4 lines>...
        _add_event=_add_event,
        ^^^^^^^^^^^^^^^^^^^^^^
    )
    ^
  File "C:\Users\iconaf\AppData\Local\Programs\Python\Python313\Lib\site-packages\sqlalchemy\orm\session.py", line 2351, in execute
    return self._execute_internal(
           ~~~~~~~~~~~~~~~~~~~~~~^
        statement,
        ^^^^^^^^^^
    ...<4 lines>...
        _add_event=_add_event,
        ^^^^^^^^^^^^^^^^^^^^^^
    )
    ^
  File "C:\Users\iconaf\AppData\Local\Programs\Python\Python313\Lib\site-packages\sqlalchemy\orm\session.py", line 2249, in _execute_internal
    result: Result[Any] = compile_state_cls.orm_execute_statement(
                          ~~~~~~~~~~~~~~~~~~~~~~~~~~~~~~~~~~~~~~~^
        self,
        ^^^^^
    ...<4 lines>...
        conn,
        ^^^^^
    )
    ^
  File "C:\Users\iconaf\AppData\Local\Programs\Python\Python313\Lib\site-packages\sqlalchemy\orm\context.py", line 306, in orm_execute_statement
    result = conn.execute(
        statement, params or {}, execution_options=execution_options
    )
  File "C:\Users\iconaf\AppData\Local\Programs\Python\Python313\Lib\site-packages\sqlalchemy\engine\base.py", line 1419, in execute
    return meth(
        self,
        distilled_parameters,
        execution_options or NO_OPTIONS,
    )
  File "C:\Users\iconaf\AppData\Local\Programs\Python\Python313\Lib\site-packages\sqlalchemy\sql\elements.py", line 526, in _execute_on_connection
    return connection._execute_clauseelement(
           ~~~~~~~~~~~~~~~~~~~~~~~~~~~~~~~~~^
        self, distilled_params, execution_options
        ^^^^^^^^^^^^^^^^^^^^^^^^^^^^^^^^^^^^^^^^^
    )
    ^
  File "C:\Users\iconaf\AppData\Local\Programs\Python\Python313\Lib\site-packages\sqlalchemy\engine\base.py", line 1633, in _execute_clauseelement
    compiled_sql, extracted_params, cache_hit = elem._compile_w_cache(
                                                ~~~~~~~~~~~~~~~~~~~~~^
        dialect=dialect,
        ^^^^^^^^^^^^^^^^
    ...<4 lines>...
        linting=self.dialect.compiler_linting | compiler.WARN_LINTING,
        ^^^^^^^^^^^^^^^^^^^^^^^^^^^^^^^^^^^^^^^^^^^^^^^^^^^^^^^^^^^^^^
    )
    ^
  File "C:\Users\iconaf\AppData\Local\Programs\Python\Python313\Lib\site-packages\sqlalchemy\sql\elements.py", line 715, in _compile_w_cache
    compiled_sql = self._compiler(
        dialect,
    ...<4 lines>...
        **kw,
    )
  File "C:\Users\iconaf\AppData\Local\Programs\Python\Python313\Lib\site-packages\sqlalchemy\sql\elements.py", line 323, in _compiler
    return dialect.statement_compiler(dialect, self, **kw)
           ~~~~~~~~~~~~~~~~~~~~~~~~~~^^^^^^^^^^^^^^^^^^^^^
  File "C:\Users\iconaf\AppData\Local\Programs\Python\Python313\Lib\site-packages\sqlalchemy\sql\compiler.py", line 1446, in __init__
    Compiled.__init__(self, dialect, statement, **kwargs)
    ~~~~~~~~~~~~~~~~~^^^^^^^^^^^^^^^^^^^^^^^^^^^^^^^^^^^^
  File "C:\Users\iconaf\AppData\Local\Programs\Python\Python313\Lib\site-packages\sqlalchemy\sql\compiler.py", line 886, in __init__
    self.string = self.process(self.statement, **compile_kwargs)
                  ~~~~~~~~~~~~^^^^^^^^^^^^^^^^^^^^^^^^^^^^^^^^^^
  File "C:\Users\iconaf\AppData\Local\Programs\Python\Python313\Lib\site-packages\sqlalchemy\sql\compiler.py", line 932, in process
    return obj._compiler_dispatch(self, **kwargs)
           ~~~~~~~~~~~~~~~~~~~~~~^^^^^^^^^^^^^^^^
  File "C:\Users\iconaf\AppData\Local\Programs\Python\Python313\Lib\site-packages\sqlalchemy\sql\visitors.py", line 138, in _compiler_dispatch
    return meth(self, **kw)  # type: ignore  # noqa: E501
  File "C:\Users\iconaf\AppData\Local\Programs\Python\Python313\Lib\site-packages\sqlalchemy\sql\compiler.py", line 4781, in visit_select
    compile_state = select_stmt._compile_state_factory(
        select_stmt, self, **kwargs
    )
  File "C:\Users\iconaf\AppData\Local\Programs\Python\Python313\Lib\site-packages\sqlalchemy\sql\base.py", line 701, in create_for_statement
    return klass.create_for_statement(statement, compiler, **kw)
           ~~~~~~~~~~~~~~~~~~~~~~~~~~^^^^^^^^^^^^^^^^^^^^^^^^^^^
  File "C:\Users\iconaf\AppData\Local\Programs\Python\Python313\Lib\site-packages\sqlalchemy\orm\context.py", line 447, in create_for_statement
    return cls._create_orm_context(
           ~~~~~~~~~~~~~~~~~~~~~~~^
        cast("Union[Select, FromStatement]", statement),
        ^^^^^^^^^^^^^^^^^^^^^^^^^^^^^^^^^^^^^^^^^^^^^^^^
    ...<2 lines>...
        **kw,
        ^^^^^
    )
    ^
  File "C:\Users\iconaf\AppData\Local\Programs\Python\Python313\Lib\site-packages\sqlalchemy\orm\context.py", line 1175, in _create_orm_context
    _QueryEntity.to_compile_state(
    ~~~~~~~~~~~~~~~~~~~~~~~~~~~~~^
        self,
        ^^^^^
    ...<2 lines>...
        is_current_entities=True,
        ^^^^^^^^^^^^^^^^^^^^^^^^^
    )
    ^
  File "C:\Users\iconaf\AppData\Local\Programs\Python\Python313\Lib\site-packages\sqlalchemy\orm\context.py", line 2628, in to_compile_state
    _MapperEntity(
    ~~~~~~~~~~~~~^
        compile_state,
        ^^^^^^^^^^^^^^
    ...<2 lines>...
        is_current_entities,
        ^^^^^^^^^^^^^^^^^^^^
    )
    ^
  File "C:\Users\iconaf\AppData\Local\Programs\Python\Python313\Lib\site-packages\sqlalchemy\orm\context.py", line 2708, in __init__
    entity._post_inspect
  File "C:\Users\iconaf\AppData\Local\Programs\Python\Python313\Lib\site-packages\sqlalchemy\util\langhelpers.py", line 1338, in __get__
    obj.__dict__[self.__name__] = result = self.fget(obj)
                                           ~~~~~~~~~^^^^^
  File "C:\Users\iconaf\AppData\Local\Programs\Python\Python313\Lib\site-packages\sqlalchemy\orm\mapper.py", line 2724, in _post_inspect
    self._check_configure()
    ~~~~~~~~~~~~~~~~~~~~~^^
  File "C:\Users\iconaf\AppData\Local\Programs\Python\Python313\Lib\site-packages\sqlalchemy\orm\mapper.py", line 2401, in _check_configure
    _configure_registries({self.registry}, cascade=True)
    ~~~~~~~~~~~~~~~~~~~~~^^^^^^^^^^^^^^^^^^^^^^^^^^^^^^^
  File "C:\Users\iconaf\AppData\Local\Programs\Python\Python313\Lib\site-packages\sqlalchemy\orm\mapper.py", line 4218, in _configure_registries
    _do_configure_registries(registries, cascade)
    ~~~~~~~~~~~~~~~~~~~~~~~~^^^^^^^^^^^^^^^^^^^^^
  File "C:\Users\iconaf\AppData\Local\Programs\Python\Python313\Lib\site-packages\sqlalchemy\orm\mapper.py", line 4259, in _do_configure_registries
    mapper._post_configure_properties()
    ~~~~~~~~~~~~~~~~~~~~~~~~~~~~~~~~~^^
  File "C:\Users\iconaf\AppData\Local\Programs\Python\Python313\Lib\site-packages\sqlalchemy\orm\mapper.py", line 2418, in _post_configure_properties
    prop.init()
    ~~~~~~~~~^^
  File "C:\Users\iconaf\AppData\Local\Programs\Python\Python313\Lib\site-packages\sqlalchemy\orm\interfaces.py", line 595, in init
    self.do_init()
    ~~~~~~~~~~~~^^
  File "C:\Users\iconaf\AppData\Local\Programs\Python\Python313\Lib\site-packages\sqlalchemy\orm\relationships.py", line 1657, in do_init
    self._setup_join_conditions()
    ~~~~~~~~~~~~~~~~~~~~~~~~~~~^^
  File "C:\Users\iconaf\AppData\Local\Programs\Python\Python313\Lib\site-packages\sqlalchemy\orm\relationships.py", line 1895, in _setup_join_conditions
    self._join_condition = jc = JoinCondition(
                                ~~~~~~~~~~~~~^
        parent_persist_selectable=self.parent.persist_selectable,
        ^^^^^^^^^^^^^^^^^^^^^^^^^^^^^^^^^^^^^^^^^^^^^^^^^^^^^^^^^
    ...<14 lines>...
        can_be_synced_fn=self._columns_are_mapped,
        ^^^^^^^^^^^^^^^^^^^^^^^^^^^^^^^^^^^^^^^^^^
    )
    ^
  File "C:\Users\iconaf\AppData\Local\Programs\Python\Python313\Lib\site-packages\sqlalchemy\orm\relationships.py", line 2321, in __init__
    self._determine_joins()
    ~~~~~~~~~~~~~~~~~~~~~^^
  File "C:\Users\iconaf\AppData\Local\Programs\Python\Python313\Lib\site-packages\sqlalchemy\orm\relationships.py", line 2455, in _determine_joins
    raise sa_exc.NoForeignKeysError(
    ...<7 lines>...
    ) from nfe
sqlalchemy.exc.NoForeignKeysError: Could not determine join condition between parent/child tables on relationship campaign_tbl.campaign_rules - there are no foreign keys linking these tables.  Ensure that referencing columns are associated with a ForeignKey or ForeignKeyConstraint, or specify a 'primaryjoin' expression.
2025-11-12 08:58:53,012 - als auth logger - ERROR - an internal server error occurred while registering user:dave@gmail.com:Could not determine join condition between parent/child tables on relationship campaign_tbl.campaign_rules - there are no foreign keys linking these tables.  Ensure that referencing columns are associated with a ForeignKey or ForeignKeyConstraint, or specify a 'primaryjoin' expression.
Traceback (most recent call last):
  File "C:\Users\iconaf\AppData\Local\Programs\Python\Python313\Lib\site-packages\sqlalchemy\orm\relationships.py", line 2434, in _determine_joins
    self.primaryjoin = join_condition(
                       ~~~~~~~~~~~~~~^
        self.parent_persist_selectable,
        ^^^^^^^^^^^^^^^^^^^^^^^^^^^^^^^
    ...<2 lines>...
        consider_as_foreign_keys=consider_as_foreign_keys,
        ^^^^^^^^^^^^^^^^^^^^^^^^^^^^^^^^^^^^^^^^^^^^^^^^^^
    )
    ^
  File "C:\Users\iconaf\AppData\Local\Programs\Python\Python313\Lib\site-packages\sqlalchemy\sql\util.py", line 121, in join_condition
    return Join._join_condition(
           ~~~~~~~~~~~~~~~~~~~~^
        a,
        ^^
    ...<2 lines>...
        consider_as_foreign_keys=consider_as_foreign_keys,
        ^^^^^^^^^^^^^^^^^^^^^^^^^^^^^^^^^^^^^^^^^^^^^^^^^^
    )
    ^
  File "C:\Users\iconaf\AppData\Local\Programs\Python\Python313\Lib\site-packages\sqlalchemy\sql\selectable.py", line 1447, in _join_condition
    raise exc.NoForeignKeysError(
    ...<3 lines>...
    )
sqlalchemy.exc.NoForeignKeysError: Can't find any foreign key relationships between 'campaign_tbl' and 'campaign_rule_tbl'.

The above exception was the direct cause of the following exception:

Traceback (most recent call last):
  File "C:\Users\iconaf\Documents\als_folder\als_backend_api\crud\users.py", line 19, in create_user
    user_resource=await session.execute(user_query)
                  ^^^^^^^^^^^^^^^^^^^^^^^^^^^^^^^^^
  File "C:\Users\iconaf\AppData\Local\Programs\Python\Python313\Lib\site-packages\sqlmodel\ext\asyncio\session.py", line 143, in execute
    return await super().execute(
           ^^^^^^^^^^^^^^^^^^^^^^
    ...<6 lines>...
    )
    ^
  File "C:\Users\iconaf\AppData\Local\Programs\Python\Python313\Lib\site-packages\sqlalchemy\ext\asyncio\session.py", line 449, in execute
    result = await greenlet_spawn(
             ^^^^^^^^^^^^^^^^^^^^^
    ...<6 lines>...
    )
    ^
  File "C:\Users\iconaf\AppData\Local\Programs\Python\Python313\Lib\site-packages\sqlalchemy\util\_concurrency_py3k.py", line 190, in greenlet_spawn
    result = context.switch(*args, **kwargs)
  File "C:\Users\iconaf\AppData\Local\Programs\Python\Python313\Lib\site-packages\sqlmodel\orm\session.py", line 127, in execute
    return super().execute(
           ~~~~~~~~~~~~~~~^
        statement,
        ^^^^^^^^^^
    ...<4 lines>...
        _add_event=_add_event,
        ^^^^^^^^^^^^^^^^^^^^^^
    )
    ^
  File "C:\Users\iconaf\AppData\Local\Programs\Python\Python313\Lib\site-packages\sqlalchemy\orm\session.py", line 2351, in execute
    return self._execute_internal(
           ~~~~~~~~~~~~~~~~~~~~~~^
        statement,
        ^^^^^^^^^^
    ...<4 lines>...
        _add_event=_add_event,
        ^^^^^^^^^^^^^^^^^^^^^^
    )
    ^
  File "C:\Users\iconaf\AppData\Local\Programs\Python\Python313\Lib\site-packages\sqlalchemy\orm\session.py", line 2249, in _execute_internal
    result: Result[Any] = compile_state_cls.orm_execute_statement(
                          ~~~~~~~~~~~~~~~~~~~~~~~~~~~~~~~~~~~~~~~^
        self,
        ^^^^^
    ...<4 lines>...
        conn,
        ^^^^^
    )
    ^
  File "C:\Users\iconaf\AppData\Local\Programs\Python\Python313\Lib\site-packages\sqlalchemy\orm\context.py", line 306, in orm_execute_statement
    result = conn.execute(
        statement, params or {}, execution_options=execution_options
    )
  File "C:\Users\iconaf\AppData\Local\Programs\Python\Python313\Lib\site-packages\sqlalchemy\engine\base.py", line 1419, in execute
    return meth(
        self,
        distilled_parameters,
        execution_options or NO_OPTIONS,
    )
  File "C:\Users\iconaf\AppData\Local\Programs\Python\Python313\Lib\site-packages\sqlalchemy\sql\elements.py", line 526, in _execute_on_connection
    return connection._execute_clauseelement(
           ~~~~~~~~~~~~~~~~~~~~~~~~~~~~~~~~~^
        self, distilled_params, execution_options
        ^^^^^^^^^^^^^^^^^^^^^^^^^^^^^^^^^^^^^^^^^
    )
    ^
  File "C:\Users\iconaf\AppData\Local\Programs\Python\Python313\Lib\site-packages\sqlalchemy\engine\base.py", line 1633, in _execute_clauseelement
    compiled_sql, extracted_params, cache_hit = elem._compile_w_cache(
                                                ~~~~~~~~~~~~~~~~~~~~~^
        dialect=dialect,
        ^^^^^^^^^^^^^^^^
    ...<4 lines>...
        linting=self.dialect.compiler_linting | compiler.WARN_LINTING,
        ^^^^^^^^^^^^^^^^^^^^^^^^^^^^^^^^^^^^^^^^^^^^^^^^^^^^^^^^^^^^^^
    )
    ^
  File "C:\Users\iconaf\AppData\Local\Programs\Python\Python313\Lib\site-packages\sqlalchemy\sql\elements.py", line 715, in _compile_w_cache
    compiled_sql = self._compiler(
        dialect,
    ...<4 lines>...
        **kw,
    )
  File "C:\Users\iconaf\AppData\Local\Programs\Python\Python313\Lib\site-packages\sqlalchemy\sql\elements.py", line 323, in _compiler
    return dialect.statement_compiler(dialect, self, **kw)
           ~~~~~~~~~~~~~~~~~~~~~~~~~~^^^^^^^^^^^^^^^^^^^^^
  File "C:\Users\iconaf\AppData\Local\Programs\Python\Python313\Lib\site-packages\sqlalchemy\sql\compiler.py", line 1446, in __init__
    Compiled.__init__(self, dialect, statement, **kwargs)
    ~~~~~~~~~~~~~~~~~^^^^^^^^^^^^^^^^^^^^^^^^^^^^^^^^^^^^
  File "C:\Users\iconaf\AppData\Local\Programs\Python\Python313\Lib\site-packages\sqlalchemy\sql\compiler.py", line 886, in __init__
    self.string = self.process(self.statement, **compile_kwargs)
                  ~~~~~~~~~~~~^^^^^^^^^^^^^^^^^^^^^^^^^^^^^^^^^^
  File "C:\Users\iconaf\AppData\Local\Programs\Python\Python313\Lib\site-packages\sqlalchemy\sql\compiler.py", line 932, in process
    return obj._compiler_dispatch(self, **kwargs)
           ~~~~~~~~~~~~~~~~~~~~~~^^^^^^^^^^^^^^^^
  File "C:\Users\iconaf\AppData\Local\Programs\Python\Python313\Lib\site-packages\sqlalchemy\sql\visitors.py", line 138, in _compiler_dispatch
    return meth(self, **kw)  # type: ignore  # noqa: E501
  File "C:\Users\iconaf\AppData\Local\Programs\Python\Python313\Lib\site-packages\sqlalchemy\sql\compiler.py", line 4781, in visit_select
    compile_state = select_stmt._compile_state_factory(
        select_stmt, self, **kwargs
    )
  File "C:\Users\iconaf\AppData\Local\Programs\Python\Python313\Lib\site-packages\sqlalchemy\sql\base.py", line 701, in create_for_statement
    return klass.create_for_statement(statement, compiler, **kw)
           ~~~~~~~~~~~~~~~~~~~~~~~~~~^^^^^^^^^^^^^^^^^^^^^^^^^^^
  File "C:\Users\iconaf\AppData\Local\Programs\Python\Python313\Lib\site-packages\sqlalchemy\orm\context.py", line 447, in create_for_statement
    return cls._create_orm_context(
           ~~~~~~~~~~~~~~~~~~~~~~~^
        cast("Union[Select, FromStatement]", statement),
        ^^^^^^^^^^^^^^^^^^^^^^^^^^^^^^^^^^^^^^^^^^^^^^^^
    ...<2 lines>...
        **kw,
        ^^^^^
    )
    ^
  File "C:\Users\iconaf\AppData\Local\Programs\Python\Python313\Lib\site-packages\sqlalchemy\orm\context.py", line 1175, in _create_orm_context
    _QueryEntity.to_compile_state(
    ~~~~~~~~~~~~~~~~~~~~~~~~~~~~~^
        self,
        ^^^^^
    ...<2 lines>...
        is_current_entities=True,
        ^^^^^^^^^^^^^^^^^^^^^^^^^
    )
    ^
  File "C:\Users\iconaf\AppData\Local\Programs\Python\Python313\Lib\site-packages\sqlalchemy\orm\context.py", line 2628, in to_compile_state
    _MapperEntity(
    ~~~~~~~~~~~~~^
        compile_state,
        ^^^^^^^^^^^^^^
    ...<2 lines>...
        is_current_entities,
        ^^^^^^^^^^^^^^^^^^^^
    )
    ^
  File "C:\Users\iconaf\AppData\Local\Programs\Python\Python313\Lib\site-packages\sqlalchemy\orm\context.py", line 2708, in __init__
    entity._post_inspect
  File "C:\Users\iconaf\AppData\Local\Programs\Python\Python313\Lib\site-packages\sqlalchemy\util\langhelpers.py", line 1338, in __get__
    obj.__dict__[self.__name__] = result = self.fget(obj)
                                           ~~~~~~~~~^^^^^
  File "C:\Users\iconaf\AppData\Local\Programs\Python\Python313\Lib\site-packages\sqlalchemy\orm\mapper.py", line 2724, in _post_inspect
    self._check_configure()
    ~~~~~~~~~~~~~~~~~~~~~^^
  File "C:\Users\iconaf\AppData\Local\Programs\Python\Python313\Lib\site-packages\sqlalchemy\orm\mapper.py", line 2401, in _check_configure
    _configure_registries({self.registry}, cascade=True)
    ~~~~~~~~~~~~~~~~~~~~~^^^^^^^^^^^^^^^^^^^^^^^^^^^^^^^
  File "C:\Users\iconaf\AppData\Local\Programs\Python\Python313\Lib\site-packages\sqlalchemy\orm\mapper.py", line 4218, in _configure_registries
    _do_configure_registries(registries, cascade)
    ~~~~~~~~~~~~~~~~~~~~~~~~^^^^^^^^^^^^^^^^^^^^^
  File "C:\Users\iconaf\AppData\Local\Programs\Python\Python313\Lib\site-packages\sqlalchemy\orm\mapper.py", line 4259, in _do_configure_registries
    mapper._post_configure_properties()
    ~~~~~~~~~~~~~~~~~~~~~~~~~~~~~~~~~^^
  File "C:\Users\iconaf\AppData\Local\Programs\Python\Python313\Lib\site-packages\sqlalchemy\orm\mapper.py", line 2418, in _post_configure_properties
    prop.init()
    ~~~~~~~~~^^
  File "C:\Users\iconaf\AppData\Local\Programs\Python\Python313\Lib\site-packages\sqlalchemy\orm\interfaces.py", line 595, in init
    self.do_init()
    ~~~~~~~~~~~~^^
  File "C:\Users\iconaf\AppData\Local\Programs\Python\Python313\Lib\site-packages\sqlalchemy\orm\relationships.py", line 1657, in do_init
    self._setup_join_conditions()
    ~~~~~~~~~~~~~~~~~~~~~~~~~~~^^
  File "C:\Users\iconaf\AppData\Local\Programs\Python\Python313\Lib\site-packages\sqlalchemy\orm\relationships.py", line 1895, in _setup_join_conditions
    self._join_condition = jc = JoinCondition(
                                ~~~~~~~~~~~~~^
        parent_persist_selectable=self.parent.persist_selectable,
        ^^^^^^^^^^^^^^^^^^^^^^^^^^^^^^^^^^^^^^^^^^^^^^^^^^^^^^^^^
    ...<14 lines>...
        can_be_synced_fn=self._columns_are_mapped,
        ^^^^^^^^^^^^^^^^^^^^^^^^^^^^^^^^^^^^^^^^^^
    )
    ^
  File "C:\Users\iconaf\AppData\Local\Programs\Python\Python313\Lib\site-packages\sqlalchemy\orm\relationships.py", line 2321, in __init__
    self._determine_joins()
    ~~~~~~~~~~~~~~~~~~~~~^^
  File "C:\Users\iconaf\AppData\Local\Programs\Python\Python313\Lib\site-packages\sqlalchemy\orm\relationships.py", line 2455, in _determine_joins
    raise sa_exc.NoForeignKeysError(
    ...<7 lines>...
    ) from nfe
sqlalchemy.exc.NoForeignKeysError: Could not determine join condition between parent/child tables on relationship campaign_tbl.campaign_rules - there are no foreign keys linking these tables.  Ensure that referencing columns are associated with a ForeignKey or ForeignKeyConstraint, or specify a 'primaryjoin' expression.
2025-11-12 08:58:53,012 - als auth logger - ERROR - an internal server error occurred while registering user:dave@gmail.com:Could not determine join condition between parent/child tables on relationship campaign_tbl.campaign_rules - there are no foreign keys linking these tables.  Ensure that referencing columns are associated with a ForeignKey or ForeignKeyConstraint, or specify a 'primaryjoin' expression.
Traceback (most recent call last):
  File "C:\Users\iconaf\AppData\Local\Programs\Python\Python313\Lib\site-packages\sqlalchemy\orm\relationships.py", line 2434, in _determine_joins
    self.primaryjoin = join_condition(
                       ~~~~~~~~~~~~~~^
        self.parent_persist_selectable,
        ^^^^^^^^^^^^^^^^^^^^^^^^^^^^^^^
    ...<2 lines>...
        consider_as_foreign_keys=consider_as_foreign_keys,
        ^^^^^^^^^^^^^^^^^^^^^^^^^^^^^^^^^^^^^^^^^^^^^^^^^^
    )
    ^
  File "C:\Users\iconaf\AppData\Local\Programs\Python\Python313\Lib\site-packages\sqlalchemy\sql\util.py", line 121, in join_condition
    return Join._join_condition(
           ~~~~~~~~~~~~~~~~~~~~^
        a,
        ^^
    ...<2 lines>...
        consider_as_foreign_keys=consider_as_foreign_keys,
        ^^^^^^^^^^^^^^^^^^^^^^^^^^^^^^^^^^^^^^^^^^^^^^^^^^
    )
    ^
  File "C:\Users\iconaf\AppData\Local\Programs\Python\Python313\Lib\site-packages\sqlalchemy\sql\selectable.py", line 1447, in _join_condition
    raise exc.NoForeignKeysError(
    ...<3 lines>...
    )
sqlalchemy.exc.NoForeignKeysError: Can't find any foreign key relationships between 'campaign_tbl' and 'campaign_rule_tbl'.

The above exception was the direct cause of the following exception:

Traceback (most recent call last):
  File "C:\Users\iconaf\Documents\als_folder\als_backend_api\crud\users.py", line 19, in create_user
    user_resource=await session.execute(user_query)
                  ^^^^^^^^^^^^^^^^^^^^^^^^^^^^^^^^^
  File "C:\Users\iconaf\AppData\Local\Programs\Python\Python313\Lib\site-packages\sqlmodel\ext\asyncio\session.py", line 143, in execute
    return await super().execute(
           ^^^^^^^^^^^^^^^^^^^^^^
    ...<6 lines>...
    )
    ^
  File "C:\Users\iconaf\AppData\Local\Programs\Python\Python313\Lib\site-packages\sqlalchemy\ext\asyncio\session.py", line 449, in execute
    result = await greenlet_spawn(
             ^^^^^^^^^^^^^^^^^^^^^
    ...<6 lines>...
    )
    ^
  File "C:\Users\iconaf\AppData\Local\Programs\Python\Python313\Lib\site-packages\sqlalchemy\util\_concurrency_py3k.py", line 190, in greenlet_spawn
    result = context.switch(*args, **kwargs)
  File "C:\Users\iconaf\AppData\Local\Programs\Python\Python313\Lib\site-packages\sqlmodel\orm\session.py", line 127, in execute
    return super().execute(
           ~~~~~~~~~~~~~~~^
        statement,
        ^^^^^^^^^^
    ...<4 lines>...
        _add_event=_add_event,
        ^^^^^^^^^^^^^^^^^^^^^^
    )
    ^
  File "C:\Users\iconaf\AppData\Local\Programs\Python\Python313\Lib\site-packages\sqlalchemy\orm\session.py", line 2351, in execute
    return self._execute_internal(
           ~~~~~~~~~~~~~~~~~~~~~~^
        statement,
        ^^^^^^^^^^
    ...<4 lines>...
        _add_event=_add_event,
        ^^^^^^^^^^^^^^^^^^^^^^
    )
    ^
  File "C:\Users\iconaf\AppData\Local\Programs\Python\Python313\Lib\site-packages\sqlalchemy\orm\session.py", line 2249, in _execute_internal
    result: Result[Any] = compile_state_cls.orm_execute_statement(
                          ~~~~~~~~~~~~~~~~~~~~~~~~~~~~~~~~~~~~~~~^
        self,
        ^^^^^
    ...<4 lines>...
        conn,
        ^^^^^
    )
    ^
  File "C:\Users\iconaf\AppData\Local\Programs\Python\Python313\Lib\site-packages\sqlalchemy\orm\context.py", line 306, in orm_execute_statement
    result = conn.execute(
        statement, params or {}, execution_options=execution_options
    )
  File "C:\Users\iconaf\AppData\Local\Programs\Python\Python313\Lib\site-packages\sqlalchemy\engine\base.py", line 1419, in execute
    return meth(
        self,
        distilled_parameters,
        execution_options or NO_OPTIONS,
    )
  File "C:\Users\iconaf\AppData\Local\Programs\Python\Python313\Lib\site-packages\sqlalchemy\sql\elements.py", line 526, in _execute_on_connection
    return connection._execute_clauseelement(
           ~~~~~~~~~~~~~~~~~~~~~~~~~~~~~~~~~^
        self, distilled_params, execution_options
        ^^^^^^^^^^^^^^^^^^^^^^^^^^^^^^^^^^^^^^^^^
    )
    ^
  File "C:\Users\iconaf\AppData\Local\Programs\Python\Python313\Lib\site-packages\sqlalchemy\engine\base.py", line 1633, in _execute_clauseelement
    compiled_sql, extracted_params, cache_hit = elem._compile_w_cache(
                                                ~~~~~~~~~~~~~~~~~~~~~^
        dialect=dialect,
        ^^^^^^^^^^^^^^^^
    ...<4 lines>...
        linting=self.dialect.compiler_linting | compiler.WARN_LINTING,
        ^^^^^^^^^^^^^^^^^^^^^^^^^^^^^^^^^^^^^^^^^^^^^^^^^^^^^^^^^^^^^^
    )
    ^
  File "C:\Users\iconaf\AppData\Local\Programs\Python\Python313\Lib\site-packages\sqlalchemy\sql\elements.py", line 715, in _compile_w_cache
    compiled_sql = self._compiler(
        dialect,
    ...<4 lines>...
        **kw,
    )
  File "C:\Users\iconaf\AppData\Local\Programs\Python\Python313\Lib\site-packages\sqlalchemy\sql\elements.py", line 323, in _compiler
    return dialect.statement_compiler(dialect, self, **kw)
           ~~~~~~~~~~~~~~~~~~~~~~~~~~^^^^^^^^^^^^^^^^^^^^^
  File "C:\Users\iconaf\AppData\Local\Programs\Python\Python313\Lib\site-packages\sqlalchemy\sql\compiler.py", line 1446, in __init__
    Compiled.__init__(self, dialect, statement, **kwargs)
    ~~~~~~~~~~~~~~~~~^^^^^^^^^^^^^^^^^^^^^^^^^^^^^^^^^^^^
  File "C:\Users\iconaf\AppData\Local\Programs\Python\Python313\Lib\site-packages\sqlalchemy\sql\compiler.py", line 886, in __init__
    self.string = self.process(self.statement, **compile_kwargs)
                  ~~~~~~~~~~~~^^^^^^^^^^^^^^^^^^^^^^^^^^^^^^^^^^
  File "C:\Users\iconaf\AppData\Local\Programs\Python\Python313\Lib\site-packages\sqlalchemy\sql\compiler.py", line 932, in process
    return obj._compiler_dispatch(self, **kwargs)
           ~~~~~~~~~~~~~~~~~~~~~~^^^^^^^^^^^^^^^^
  File "C:\Users\iconaf\AppData\Local\Programs\Python\Python313\Lib\site-packages\sqlalchemy\sql\visitors.py", line 138, in _compiler_dispatch
    return meth(self, **kw)  # type: ignore  # noqa: E501
  File "C:\Users\iconaf\AppData\Local\Programs\Python\Python313\Lib\site-packages\sqlalchemy\sql\compiler.py", line 4781, in visit_select
    compile_state = select_stmt._compile_state_factory(
        select_stmt, self, **kwargs
    )
  File "C:\Users\iconaf\AppData\Local\Programs\Python\Python313\Lib\site-packages\sqlalchemy\sql\base.py", line 701, in create_for_statement
    return klass.create_for_statement(statement, compiler, **kw)
           ~~~~~~~~~~~~~~~~~~~~~~~~~~^^^^^^^^^^^^^^^^^^^^^^^^^^^
  File "C:\Users\iconaf\AppData\Local\Programs\Python\Python313\Lib\site-packages\sqlalchemy\orm\context.py", line 447, in create_for_statement
    return cls._create_orm_context(
           ~~~~~~~~~~~~~~~~~~~~~~~^
        cast("Union[Select, FromStatement]", statement),
        ^^^^^^^^^^^^^^^^^^^^^^^^^^^^^^^^^^^^^^^^^^^^^^^^
    ...<2 lines>...
        **kw,
        ^^^^^
    )
    ^
  File "C:\Users\iconaf\AppData\Local\Programs\Python\Python313\Lib\site-packages\sqlalchemy\orm\context.py", line 1175, in _create_orm_context
    _QueryEntity.to_compile_state(
    ~~~~~~~~~~~~~~~~~~~~~~~~~~~~~^
        self,
        ^^^^^
    ...<2 lines>...
        is_current_entities=True,
        ^^^^^^^^^^^^^^^^^^^^^^^^^
    )
    ^
  File "C:\Users\iconaf\AppData\Local\Programs\Python\Python313\Lib\site-packages\sqlalchemy\orm\context.py", line 2628, in to_compile_state
    _MapperEntity(
    ~~~~~~~~~~~~~^
        compile_state,
        ^^^^^^^^^^^^^^
    ...<2 lines>...
        is_current_entities,
        ^^^^^^^^^^^^^^^^^^^^
    )
    ^
  File "C:\Users\iconaf\AppData\Local\Programs\Python\Python313\Lib\site-packages\sqlalchemy\orm\context.py", line 2708, in __init__
    entity._post_inspect
  File "C:\Users\iconaf\AppData\Local\Programs\Python\Python313\Lib\site-packages\sqlalchemy\util\langhelpers.py", line 1338, in __get__
    obj.__dict__[self.__name__] = result = self.fget(obj)
                                           ~~~~~~~~~^^^^^
  File "C:\Users\iconaf\AppData\Local\Programs\Python\Python313\Lib\site-packages\sqlalchemy\orm\mapper.py", line 2724, in _post_inspect
    self._check_configure()
    ~~~~~~~~~~~~~~~~~~~~~^^
  File "C:\Users\iconaf\AppData\Local\Programs\Python\Python313\Lib\site-packages\sqlalchemy\orm\mapper.py", line 2401, in _check_configure
    _configure_registries({self.registry}, cascade=True)
    ~~~~~~~~~~~~~~~~~~~~~^^^^^^^^^^^^^^^^^^^^^^^^^^^^^^^
  File "C:\Users\iconaf\AppData\Local\Programs\Python\Python313\Lib\site-packages\sqlalchemy\orm\mapper.py", line 4218, in _configure_registries
    _do_configure_registries(registries, cascade)
    ~~~~~~~~~~~~~~~~~~~~~~~~^^^^^^^^^^^^^^^^^^^^^
  File "C:\Users\iconaf\AppData\Local\Programs\Python\Python313\Lib\site-packages\sqlalchemy\orm\mapper.py", line 4259, in _do_configure_registries
    mapper._post_configure_properties()
    ~~~~~~~~~~~~~~~~~~~~~~~~~~~~~~~~~^^
  File "C:\Users\iconaf\AppData\Local\Programs\Python\Python313\Lib\site-packages\sqlalchemy\orm\mapper.py", line 2418, in _post_configure_properties
    prop.init()
    ~~~~~~~~~^^
  File "C:\Users\iconaf\AppData\Local\Programs\Python\Python313\Lib\site-packages\sqlalchemy\orm\interfaces.py", line 595, in init
    self.do_init()
    ~~~~~~~~~~~~^^
  File "C:\Users\iconaf\AppData\Local\Programs\Python\Python313\Lib\site-packages\sqlalchemy\orm\relationships.py", line 1657, in do_init
    self._setup_join_conditions()
    ~~~~~~~~~~~~~~~~~~~~~~~~~~~^^
  File "C:\Users\iconaf\AppData\Local\Programs\Python\Python313\Lib\site-packages\sqlalchemy\orm\relationships.py", line 1895, in _setup_join_conditions
    self._join_condition = jc = JoinCondition(
                                ~~~~~~~~~~~~~^
        parent_persist_selectable=self.parent.persist_selectable,
        ^^^^^^^^^^^^^^^^^^^^^^^^^^^^^^^^^^^^^^^^^^^^^^^^^^^^^^^^^
    ...<14 lines>...
        can_be_synced_fn=self._columns_are_mapped,
        ^^^^^^^^^^^^^^^^^^^^^^^^^^^^^^^^^^^^^^^^^^
    )
    ^
  File "C:\Users\iconaf\AppData\Local\Programs\Python\Python313\Lib\site-packages\sqlalchemy\orm\relationships.py", line 2321, in __init__
    self._determine_joins()
    ~~~~~~~~~~~~~~~~~~~~~^^
  File "C:\Users\iconaf\AppData\Local\Programs\Python\Python313\Lib\site-packages\sqlalchemy\orm\relationships.py", line 2455, in _determine_joins
    raise sa_exc.NoForeignKeysError(
    ...<7 lines>...
    ) from nfe
sqlalchemy.exc.NoForeignKeysError: Could not determine join condition between parent/child tables on relationship campaign_tbl.campaign_rules - there are no foreign keys linking these tables.  Ensure that referencing columns are associated with a ForeignKey or ForeignKeyConstraint, or specify a 'primaryjoin' expression.
2025-11-12 09:08:39,861 - als auth logger - ERROR - an internal server error occurred while registering user:dave@gmail.com:Could not determine join condition between parent/child tables on relationship campaign_tbl.campaign_rules - there are no foreign keys linking these tables.  Ensure that referencing columns are associated with a ForeignKey or ForeignKeyConstraint, or specify a 'primaryjoin' expression.
Traceback (most recent call last):
  File "C:\Users\iconaf\AppData\Local\Programs\Python\Python313\Lib\site-packages\sqlalchemy\orm\relationships.py", line 2434, in _determine_joins
    self.primaryjoin = join_condition(
                       ~~~~~~~~~~~~~~^
        self.parent_persist_selectable,
        ^^^^^^^^^^^^^^^^^^^^^^^^^^^^^^^
    ...<2 lines>...
        consider_as_foreign_keys=consider_as_foreign_keys,
        ^^^^^^^^^^^^^^^^^^^^^^^^^^^^^^^^^^^^^^^^^^^^^^^^^^
    )
    ^
  File "C:\Users\iconaf\AppData\Local\Programs\Python\Python313\Lib\site-packages\sqlalchemy\sql\util.py", line 121, in join_condition
    return Join._join_condition(
           ~~~~~~~~~~~~~~~~~~~~^
        a,
        ^^
    ...<2 lines>...
        consider_as_foreign_keys=consider_as_foreign_keys,
        ^^^^^^^^^^^^^^^^^^^^^^^^^^^^^^^^^^^^^^^^^^^^^^^^^^
    )
    ^
  File "C:\Users\iconaf\AppData\Local\Programs\Python\Python313\Lib\site-packages\sqlalchemy\sql\selectable.py", line 1447, in _join_condition
    raise exc.NoForeignKeysError(
    ...<3 lines>...
    )
sqlalchemy.exc.NoForeignKeysError: Can't find any foreign key relationships between 'campaign_tbl' and 'campaign_rule_tbl'.

The above exception was the direct cause of the following exception:

Traceback (most recent call last):
  File "C:\Users\iconaf\Documents\als_folder\als_backend_api\crud\users.py", line 19, in create_user
    user_resource=await session.execute(user_query)
                  ^^^^^^^^^^^^^^^^^^^^^^^^^^^^^^^^^
  File "C:\Users\iconaf\AppData\Local\Programs\Python\Python313\Lib\site-packages\sqlmodel\ext\asyncio\session.py", line 143, in execute
    return await super().execute(
           ^^^^^^^^^^^^^^^^^^^^^^
    ...<6 lines>...
    )
    ^
  File "C:\Users\iconaf\AppData\Local\Programs\Python\Python313\Lib\site-packages\sqlalchemy\ext\asyncio\session.py", line 449, in execute
    result = await greenlet_spawn(
             ^^^^^^^^^^^^^^^^^^^^^
    ...<6 lines>...
    )
    ^
  File "C:\Users\iconaf\AppData\Local\Programs\Python\Python313\Lib\site-packages\sqlalchemy\util\_concurrency_py3k.py", line 190, in greenlet_spawn
    result = context.switch(*args, **kwargs)
  File "C:\Users\iconaf\AppData\Local\Programs\Python\Python313\Lib\site-packages\sqlmodel\orm\session.py", line 127, in execute
    return super().execute(
           ~~~~~~~~~~~~~~~^
        statement,
        ^^^^^^^^^^
    ...<4 lines>...
        _add_event=_add_event,
        ^^^^^^^^^^^^^^^^^^^^^^
    )
    ^
  File "C:\Users\iconaf\AppData\Local\Programs\Python\Python313\Lib\site-packages\sqlalchemy\orm\session.py", line 2351, in execute
    return self._execute_internal(
           ~~~~~~~~~~~~~~~~~~~~~~^
        statement,
        ^^^^^^^^^^
    ...<4 lines>...
        _add_event=_add_event,
        ^^^^^^^^^^^^^^^^^^^^^^
    )
    ^
  File "C:\Users\iconaf\AppData\Local\Programs\Python\Python313\Lib\site-packages\sqlalchemy\orm\session.py", line 2249, in _execute_internal
    result: Result[Any] = compile_state_cls.orm_execute_statement(
                          ~~~~~~~~~~~~~~~~~~~~~~~~~~~~~~~~~~~~~~~^
        self,
        ^^^^^
    ...<4 lines>...
        conn,
        ^^^^^
    )
    ^
  File "C:\Users\iconaf\AppData\Local\Programs\Python\Python313\Lib\site-packages\sqlalchemy\orm\context.py", line 306, in orm_execute_statement
    result = conn.execute(
        statement, params or {}, execution_options=execution_options
    )
  File "C:\Users\iconaf\AppData\Local\Programs\Python\Python313\Lib\site-packages\sqlalchemy\engine\base.py", line 1419, in execute
    return meth(
        self,
        distilled_parameters,
        execution_options or NO_OPTIONS,
    )
  File "C:\Users\iconaf\AppData\Local\Programs\Python\Python313\Lib\site-packages\sqlalchemy\sql\elements.py", line 526, in _execute_on_connection
    return connection._execute_clauseelement(
           ~~~~~~~~~~~~~~~~~~~~~~~~~~~~~~~~~^
        self, distilled_params, execution_options
        ^^^^^^^^^^^^^^^^^^^^^^^^^^^^^^^^^^^^^^^^^
    )
    ^
  File "C:\Users\iconaf\AppData\Local\Programs\Python\Python313\Lib\site-packages\sqlalchemy\engine\base.py", line 1633, in _execute_clauseelement
    compiled_sql, extracted_params, cache_hit = elem._compile_w_cache(
                                                ~~~~~~~~~~~~~~~~~~~~~^
        dialect=dialect,
        ^^^^^^^^^^^^^^^^
    ...<4 lines>...
        linting=self.dialect.compiler_linting | compiler.WARN_LINTING,
        ^^^^^^^^^^^^^^^^^^^^^^^^^^^^^^^^^^^^^^^^^^^^^^^^^^^^^^^^^^^^^^
    )
    ^
  File "C:\Users\iconaf\AppData\Local\Programs\Python\Python313\Lib\site-packages\sqlalchemy\sql\elements.py", line 715, in _compile_w_cache
    compiled_sql = self._compiler(
        dialect,
    ...<4 lines>...
        **kw,
    )
  File "C:\Users\iconaf\AppData\Local\Programs\Python\Python313\Lib\site-packages\sqlalchemy\sql\elements.py", line 323, in _compiler
    return dialect.statement_compiler(dialect, self, **kw)
           ~~~~~~~~~~~~~~~~~~~~~~~~~~^^^^^^^^^^^^^^^^^^^^^
  File "C:\Users\iconaf\AppData\Local\Programs\Python\Python313\Lib\site-packages\sqlalchemy\sql\compiler.py", line 1446, in __init__
    Compiled.__init__(self, dialect, statement, **kwargs)
    ~~~~~~~~~~~~~~~~~^^^^^^^^^^^^^^^^^^^^^^^^^^^^^^^^^^^^
  File "C:\Users\iconaf\AppData\Local\Programs\Python\Python313\Lib\site-packages\sqlalchemy\sql\compiler.py", line 886, in __init__
    self.string = self.process(self.statement, **compile_kwargs)
                  ~~~~~~~~~~~~^^^^^^^^^^^^^^^^^^^^^^^^^^^^^^^^^^
  File "C:\Users\iconaf\AppData\Local\Programs\Python\Python313\Lib\site-packages\sqlalchemy\sql\compiler.py", line 932, in process
    return obj._compiler_dispatch(self, **kwargs)
           ~~~~~~~~~~~~~~~~~~~~~~^^^^^^^^^^^^^^^^
  File "C:\Users\iconaf\AppData\Local\Programs\Python\Python313\Lib\site-packages\sqlalchemy\sql\visitors.py", line 138, in _compiler_dispatch
    return meth(self, **kw)  # type: ignore  # noqa: E501
  File "C:\Users\iconaf\AppData\Local\Programs\Python\Python313\Lib\site-packages\sqlalchemy\sql\compiler.py", line 4781, in visit_select
    compile_state = select_stmt._compile_state_factory(
        select_stmt, self, **kwargs
    )
  File "C:\Users\iconaf\AppData\Local\Programs\Python\Python313\Lib\site-packages\sqlalchemy\sql\base.py", line 701, in create_for_statement
    return klass.create_for_statement(statement, compiler, **kw)
           ~~~~~~~~~~~~~~~~~~~~~~~~~~^^^^^^^^^^^^^^^^^^^^^^^^^^^
  File "C:\Users\iconaf\AppData\Local\Programs\Python\Python313\Lib\site-packages\sqlalchemy\orm\context.py", line 447, in create_for_statement
    return cls._create_orm_context(
           ~~~~~~~~~~~~~~~~~~~~~~~^
        cast("Union[Select, FromStatement]", statement),
        ^^^^^^^^^^^^^^^^^^^^^^^^^^^^^^^^^^^^^^^^^^^^^^^^
    ...<2 lines>...
        **kw,
        ^^^^^
    )
    ^
  File "C:\Users\iconaf\AppData\Local\Programs\Python\Python313\Lib\site-packages\sqlalchemy\orm\context.py", line 1175, in _create_orm_context
    _QueryEntity.to_compile_state(
    ~~~~~~~~~~~~~~~~~~~~~~~~~~~~~^
        self,
        ^^^^^
    ...<2 lines>...
        is_current_entities=True,
        ^^^^^^^^^^^^^^^^^^^^^^^^^
    )
    ^
  File "C:\Users\iconaf\AppData\Local\Programs\Python\Python313\Lib\site-packages\sqlalchemy\orm\context.py", line 2628, in to_compile_state
    _MapperEntity(
    ~~~~~~~~~~~~~^
        compile_state,
        ^^^^^^^^^^^^^^
    ...<2 lines>...
        is_current_entities,
        ^^^^^^^^^^^^^^^^^^^^
    )
    ^
  File "C:\Users\iconaf\AppData\Local\Programs\Python\Python313\Lib\site-packages\sqlalchemy\orm\context.py", line 2708, in __init__
    entity._post_inspect
  File "C:\Users\iconaf\AppData\Local\Programs\Python\Python313\Lib\site-packages\sqlalchemy\util\langhelpers.py", line 1338, in __get__
    obj.__dict__[self.__name__] = result = self.fget(obj)
                                           ~~~~~~~~~^^^^^
  File "C:\Users\iconaf\AppData\Local\Programs\Python\Python313\Lib\site-packages\sqlalchemy\orm\mapper.py", line 2724, in _post_inspect
    self._check_configure()
    ~~~~~~~~~~~~~~~~~~~~~^^
  File "C:\Users\iconaf\AppData\Local\Programs\Python\Python313\Lib\site-packages\sqlalchemy\orm\mapper.py", line 2401, in _check_configure
    _configure_registries({self.registry}, cascade=True)
    ~~~~~~~~~~~~~~~~~~~~~^^^^^^^^^^^^^^^^^^^^^^^^^^^^^^^
  File "C:\Users\iconaf\AppData\Local\Programs\Python\Python313\Lib\site-packages\sqlalchemy\orm\mapper.py", line 4218, in _configure_registries
    _do_configure_registries(registries, cascade)
    ~~~~~~~~~~~~~~~~~~~~~~~~^^^^^^^^^^^^^^^^^^^^^
  File "C:\Users\iconaf\AppData\Local\Programs\Python\Python313\Lib\site-packages\sqlalchemy\orm\mapper.py", line 4259, in _do_configure_registries
    mapper._post_configure_properties()
    ~~~~~~~~~~~~~~~~~~~~~~~~~~~~~~~~~^^
  File "C:\Users\iconaf\AppData\Local\Programs\Python\Python313\Lib\site-packages\sqlalchemy\orm\mapper.py", line 2418, in _post_configure_properties
    prop.init()
    ~~~~~~~~~^^
  File "C:\Users\iconaf\AppData\Local\Programs\Python\Python313\Lib\site-packages\sqlalchemy\orm\interfaces.py", line 595, in init
    self.do_init()
    ~~~~~~~~~~~~^^
  File "C:\Users\iconaf\AppData\Local\Programs\Python\Python313\Lib\site-packages\sqlalchemy\orm\relationships.py", line 1657, in do_init
    self._setup_join_conditions()
    ~~~~~~~~~~~~~~~~~~~~~~~~~~~^^
  File "C:\Users\iconaf\AppData\Local\Programs\Python\Python313\Lib\site-packages\sqlalchemy\orm\relationships.py", line 1895, in _setup_join_conditions
    self._join_condition = jc = JoinCondition(
                                ~~~~~~~~~~~~~^
        parent_persist_selectable=self.parent.persist_selectable,
        ^^^^^^^^^^^^^^^^^^^^^^^^^^^^^^^^^^^^^^^^^^^^^^^^^^^^^^^^^
    ...<14 lines>...
        can_be_synced_fn=self._columns_are_mapped,
        ^^^^^^^^^^^^^^^^^^^^^^^^^^^^^^^^^^^^^^^^^^
    )
    ^
  File "C:\Users\iconaf\AppData\Local\Programs\Python\Python313\Lib\site-packages\sqlalchemy\orm\relationships.py", line 2321, in __init__
    self._determine_joins()
    ~~~~~~~~~~~~~~~~~~~~~^^
  File "C:\Users\iconaf\AppData\Local\Programs\Python\Python313\Lib\site-packages\sqlalchemy\orm\relationships.py", line 2455, in _determine_joins
    raise sa_exc.NoForeignKeysError(
    ...<7 lines>...
    ) from nfe
sqlalchemy.exc.NoForeignKeysError: Could not determine join condition between parent/child tables on relationship campaign_tbl.campaign_rules - there are no foreign keys linking these tables.  Ensure that referencing columns are associated with a ForeignKey or ForeignKeyConstraint, or specify a 'primaryjoin' expression.
2025-11-12 09:08:39,861 - als auth logger - ERROR - an internal server error occurred while registering user:dave@gmail.com:Could not determine join condition between parent/child tables on relationship campaign_tbl.campaign_rules - there are no foreign keys linking these tables.  Ensure that referencing columns are associated with a ForeignKey or ForeignKeyConstraint, or specify a 'primaryjoin' expression.
Traceback (most recent call last):
  File "C:\Users\iconaf\AppData\Local\Programs\Python\Python313\Lib\site-packages\sqlalchemy\orm\relationships.py", line 2434, in _determine_joins
    self.primaryjoin = join_condition(
                       ~~~~~~~~~~~~~~^
        self.parent_persist_selectable,
        ^^^^^^^^^^^^^^^^^^^^^^^^^^^^^^^
    ...<2 lines>...
        consider_as_foreign_keys=consider_as_foreign_keys,
        ^^^^^^^^^^^^^^^^^^^^^^^^^^^^^^^^^^^^^^^^^^^^^^^^^^
    )
    ^
  File "C:\Users\iconaf\AppData\Local\Programs\Python\Python313\Lib\site-packages\sqlalchemy\sql\util.py", line 121, in join_condition
    return Join._join_condition(
           ~~~~~~~~~~~~~~~~~~~~^
        a,
        ^^
    ...<2 lines>...
        consider_as_foreign_keys=consider_as_foreign_keys,
        ^^^^^^^^^^^^^^^^^^^^^^^^^^^^^^^^^^^^^^^^^^^^^^^^^^
    )
    ^
  File "C:\Users\iconaf\AppData\Local\Programs\Python\Python313\Lib\site-packages\sqlalchemy\sql\selectable.py", line 1447, in _join_condition
    raise exc.NoForeignKeysError(
    ...<3 lines>...
    )
sqlalchemy.exc.NoForeignKeysError: Can't find any foreign key relationships between 'campaign_tbl' and 'campaign_rule_tbl'.

The above exception was the direct cause of the following exception:

Traceback (most recent call last):
  File "C:\Users\iconaf\Documents\als_folder\als_backend_api\crud\users.py", line 19, in create_user
    user_resource=await session.execute(user_query)
                  ^^^^^^^^^^^^^^^^^^^^^^^^^^^^^^^^^
  File "C:\Users\iconaf\AppData\Local\Programs\Python\Python313\Lib\site-packages\sqlmodel\ext\asyncio\session.py", line 143, in execute
    return await super().execute(
           ^^^^^^^^^^^^^^^^^^^^^^
    ...<6 lines>...
    )
    ^
  File "C:\Users\iconaf\AppData\Local\Programs\Python\Python313\Lib\site-packages\sqlalchemy\ext\asyncio\session.py", line 449, in execute
    result = await greenlet_spawn(
             ^^^^^^^^^^^^^^^^^^^^^
    ...<6 lines>...
    )
    ^
  File "C:\Users\iconaf\AppData\Local\Programs\Python\Python313\Lib\site-packages\sqlalchemy\util\_concurrency_py3k.py", line 190, in greenlet_spawn
    result = context.switch(*args, **kwargs)
  File "C:\Users\iconaf\AppData\Local\Programs\Python\Python313\Lib\site-packages\sqlmodel\orm\session.py", line 127, in execute
    return super().execute(
           ~~~~~~~~~~~~~~~^
        statement,
        ^^^^^^^^^^
    ...<4 lines>...
        _add_event=_add_event,
        ^^^^^^^^^^^^^^^^^^^^^^
    )
    ^
  File "C:\Users\iconaf\AppData\Local\Programs\Python\Python313\Lib\site-packages\sqlalchemy\orm\session.py", line 2351, in execute
    return self._execute_internal(
           ~~~~~~~~~~~~~~~~~~~~~~^
        statement,
        ^^^^^^^^^^
    ...<4 lines>...
        _add_event=_add_event,
        ^^^^^^^^^^^^^^^^^^^^^^
    )
    ^
  File "C:\Users\iconaf\AppData\Local\Programs\Python\Python313\Lib\site-packages\sqlalchemy\orm\session.py", line 2249, in _execute_internal
    result: Result[Any] = compile_state_cls.orm_execute_statement(
                          ~~~~~~~~~~~~~~~~~~~~~~~~~~~~~~~~~~~~~~~^
        self,
        ^^^^^
    ...<4 lines>...
        conn,
        ^^^^^
    )
    ^
  File "C:\Users\iconaf\AppData\Local\Programs\Python\Python313\Lib\site-packages\sqlalchemy\orm\context.py", line 306, in orm_execute_statement
    result = conn.execute(
        statement, params or {}, execution_options=execution_options
    )
  File "C:\Users\iconaf\AppData\Local\Programs\Python\Python313\Lib\site-packages\sqlalchemy\engine\base.py", line 1419, in execute
    return meth(
        self,
        distilled_parameters,
        execution_options or NO_OPTIONS,
    )
  File "C:\Users\iconaf\AppData\Local\Programs\Python\Python313\Lib\site-packages\sqlalchemy\sql\elements.py", line 526, in _execute_on_connection
    return connection._execute_clauseelement(
           ~~~~~~~~~~~~~~~~~~~~~~~~~~~~~~~~~^
        self, distilled_params, execution_options
        ^^^^^^^^^^^^^^^^^^^^^^^^^^^^^^^^^^^^^^^^^
    )
    ^
  File "C:\Users\iconaf\AppData\Local\Programs\Python\Python313\Lib\site-packages\sqlalchemy\engine\base.py", line 1633, in _execute_clauseelement
    compiled_sql, extracted_params, cache_hit = elem._compile_w_cache(
                                                ~~~~~~~~~~~~~~~~~~~~~^
        dialect=dialect,
        ^^^^^^^^^^^^^^^^
    ...<4 lines>...
        linting=self.dialect.compiler_linting | compiler.WARN_LINTING,
        ^^^^^^^^^^^^^^^^^^^^^^^^^^^^^^^^^^^^^^^^^^^^^^^^^^^^^^^^^^^^^^
    )
    ^
  File "C:\Users\iconaf\AppData\Local\Programs\Python\Python313\Lib\site-packages\sqlalchemy\sql\elements.py", line 715, in _compile_w_cache
    compiled_sql = self._compiler(
        dialect,
    ...<4 lines>...
        **kw,
    )
  File "C:\Users\iconaf\AppData\Local\Programs\Python\Python313\Lib\site-packages\sqlalchemy\sql\elements.py", line 323, in _compiler
    return dialect.statement_compiler(dialect, self, **kw)
           ~~~~~~~~~~~~~~~~~~~~~~~~~~^^^^^^^^^^^^^^^^^^^^^
  File "C:\Users\iconaf\AppData\Local\Programs\Python\Python313\Lib\site-packages\sqlalchemy\sql\compiler.py", line 1446, in __init__
    Compiled.__init__(self, dialect, statement, **kwargs)
    ~~~~~~~~~~~~~~~~~^^^^^^^^^^^^^^^^^^^^^^^^^^^^^^^^^^^^
  File "C:\Users\iconaf\AppData\Local\Programs\Python\Python313\Lib\site-packages\sqlalchemy\sql\compiler.py", line 886, in __init__
    self.string = self.process(self.statement, **compile_kwargs)
                  ~~~~~~~~~~~~^^^^^^^^^^^^^^^^^^^^^^^^^^^^^^^^^^
  File "C:\Users\iconaf\AppData\Local\Programs\Python\Python313\Lib\site-packages\sqlalchemy\sql\compiler.py", line 932, in process
    return obj._compiler_dispatch(self, **kwargs)
           ~~~~~~~~~~~~~~~~~~~~~~^^^^^^^^^^^^^^^^
  File "C:\Users\iconaf\AppData\Local\Programs\Python\Python313\Lib\site-packages\sqlalchemy\sql\visitors.py", line 138, in _compiler_dispatch
    return meth(self, **kw)  # type: ignore  # noqa: E501
  File "C:\Users\iconaf\AppData\Local\Programs\Python\Python313\Lib\site-packages\sqlalchemy\sql\compiler.py", line 4781, in visit_select
    compile_state = select_stmt._compile_state_factory(
        select_stmt, self, **kwargs
    )
  File "C:\Users\iconaf\AppData\Local\Programs\Python\Python313\Lib\site-packages\sqlalchemy\sql\base.py", line 701, in create_for_statement
    return klass.create_for_statement(statement, compiler, **kw)
           ~~~~~~~~~~~~~~~~~~~~~~~~~~^^^^^^^^^^^^^^^^^^^^^^^^^^^
  File "C:\Users\iconaf\AppData\Local\Programs\Python\Python313\Lib\site-packages\sqlalchemy\orm\context.py", line 447, in create_for_statement
    return cls._create_orm_context(
           ~~~~~~~~~~~~~~~~~~~~~~~^
        cast("Union[Select, FromStatement]", statement),
        ^^^^^^^^^^^^^^^^^^^^^^^^^^^^^^^^^^^^^^^^^^^^^^^^
    ...<2 lines>...
        **kw,
        ^^^^^
    )
    ^
  File "C:\Users\iconaf\AppData\Local\Programs\Python\Python313\Lib\site-packages\sqlalchemy\orm\context.py", line 1175, in _create_orm_context
    _QueryEntity.to_compile_state(
    ~~~~~~~~~~~~~~~~~~~~~~~~~~~~~^
        self,
        ^^^^^
    ...<2 lines>...
        is_current_entities=True,
        ^^^^^^^^^^^^^^^^^^^^^^^^^
    )
    ^
  File "C:\Users\iconaf\AppData\Local\Programs\Python\Python313\Lib\site-packages\sqlalchemy\orm\context.py", line 2628, in to_compile_state
    _MapperEntity(
    ~~~~~~~~~~~~~^
        compile_state,
        ^^^^^^^^^^^^^^
    ...<2 lines>...
        is_current_entities,
        ^^^^^^^^^^^^^^^^^^^^
    )
    ^
  File "C:\Users\iconaf\AppData\Local\Programs\Python\Python313\Lib\site-packages\sqlalchemy\orm\context.py", line 2708, in __init__
    entity._post_inspect
  File "C:\Users\iconaf\AppData\Local\Programs\Python\Python313\Lib\site-packages\sqlalchemy\util\langhelpers.py", line 1338, in __get__
    obj.__dict__[self.__name__] = result = self.fget(obj)
                                           ~~~~~~~~~^^^^^
  File "C:\Users\iconaf\AppData\Local\Programs\Python\Python313\Lib\site-packages\sqlalchemy\orm\mapper.py", line 2724, in _post_inspect
    self._check_configure()
    ~~~~~~~~~~~~~~~~~~~~~^^
  File "C:\Users\iconaf\AppData\Local\Programs\Python\Python313\Lib\site-packages\sqlalchemy\orm\mapper.py", line 2401, in _check_configure
    _configure_registries({self.registry}, cascade=True)
    ~~~~~~~~~~~~~~~~~~~~~^^^^^^^^^^^^^^^^^^^^^^^^^^^^^^^
  File "C:\Users\iconaf\AppData\Local\Programs\Python\Python313\Lib\site-packages\sqlalchemy\orm\mapper.py", line 4218, in _configure_registries
    _do_configure_registries(registries, cascade)
    ~~~~~~~~~~~~~~~~~~~~~~~~^^^^^^^^^^^^^^^^^^^^^
  File "C:\Users\iconaf\AppData\Local\Programs\Python\Python313\Lib\site-packages\sqlalchemy\orm\mapper.py", line 4259, in _do_configure_registries
    mapper._post_configure_properties()
    ~~~~~~~~~~~~~~~~~~~~~~~~~~~~~~~~~^^
  File "C:\Users\iconaf\AppData\Local\Programs\Python\Python313\Lib\site-packages\sqlalchemy\orm\mapper.py", line 2418, in _post_configure_properties
    prop.init()
    ~~~~~~~~~^^
  File "C:\Users\iconaf\AppData\Local\Programs\Python\Python313\Lib\site-packages\sqlalchemy\orm\interfaces.py", line 595, in init
    self.do_init()
    ~~~~~~~~~~~~^^
  File "C:\Users\iconaf\AppData\Local\Programs\Python\Python313\Lib\site-packages\sqlalchemy\orm\relationships.py", line 1657, in do_init
    self._setup_join_conditions()
    ~~~~~~~~~~~~~~~~~~~~~~~~~~~^^
  File "C:\Users\iconaf\AppData\Local\Programs\Python\Python313\Lib\site-packages\sqlalchemy\orm\relationships.py", line 1895, in _setup_join_conditions
    self._join_condition = jc = JoinCondition(
                                ~~~~~~~~~~~~~^
        parent_persist_selectable=self.parent.persist_selectable,
        ^^^^^^^^^^^^^^^^^^^^^^^^^^^^^^^^^^^^^^^^^^^^^^^^^^^^^^^^^
    ...<14 lines>...
        can_be_synced_fn=self._columns_are_mapped,
        ^^^^^^^^^^^^^^^^^^^^^^^^^^^^^^^^^^^^^^^^^^
    )
    ^
  File "C:\Users\iconaf\AppData\Local\Programs\Python\Python313\Lib\site-packages\sqlalchemy\orm\relationships.py", line 2321, in __init__
    self._determine_joins()
    ~~~~~~~~~~~~~~~~~~~~~^^
  File "C:\Users\iconaf\AppData\Local\Programs\Python\Python313\Lib\site-packages\sqlalchemy\orm\relationships.py", line 2455, in _determine_joins
    raise sa_exc.NoForeignKeysError(
    ...<7 lines>...
    ) from nfe
sqlalchemy.exc.NoForeignKeysError: Could not determine join condition between parent/child tables on relationship campaign_tbl.campaign_rules - there are no foreign keys linking these tables.  Ensure that referencing columns are associated with a ForeignKey or ForeignKeyConstraint, or specify a 'primaryjoin' expression.
2025-11-12 11:32:42,353 - als auth logger - ERROR - an internal server error occurred while registering user:dave@gmail.com:Mapper 'Mapper[campaign_rule_tbl(campaign_rule_tbl)]' has no property 'campaign'.  If this property was indicated from other mappers or configure events, ensure registry.configure() has been called.
Traceback (most recent call last):
  File "C:\Users\iconaf\AppData\Local\Programs\Python\Python313\Lib\site-packages\sqlalchemy\orm\mapper.py", line 2522, in get_property
    return self._props[key]
           ~~~~~~~~~~~^^^^^
KeyError: 'campaign'

The above exception was the direct cause of the following exception:

Traceback (most recent call last):
  File "C:\Users\iconaf\Documents\als_folder\als_backend_api\crud\users.py", line 19, in create_user
    user_resource=await session.execute(user_query)
                  ^^^^^^^^^^^^^^^^^^^^^^^^^^^^^^^^^
  File "C:\Users\iconaf\AppData\Local\Programs\Python\Python313\Lib\site-packages\sqlmodel\ext\asyncio\session.py", line 143, in execute
    return await super().execute(
           ^^^^^^^^^^^^^^^^^^^^^^
    ...<6 lines>...
    )
    ^
  File "C:\Users\iconaf\AppData\Local\Programs\Python\Python313\Lib\site-packages\sqlalchemy\ext\asyncio\session.py", line 449, in execute
    result = await greenlet_spawn(
             ^^^^^^^^^^^^^^^^^^^^^
    ...<6 lines>...
    )
    ^
  File "C:\Users\iconaf\AppData\Local\Programs\Python\Python313\Lib\site-packages\sqlalchemy\util\_concurrency_py3k.py", line 190, in greenlet_spawn
    result = context.switch(*args, **kwargs)
  File "C:\Users\iconaf\AppData\Local\Programs\Python\Python313\Lib\site-packages\sqlmodel\orm\session.py", line 127, in execute
    return super().execute(
           ~~~~~~~~~~~~~~~^
        statement,
        ^^^^^^^^^^
    ...<4 lines>...
        _add_event=_add_event,
        ^^^^^^^^^^^^^^^^^^^^^^
    )
    ^
  File "C:\Users\iconaf\AppData\Local\Programs\Python\Python313\Lib\site-packages\sqlalchemy\orm\session.py", line 2351, in execute
    return self._execute_internal(
           ~~~~~~~~~~~~~~~~~~~~~~^
        statement,
        ^^^^^^^^^^
    ...<4 lines>...
        _add_event=_add_event,
        ^^^^^^^^^^^^^^^^^^^^^^
    )
    ^
  File "C:\Users\iconaf\AppData\Local\Programs\Python\Python313\Lib\site-packages\sqlalchemy\orm\session.py", line 2249, in _execute_internal
    result: Result[Any] = compile_state_cls.orm_execute_statement(
                          ~~~~~~~~~~~~~~~~~~~~~~~~~~~~~~~~~~~~~~~^
        self,
        ^^^^^
    ...<4 lines>...
        conn,
        ^^^^^
    )
    ^
  File "C:\Users\iconaf\AppData\Local\Programs\Python\Python313\Lib\site-packages\sqlalchemy\orm\context.py", line 306, in orm_execute_statement
    result = conn.execute(
        statement, params or {}, execution_options=execution_options
    )
  File "C:\Users\iconaf\AppData\Local\Programs\Python\Python313\Lib\site-packages\sqlalchemy\engine\base.py", line 1419, in execute
    return meth(
        self,
        distilled_parameters,
        execution_options or NO_OPTIONS,
    )
  File "C:\Users\iconaf\AppData\Local\Programs\Python\Python313\Lib\site-packages\sqlalchemy\sql\elements.py", line 526, in _execute_on_connection
    return connection._execute_clauseelement(
           ~~~~~~~~~~~~~~~~~~~~~~~~~~~~~~~~~^
        self, distilled_params, execution_options
        ^^^^^^^^^^^^^^^^^^^^^^^^^^^^^^^^^^^^^^^^^
    )
    ^
  File "C:\Users\iconaf\AppData\Local\Programs\Python\Python313\Lib\site-packages\sqlalchemy\engine\base.py", line 1633, in _execute_clauseelement
    compiled_sql, extracted_params, cache_hit = elem._compile_w_cache(
                                                ~~~~~~~~~~~~~~~~~~~~~^
        dialect=dialect,
        ^^^^^^^^^^^^^^^^
    ...<4 lines>...
        linting=self.dialect.compiler_linting | compiler.WARN_LINTING,
        ^^^^^^^^^^^^^^^^^^^^^^^^^^^^^^^^^^^^^^^^^^^^^^^^^^^^^^^^^^^^^^
    )
    ^
  File "C:\Users\iconaf\AppData\Local\Programs\Python\Python313\Lib\site-packages\sqlalchemy\sql\elements.py", line 715, in _compile_w_cache
    compiled_sql = self._compiler(
        dialect,
    ...<4 lines>...
        **kw,
    )
  File "C:\Users\iconaf\AppData\Local\Programs\Python\Python313\Lib\site-packages\sqlalchemy\sql\elements.py", line 323, in _compiler
    return dialect.statement_compiler(dialect, self, **kw)
           ~~~~~~~~~~~~~~~~~~~~~~~~~~^^^^^^^^^^^^^^^^^^^^^
  File "C:\Users\iconaf\AppData\Local\Programs\Python\Python313\Lib\site-packages\sqlalchemy\sql\compiler.py", line 1446, in __init__
    Compiled.__init__(self, dialect, statement, **kwargs)
    ~~~~~~~~~~~~~~~~~^^^^^^^^^^^^^^^^^^^^^^^^^^^^^^^^^^^^
  File "C:\Users\iconaf\AppData\Local\Programs\Python\Python313\Lib\site-packages\sqlalchemy\sql\compiler.py", line 886, in __init__
    self.string = self.process(self.statement, **compile_kwargs)
                  ~~~~~~~~~~~~^^^^^^^^^^^^^^^^^^^^^^^^^^^^^^^^^^
  File "C:\Users\iconaf\AppData\Local\Programs\Python\Python313\Lib\site-packages\sqlalchemy\sql\compiler.py", line 932, in process
    return obj._compiler_dispatch(self, **kwargs)
           ~~~~~~~~~~~~~~~~~~~~~~^^^^^^^^^^^^^^^^
  File "C:\Users\iconaf\AppData\Local\Programs\Python\Python313\Lib\site-packages\sqlalchemy\sql\visitors.py", line 138, in _compiler_dispatch
    return meth(self, **kw)  # type: ignore  # noqa: E501
  File "C:\Users\iconaf\AppData\Local\Programs\Python\Python313\Lib\site-packages\sqlalchemy\sql\compiler.py", line 4781, in visit_select
    compile_state = select_stmt._compile_state_factory(
        select_stmt, self, **kwargs
    )
  File "C:\Users\iconaf\AppData\Local\Programs\Python\Python313\Lib\site-packages\sqlalchemy\sql\base.py", line 701, in create_for_statement
    return klass.create_for_statement(statement, compiler, **kw)
           ~~~~~~~~~~~~~~~~~~~~~~~~~~^^^^^^^^^^^^^^^^^^^^^^^^^^^
  File "C:\Users\iconaf\AppData\Local\Programs\Python\Python313\Lib\site-packages\sqlalchemy\orm\context.py", line 447, in create_for_statement
    return cls._create_orm_context(
           ~~~~~~~~~~~~~~~~~~~~~~~^
        cast("Union[Select, FromStatement]", statement),
        ^^^^^^^^^^^^^^^^^^^^^^^^^^^^^^^^^^^^^^^^^^^^^^^^
    ...<2 lines>...
        **kw,
        ^^^^^
    )
    ^
  File "C:\Users\iconaf\AppData\Local\Programs\Python\Python313\Lib\site-packages\sqlalchemy\orm\context.py", line 1175, in _create_orm_context
    _QueryEntity.to_compile_state(
    ~~~~~~~~~~~~~~~~~~~~~~~~~~~~~^
        self,
        ^^^^^
    ...<2 lines>...
        is_current_entities=True,
        ^^^^^^^^^^^^^^^^^^^^^^^^^
    )
    ^
  File "C:\Users\iconaf\AppData\Local\Programs\Python\Python313\Lib\site-packages\sqlalchemy\orm\context.py", line 2628, in to_compile_state
    _MapperEntity(
    ~~~~~~~~~~~~~^
        compile_state,
        ^^^^^^^^^^^^^^
    ...<2 lines>...
        is_current_entities,
        ^^^^^^^^^^^^^^^^^^^^
    )
    ^
  File "C:\Users\iconaf\AppData\Local\Programs\Python\Python313\Lib\site-packages\sqlalchemy\orm\context.py", line 2708, in __init__
    entity._post_inspect
  File "C:\Users\iconaf\AppData\Local\Programs\Python\Python313\Lib\site-packages\sqlalchemy\util\langhelpers.py", line 1338, in __get__
    obj.__dict__[self.__name__] = result = self.fget(obj)
                                           ~~~~~~~~~^^^^^
  File "C:\Users\iconaf\AppData\Local\Programs\Python\Python313\Lib\site-packages\sqlalchemy\orm\mapper.py", line 2724, in _post_inspect
    self._check_configure()
    ~~~~~~~~~~~~~~~~~~~~~^^
  File "C:\Users\iconaf\AppData\Local\Programs\Python\Python313\Lib\site-packages\sqlalchemy\orm\mapper.py", line 2401, in _check_configure
    _configure_registries({self.registry}, cascade=True)
    ~~~~~~~~~~~~~~~~~~~~~^^^^^^^^^^^^^^^^^^^^^^^^^^^^^^^
  File "C:\Users\iconaf\AppData\Local\Programs\Python\Python313\Lib\site-packages\sqlalchemy\orm\mapper.py", line 4218, in _configure_registries
    _do_configure_registries(registries, cascade)
    ~~~~~~~~~~~~~~~~~~~~~~~~^^^^^^^^^^^^^^^^^^^^^
  File "C:\Users\iconaf\AppData\Local\Programs\Python\Python313\Lib\site-packages\sqlalchemy\orm\mapper.py", line 4259, in _do_configure_registries
    mapper._post_configure_properties()
    ~~~~~~~~~~~~~~~~~~~~~~~~~~~~~~~~~^^
  File "C:\Users\iconaf\AppData\Local\Programs\Python\Python313\Lib\site-packages\sqlalchemy\orm\mapper.py", line 2418, in _post_configure_properties
    prop.init()
    ~~~~~~~~~^^
  File "C:\Users\iconaf\AppData\Local\Programs\Python\Python313\Lib\site-packages\sqlalchemy\orm\interfaces.py", line 595, in init
    self.do_init()
    ~~~~~~~~~~~~^^
  File "C:\Users\iconaf\AppData\Local\Programs\Python\Python313\Lib\site-packages\sqlalchemy\orm\relationships.py", line 1660, in do_init
    self._generate_backref()
    ~~~~~~~~~~~~~~~~~~~~~~^^
  File "C:\Users\iconaf\AppData\Local\Programs\Python\Python313\Lib\site-packages\sqlalchemy\orm\relationships.py", line 2144, in _generate_backref
    self._add_reverse_property(self.back_populates)
    ~~~~~~~~~~~~~~~~~~~~~~~~~~^^^^^^^^^^^^^^^^^^^^^
  File "C:\Users\iconaf\AppData\Local\Programs\Python\Python313\Lib\site-packages\sqlalchemy\orm\relationships.py", line 1591, in _add_reverse_property
    other = self.mapper.get_property(key, _configure_mappers=False)
  File "C:\Users\iconaf\AppData\Local\Programs\Python\Python313\Lib\site-packages\sqlalchemy\orm\mapper.py", line 2524, in get_property
    raise sa_exc.InvalidRequestError(
    ...<3 lines>...
    ) from err
sqlalchemy.exc.InvalidRequestError: Mapper 'Mapper[campaign_rule_tbl(campaign_rule_tbl)]' has no property 'campaign'.  If this property was indicated from other mappers or configure events, ensure registry.configure() has been called.
2025-11-12 11:32:42,353 - als auth logger - ERROR - an internal server error occurred while registering user:dave@gmail.com:Mapper 'Mapper[campaign_rule_tbl(campaign_rule_tbl)]' has no property 'campaign'.  If this property was indicated from other mappers or configure events, ensure registry.configure() has been called.
Traceback (most recent call last):
  File "C:\Users\iconaf\AppData\Local\Programs\Python\Python313\Lib\site-packages\sqlalchemy\orm\mapper.py", line 2522, in get_property
    return self._props[key]
           ~~~~~~~~~~~^^^^^
KeyError: 'campaign'

The above exception was the direct cause of the following exception:

Traceback (most recent call last):
  File "C:\Users\iconaf\Documents\als_folder\als_backend_api\crud\users.py", line 19, in create_user
    user_resource=await session.execute(user_query)
                  ^^^^^^^^^^^^^^^^^^^^^^^^^^^^^^^^^
  File "C:\Users\iconaf\AppData\Local\Programs\Python\Python313\Lib\site-packages\sqlmodel\ext\asyncio\session.py", line 143, in execute
    return await super().execute(
           ^^^^^^^^^^^^^^^^^^^^^^
    ...<6 lines>...
    )
    ^
  File "C:\Users\iconaf\AppData\Local\Programs\Python\Python313\Lib\site-packages\sqlalchemy\ext\asyncio\session.py", line 449, in execute
    result = await greenlet_spawn(
             ^^^^^^^^^^^^^^^^^^^^^
    ...<6 lines>...
    )
    ^
  File "C:\Users\iconaf\AppData\Local\Programs\Python\Python313\Lib\site-packages\sqlalchemy\util\_concurrency_py3k.py", line 190, in greenlet_spawn
    result = context.switch(*args, **kwargs)
  File "C:\Users\iconaf\AppData\Local\Programs\Python\Python313\Lib\site-packages\sqlmodel\orm\session.py", line 127, in execute
    return super().execute(
           ~~~~~~~~~~~~~~~^
        statement,
        ^^^^^^^^^^
    ...<4 lines>...
        _add_event=_add_event,
        ^^^^^^^^^^^^^^^^^^^^^^
    )
    ^
  File "C:\Users\iconaf\AppData\Local\Programs\Python\Python313\Lib\site-packages\sqlalchemy\orm\session.py", line 2351, in execute
    return self._execute_internal(
           ~~~~~~~~~~~~~~~~~~~~~~^
        statement,
        ^^^^^^^^^^
    ...<4 lines>...
        _add_event=_add_event,
        ^^^^^^^^^^^^^^^^^^^^^^
    )
    ^
  File "C:\Users\iconaf\AppData\Local\Programs\Python\Python313\Lib\site-packages\sqlalchemy\orm\session.py", line 2249, in _execute_internal
    result: Result[Any] = compile_state_cls.orm_execute_statement(
                          ~~~~~~~~~~~~~~~~~~~~~~~~~~~~~~~~~~~~~~~^
        self,
        ^^^^^
    ...<4 lines>...
        conn,
        ^^^^^
    )
    ^
  File "C:\Users\iconaf\AppData\Local\Programs\Python\Python313\Lib\site-packages\sqlalchemy\orm\context.py", line 306, in orm_execute_statement
    result = conn.execute(
        statement, params or {}, execution_options=execution_options
    )
  File "C:\Users\iconaf\AppData\Local\Programs\Python\Python313\Lib\site-packages\sqlalchemy\engine\base.py", line 1419, in execute
    return meth(
        self,
        distilled_parameters,
        execution_options or NO_OPTIONS,
    )
  File "C:\Users\iconaf\AppData\Local\Programs\Python\Python313\Lib\site-packages\sqlalchemy\sql\elements.py", line 526, in _execute_on_connection
    return connection._execute_clauseelement(
           ~~~~~~~~~~~~~~~~~~~~~~~~~~~~~~~~~^
        self, distilled_params, execution_options
        ^^^^^^^^^^^^^^^^^^^^^^^^^^^^^^^^^^^^^^^^^
    )
    ^
  File "C:\Users\iconaf\AppData\Local\Programs\Python\Python313\Lib\site-packages\sqlalchemy\engine\base.py", line 1633, in _execute_clauseelement
    compiled_sql, extracted_params, cache_hit = elem._compile_w_cache(
                                                ~~~~~~~~~~~~~~~~~~~~~^
        dialect=dialect,
        ^^^^^^^^^^^^^^^^
    ...<4 lines>...
        linting=self.dialect.compiler_linting | compiler.WARN_LINTING,
        ^^^^^^^^^^^^^^^^^^^^^^^^^^^^^^^^^^^^^^^^^^^^^^^^^^^^^^^^^^^^^^
    )
    ^
  File "C:\Users\iconaf\AppData\Local\Programs\Python\Python313\Lib\site-packages\sqlalchemy\sql\elements.py", line 715, in _compile_w_cache
    compiled_sql = self._compiler(
        dialect,
    ...<4 lines>...
        **kw,
    )
  File "C:\Users\iconaf\AppData\Local\Programs\Python\Python313\Lib\site-packages\sqlalchemy\sql\elements.py", line 323, in _compiler
    return dialect.statement_compiler(dialect, self, **kw)
           ~~~~~~~~~~~~~~~~~~~~~~~~~~^^^^^^^^^^^^^^^^^^^^^
  File "C:\Users\iconaf\AppData\Local\Programs\Python\Python313\Lib\site-packages\sqlalchemy\sql\compiler.py", line 1446, in __init__
    Compiled.__init__(self, dialect, statement, **kwargs)
    ~~~~~~~~~~~~~~~~~^^^^^^^^^^^^^^^^^^^^^^^^^^^^^^^^^^^^
  File "C:\Users\iconaf\AppData\Local\Programs\Python\Python313\Lib\site-packages\sqlalchemy\sql\compiler.py", line 886, in __init__
    self.string = self.process(self.statement, **compile_kwargs)
                  ~~~~~~~~~~~~^^^^^^^^^^^^^^^^^^^^^^^^^^^^^^^^^^
  File "C:\Users\iconaf\AppData\Local\Programs\Python\Python313\Lib\site-packages\sqlalchemy\sql\compiler.py", line 932, in process
    return obj._compiler_dispatch(self, **kwargs)
           ~~~~~~~~~~~~~~~~~~~~~~^^^^^^^^^^^^^^^^
  File "C:\Users\iconaf\AppData\Local\Programs\Python\Python313\Lib\site-packages\sqlalchemy\sql\visitors.py", line 138, in _compiler_dispatch
    return meth(self, **kw)  # type: ignore  # noqa: E501
  File "C:\Users\iconaf\AppData\Local\Programs\Python\Python313\Lib\site-packages\sqlalchemy\sql\compiler.py", line 4781, in visit_select
    compile_state = select_stmt._compile_state_factory(
        select_stmt, self, **kwargs
    )
  File "C:\Users\iconaf\AppData\Local\Programs\Python\Python313\Lib\site-packages\sqlalchemy\sql\base.py", line 701, in create_for_statement
    return klass.create_for_statement(statement, compiler, **kw)
           ~~~~~~~~~~~~~~~~~~~~~~~~~~^^^^^^^^^^^^^^^^^^^^^^^^^^^
  File "C:\Users\iconaf\AppData\Local\Programs\Python\Python313\Lib\site-packages\sqlalchemy\orm\context.py", line 447, in create_for_statement
    return cls._create_orm_context(
           ~~~~~~~~~~~~~~~~~~~~~~~^
        cast("Union[Select, FromStatement]", statement),
        ^^^^^^^^^^^^^^^^^^^^^^^^^^^^^^^^^^^^^^^^^^^^^^^^
    ...<2 lines>...
        **kw,
        ^^^^^
    )
    ^
  File "C:\Users\iconaf\AppData\Local\Programs\Python\Python313\Lib\site-packages\sqlalchemy\orm\context.py", line 1175, in _create_orm_context
    _QueryEntity.to_compile_state(
    ~~~~~~~~~~~~~~~~~~~~~~~~~~~~~^
        self,
        ^^^^^
    ...<2 lines>...
        is_current_entities=True,
        ^^^^^^^^^^^^^^^^^^^^^^^^^
    )
    ^
  File "C:\Users\iconaf\AppData\Local\Programs\Python\Python313\Lib\site-packages\sqlalchemy\orm\context.py", line 2628, in to_compile_state
    _MapperEntity(
    ~~~~~~~~~~~~~^
        compile_state,
        ^^^^^^^^^^^^^^
    ...<2 lines>...
        is_current_entities,
        ^^^^^^^^^^^^^^^^^^^^
    )
    ^
  File "C:\Users\iconaf\AppData\Local\Programs\Python\Python313\Lib\site-packages\sqlalchemy\orm\context.py", line 2708, in __init__
    entity._post_inspect
  File "C:\Users\iconaf\AppData\Local\Programs\Python\Python313\Lib\site-packages\sqlalchemy\util\langhelpers.py", line 1338, in __get__
    obj.__dict__[self.__name__] = result = self.fget(obj)
                                           ~~~~~~~~~^^^^^
  File "C:\Users\iconaf\AppData\Local\Programs\Python\Python313\Lib\site-packages\sqlalchemy\orm\mapper.py", line 2724, in _post_inspect
    self._check_configure()
    ~~~~~~~~~~~~~~~~~~~~~^^
  File "C:\Users\iconaf\AppData\Local\Programs\Python\Python313\Lib\site-packages\sqlalchemy\orm\mapper.py", line 2401, in _check_configure
    _configure_registries({self.registry}, cascade=True)
    ~~~~~~~~~~~~~~~~~~~~~^^^^^^^^^^^^^^^^^^^^^^^^^^^^^^^
  File "C:\Users\iconaf\AppData\Local\Programs\Python\Python313\Lib\site-packages\sqlalchemy\orm\mapper.py", line 4218, in _configure_registries
    _do_configure_registries(registries, cascade)
    ~~~~~~~~~~~~~~~~~~~~~~~~^^^^^^^^^^^^^^^^^^^^^
  File "C:\Users\iconaf\AppData\Local\Programs\Python\Python313\Lib\site-packages\sqlalchemy\orm\mapper.py", line 4259, in _do_configure_registries
    mapper._post_configure_properties()
    ~~~~~~~~~~~~~~~~~~~~~~~~~~~~~~~~~^^
  File "C:\Users\iconaf\AppData\Local\Programs\Python\Python313\Lib\site-packages\sqlalchemy\orm\mapper.py", line 2418, in _post_configure_properties
    prop.init()
    ~~~~~~~~~^^
  File "C:\Users\iconaf\AppData\Local\Programs\Python\Python313\Lib\site-packages\sqlalchemy\orm\interfaces.py", line 595, in init
    self.do_init()
    ~~~~~~~~~~~~^^
  File "C:\Users\iconaf\AppData\Local\Programs\Python\Python313\Lib\site-packages\sqlalchemy\orm\relationships.py", line 1660, in do_init
    self._generate_backref()
    ~~~~~~~~~~~~~~~~~~~~~~^^
  File "C:\Users\iconaf\AppData\Local\Programs\Python\Python313\Lib\site-packages\sqlalchemy\orm\relationships.py", line 2144, in _generate_backref
    self._add_reverse_property(self.back_populates)
    ~~~~~~~~~~~~~~~~~~~~~~~~~~^^^^^^^^^^^^^^^^^^^^^
  File "C:\Users\iconaf\AppData\Local\Programs\Python\Python313\Lib\site-packages\sqlalchemy\orm\relationships.py", line 1591, in _add_reverse_property
    other = self.mapper.get_property(key, _configure_mappers=False)
  File "C:\Users\iconaf\AppData\Local\Programs\Python\Python313\Lib\site-packages\sqlalchemy\orm\mapper.py", line 2524, in get_property
    raise sa_exc.InvalidRequestError(
    ...<3 lines>...
    ) from err
sqlalchemy.exc.InvalidRequestError: Mapper 'Mapper[campaign_rule_tbl(campaign_rule_tbl)]' has no property 'campaign'.  If this property was indicated from other mappers or configure events, ensure registry.configure() has been called.
2025-11-12 11:59:36,005 - als auth logger - INFO - user with email:dave@gmail.com already exists
2025-11-12 11:59:36,005 - als auth logger - INFO - user with email:dave@gmail.com already exists
2025-11-12 12:04:40,953 - als auth logger - INFO - user:dave@gmail.com successfully registered
2025-11-12 12:04:40,953 - als auth logger - INFO - user:dave@gmail.com successfully registered
2025-11-12 12:07:18,985 - als auth logger - INFO - user:bongumenzi@gmail.com successfully registered
2025-11-12 12:07:18,985 - als auth logger - INFO - user:bongumenzi@gmail.com successfully registered
2025-11-12 12:13:25,285 - als auth logger - INFO - user:tim@gmail.com successfully registered
2025-11-12 12:13:25,285 - als auth logger - INFO - user:tim@gmail.com successfully registered
2025-11-12 12:34:30,395 - als auth logger - INFO - username:tim@gmail.com successfully logged in
2025-11-12 12:34:30,395 - als auth logger - INFO - username:tim@gmail.com successfully logged in
2025-11-12 12:50:49,733 - als auth logger - INFO - username:tim@gmail.com successfully logged in
2025-11-12 12:50:49,733 - als auth logger - INFO - username:tim@gmail.com successfully logged in
2025-11-12 13:49:41,244 - als auth logger - INFO - username:tim@gmail.com successfully logged in
2025-11-12 13:49:41,244 - als auth logger - INFO - username:tim@gmail.com successfully logged in
2025-11-12 14:34:45,359 - als auth logger - INFO - username:tim@gmail.com successfully logged in
2025-11-12 14:34:45,359 - als auth logger - INFO - username:tim@gmail.com successfully logged in
2025-11-12 15:10:57,033 - als auth logger - INFO - username:tim@gmail.com successfully logged in
2025-11-12 15:10:57,033 - als auth logger - INFO - username:tim@gmail.com successfully logged in
2025-11-12 15:18:13,374 - als auth logger - INFO - username:tim@gmail.com successfully logged in
2025-11-12 15:18:13,374 - als auth logger - INFO - username:tim@gmail.com successfully logged in
2025-11-12 15:29:18,863 - als auth logger - INFO - username:tim@gmail.com successfully logged in
2025-11-12 15:29:18,863 - als auth logger - INFO - username:tim@gmail.com successfully logged in
2025-11-12 16:35:18,036 - als auth logger - INFO - username:tim@gmail.com successfully logged in
2025-11-12 16:35:18,036 - als auth logger - INFO - username:tim@gmail.com successfully logged in
2025-11-12 16:53:52,926 - als auth logger - INFO - username:tim@gmail.com successfully logged in
2025-11-12 16:53:52,926 - als auth logger - INFO - username:tim@gmail.com successfully logged in
2025-11-12 16:55:57,650 - als auth logger - INFO - user:BongumenziNzama@gmail.com successfully registered
2025-11-12 16:55:57,650 - als auth logger - INFO - user:BongumenziNzama@gmail.com successfully registered
2025-11-12 16:56:28,158 - als auth logger - INFO - username:BongumenziNzama@gmail.com successfully logged in
2025-11-12 16:56:28,158 - als auth logger - INFO - username:BongumenziNzama@gmail.com successfully logged in
2025-11-12 16:58:03,219 - als auth logger - INFO - username:BongumenziNzama@gmail.com successfully logged in
2025-11-12 16:58:03,219 - als auth logger - INFO - username:BongumenziNzama@gmail.com successfully logged in
2025-11-14 05:31:44,621 - als auth logger - INFO - username:tim@gmail.com successfully logged in
2025-11-14 05:31:44,621 - als auth logger - INFO - username:tim@gmail.com successfully logged in
2025-11-14 13:41:05,271 - als auth logger - INFO - user:bongumenzi27@gmail.com successfully registered
2025-11-14 13:41:05,271 - als auth logger - INFO - user:bongumenzi27@gmail.com successfully registered
2025-11-14 13:41:31,587 - als auth logger - INFO - username:bongumenzi27@gmail.com successfully logged in
2025-11-14 13:41:31,587 - als auth logger - INFO - username:bongumenzi27@gmail.com successfully logged in
2025-11-17 08:36:11,048 - als auth logger - INFO - user:Mnqobi@gmail.com successfully registered
2025-11-17 08:36:11,048 - als auth logger - INFO - user:Mnqobi@gmail.com successfully registered
2025-11-17 08:47:03,667 - als auth logger - INFO - username:Mnqobi@gmail.com successfully logged in
2025-11-17 08:47:03,667 - als auth logger - INFO - username:Mnqobi@gmail.com successfully logged in
2025-11-17 09:00:26,166 - als auth logger - INFO - username:Mnqobi@gmail.com successfully logged in
2025-11-17 09:00:26,166 - als auth logger - INFO - username:Mnqobi@gmail.com successfully logged in
2025-11-17 15:54:33,660 - als auth logger - INFO - username:Mnqobi@gmail.com successfully logged in
2025-11-17 15:54:33,660 - als auth logger - INFO - username:Mnqobi@gmail.com successfully logged in
