2025-09-23 09:26:24,874 - als campaign logs - INFO - campaign with campaign code:MIWAY created successfully
2025-09-23 09:28:01,275 - als campaign logs - INFO - campaign:TELESUREYORK with campaign code:TELESURE created successfully
2025-11-12 12:40:16,268 - als campaign logs - INFO - user:3 with email:tim@gmail.com created campaign:Durban_XLS_DBN from branch:Durban
2025-11-12 12:40:16,268 - als campaign logs - INFO - user:3 with email:tim@gmail.com created campaign:Durban_XLS_DBN from branch:Durban
2025-11-12 12:40:16,272 - als campaign logs - ERROR - internal server error occurred:1 validation error for CreateCampaignResponse
id
  Field required [type=missing, input_value=campaign_tbl(), input_type=campaign_tbl]
    For further information visit https://errors.pydantic.dev/2.12/v/missing
Traceback (most recent call last):
  File "C:\Users\iconaf\Documents\als_folder\als_backend_api\crud\campaigns.py", line 28, in create_campaign_db
    return CreateCampaignResponse.model_validate(db_campaign)
           ~~~~~~~~~~~~~~~~~~~~~~~~~~~~~~~~~~~~~^^^^^^^^^^^^^
  File "C:\Users\iconaf\AppData\Local\Programs\Python\Python313\Lib\site-packages\pydantic\main.py", line 716, in model_validate
    return cls.__pydantic_validator__.validate_python(
           ~~~~~~~~~~~~~~~~~~~~~~~~~~~~~~~~~~~~~~~~~~^
        obj,
        ^^^^
    ...<5 lines>...
        by_name=by_name,
        ^^^^^^^^^^^^^^^^
    )
    ^
pydantic_core._pydantic_core.ValidationError: 1 validation error for CreateCampaignResponse
id
  Field required [type=missing, input_value=campaign_tbl(), input_type=campaign_tbl]
    For further information visit https://errors.pydantic.dev/2.12/v/missing
2025-11-12 12:40:16,272 - als campaign logs - ERROR - internal server error occurred:1 validation error for CreateCampaignResponse
id
  Field required [type=missing, input_value=campaign_tbl(), input_type=campaign_tbl]
    For further information visit https://errors.pydantic.dev/2.12/v/missing
Traceback (most recent call last):
  File "C:\Users\iconaf\Documents\als_folder\als_backend_api\crud\campaigns.py", line 28, in create_campaign_db
    return CreateCampaignResponse.model_validate(db_campaign)
           ~~~~~~~~~~~~~~~~~~~~~~~~~~~~~~~~~~~~~^^^^^^^^^^^^^
  File "C:\Users\iconaf\AppData\Local\Programs\Python\Python313\Lib\site-packages\pydantic\main.py", line 716, in model_validate
    return cls.__pydantic_validator__.validate_python(
           ~~~~~~~~~~~~~~~~~~~~~~~~~~~~~~~~~~~~~~~~~~^
        obj,
        ^^^^
    ...<5 lines>...
        by_name=by_name,
        ^^^^^^^^^^^^^^^^
    )
    ^
pydantic_core._pydantic_core.ValidationError: 1 validation error for CreateCampaignResponse
id
  Field required [type=missing, input_value=campaign_tbl(), input_type=campaign_tbl]
    For further information visit https://errors.pydantic.dev/2.12/v/missing
2025-11-12 12:42:54,167 - als campaign logs - INFO - user:3 with email:tim@gmail.com requested campaign:Durban_XLS_DBN with campaign code:Durban_XLS from this branch:Durban
2025-11-12 12:42:54,167 - als campaign logs - INFO - user:3 with email:tim@gmail.com requested campaign:Durban_XLS_DBN with campaign code:Durban_XLS from this branch:Durban
2025-11-12 12:43:31,495 - als campaign logs - INFO - user:3 with email:tim@gmail.com created campaign:Durban_XLS_DBN from branch:Durban_XLS
2025-11-12 12:43:31,495 - als campaign logs - INFO - user:3 with email:tim@gmail.com created campaign:Durban_XLS_DBN from branch:Durban_XLS
2025-11-12 12:43:31,497 - als campaign logs - ERROR - internal server error occurred:1 validation error for CreateCampaignResponse
id
  Field required [type=missing, input_value=campaign_tbl(), input_type=campaign_tbl]
    For further information visit https://errors.pydantic.dev/2.12/v/missing
Traceback (most recent call last):
  File "C:\Users\iconaf\Documents\als_folder\als_backend_api\crud\campaigns.py", line 28, in create_campaign_db
    return CreateCampaignResponse.model_validate(db_campaign)
           ~~~~~~~~~~~~~~~~~~~~~~~~~~~~~~~~~~~~~^^^^^^^^^^^^^
  File "C:\Users\iconaf\AppData\Local\Programs\Python\Python313\Lib\site-packages\pydantic\main.py", line 716, in model_validate
    return cls.__pydantic_validator__.validate_python(
           ~~~~~~~~~~~~~~~~~~~~~~~~~~~~~~~~~~~~~~~~~~^
        obj,
        ^^^^
    ...<5 lines>...
        by_name=by_name,
        ^^^^^^^^^^^^^^^^
    )
    ^
pydantic_core._pydantic_core.ValidationError: 1 validation error for CreateCampaignResponse
id
  Field required [type=missing, input_value=campaign_tbl(), input_type=campaign_tbl]
    For further information visit https://errors.pydantic.dev/2.12/v/missing
2025-11-12 12:43:31,497 - als campaign logs - ERROR - internal server error occurred:1 validation error for CreateCampaignResponse
id
  Field required [type=missing, input_value=campaign_tbl(), input_type=campaign_tbl]
    For further information visit https://errors.pydantic.dev/2.12/v/missing
Traceback (most recent call last):
  File "C:\Users\iconaf\Documents\als_folder\als_backend_api\crud\campaigns.py", line 28, in create_campaign_db
    return CreateCampaignResponse.model_validate(db_campaign)
           ~~~~~~~~~~~~~~~~~~~~~~~~~~~~~~~~~~~~~^^^^^^^^^^^^^
  File "C:\Users\iconaf\AppData\Local\Programs\Python\Python313\Lib\site-packages\pydantic\main.py", line 716, in model_validate
    return cls.__pydantic_validator__.validate_python(
           ~~~~~~~~~~~~~~~~~~~~~~~~~~~~~~~~~~~~~~~~~~^
        obj,
        ^^^^
    ...<5 lines>...
        by_name=by_name,
        ^^^^^^^^^^^^^^^^
    )
    ^
pydantic_core._pydantic_core.ValidationError: 1 validation error for CreateCampaignResponse
id
  Field required [type=missing, input_value=campaign_tbl(), input_type=campaign_tbl]
    For further information visit https://errors.pydantic.dev/2.12/v/missing
2025-11-12 12:52:22,909 - als campaign logs - INFO - user:3 with email:tim@gmail.com attempted to retriev campaign:KING_PR_HQ
2025-11-12 12:52:22,909 - als campaign logs - INFO - user:3 with email:tim@gmail.com attempted to retriev campaign:KING_PR_HQ
2025-11-12 12:52:22,910 - als campaign logs - INFO - user:3 with email:tim@gmail.com requested campaign:KING_PRICE_DIGITAL with campaign code:KING_PR_HQ from this branch:HQ
2025-11-12 12:52:22,910 - als campaign logs - INFO - user:3 with email:tim@gmail.com requested campaign:KING_PRICE_DIGITAL with campaign code:KING_PR_HQ from this branch:HQ
2025-11-12 12:54:14,496 - als campaign logs - INFO - user:3 with email:tim@gmail.com attempted to retrievE campaign:KING_PR_DIGITAL
2025-11-12 12:54:14,496 - als campaign logs - INFO - user:3 with email:tim@gmail.com attempted to retrievE campaign:KING_PR_DIGITAL
2025-11-12 12:54:14,497 - als campaign logs - INFO - user:3 with email:tim@gmail.com requested campaign:KING_PRICE_DIGITAL2 with campaign code:KING_PR_DIGITAL from this branch:HQ
2025-11-12 12:54:14,497 - als campaign logs - INFO - user:3 with email:tim@gmail.com requested campaign:KING_PRICE_DIGITAL2 with campaign code:KING_PR_DIGITAL from this branch:HQ
2025-11-12 12:56:28,279 - als campaign logs - INFO - user:3 with email:tim@gmail.com attempted to retrievE campaign:KING_PR_DIGITAL
2025-11-12 12:56:28,279 - als campaign logs - INFO - user:3 with email:tim@gmail.com attempted to retrievE campaign:KING_PR_DIGITAL
2025-11-12 12:56:28,280 - als campaign logs - INFO - user:3 with email:tim@gmail.com requested campaign:KING_PRICE_DIGITAL2 with campaign code:KING_PR_DIGITAL from this branch:HQ
2025-11-12 12:56:28,280 - als campaign logs - INFO - user:3 with email:tim@gmail.com requested campaign:KING_PRICE_DIGITAL2 with campaign code:KING_PR_DIGITAL from this branch:HQ
2025-11-12 13:50:00,318 - als campaign logs - INFO - user:3 with email:tim@gmail.com attempted to retrievE campaign:KING_PR_DIGITAL
2025-11-12 13:50:00,318 - als campaign logs - INFO - user:3 with email:tim@gmail.com attempted to retrievE campaign:KING_PR_DIGITAL
2025-11-12 13:50:00,319 - als campaign logs - INFO - user:3 with email:tim@gmail.com requested campaign:KING_PRICE_DIGITAL2 with campaign code:KING_PR_DIGITAL from this branch:HQ
2025-11-12 13:50:00,319 - als campaign logs - INFO - user:3 with email:tim@gmail.com requested campaign:KING_PRICE_DIGITAL2 with campaign code:KING_PR_DIGITAL from this branch:HQ
2025-11-12 14:34:55,770 - als campaign logs - INFO - user:3 with email:tim@gmail.com attempted to retrievE campaign:KING_PR_DIGITAL2
2025-11-12 14:34:55,770 - als campaign logs - INFO - user:3 with email:tim@gmail.com attempted to retrievE campaign:KING_PR_DIGITAL2
2025-11-12 14:34:55,771 - als campaign logs - INFO - user:3 with email:tim@gmail.com requested campaign:KING_PRICE_DIGITAL23 with campaign code:KING_PR_DIGITAL2 from this branch:HQ
2025-11-12 14:34:55,771 - als campaign logs - INFO - user:3 with email:tim@gmail.com requested campaign:KING_PRICE_DIGITAL23 with campaign code:KING_PR_DIGITAL2 from this branch:HQ
2025-11-12 14:36:54,716 - als campaign logs - INFO - user:3 with email:tim@gmail.com attempted to retrievE campaign:KING_PR_DIGITAL2
2025-11-12 14:36:54,716 - als campaign logs - INFO - user:3 with email:tim@gmail.com attempted to retrievE campaign:KING_PR_DIGITAL2
2025-11-12 14:36:54,718 - als campaign logs - INFO - user:3 with email:tim@gmail.com requested campaign:KING_PRICE_DIGITAL23 with campaign code:KING_PR_DIGITAL2 from this branch:HQ
2025-11-12 14:36:54,718 - als campaign logs - INFO - user:3 with email:tim@gmail.com requested campaign:KING_PRICE_DIGITAL23 with campaign code:KING_PR_DIGITAL2 from this branch:HQ
2025-11-12 14:38:47,755 - als campaign logs - INFO - user:3 with email:tim@gmail.com attempted to retrievE campaign:KING_PR_DIGITAL2
2025-11-12 14:38:47,755 - als campaign logs - INFO - user:3 with email:tim@gmail.com attempted to retrievE campaign:KING_PR_DIGITAL2
2025-11-12 14:38:47,786 - als campaign logs - INFO - user:3 with email:tim@gmail.com created campaign:KING_PRICE_DIGITAL23 from branch:HQ
2025-11-12 14:38:47,786 - als campaign logs - INFO - user:3 with email:tim@gmail.com created campaign:KING_PRICE_DIGITAL23 from branch:HQ
2025-11-12 14:38:47,793 - als campaign logs - ERROR - internal server error occurred:1 validation error for CreateCampaignResponse
id
  Field required [type=missing, input_value=campaign_tbl(), input_type=campaign_tbl]
    For further information visit https://errors.pydantic.dev/2.12/v/missing
Traceback (most recent call last):
  File "C:\Users\iconaf\Documents\als_folder\als_backend_api\crud\campaigns.py", line 33, in create_campaign_db
    return CreateCampaignResponse.model_validate(db_campaign)
           ~~~~~~~~~~~~~~~~~~~~~~~~~~~~~~~~~~~~~^^^^^^^^^^^^^
  File "C:\Users\iconaf\AppData\Local\Programs\Python\Python313\Lib\site-packages\pydantic\main.py", line 716, in model_validate
    return cls.__pydantic_validator__.validate_python(
           ~~~~~~~~~~~~~~~~~~~~~~~~~~~~~~~~~~~~~~~~~~^
        obj,
        ^^^^
    ...<5 lines>...
        by_name=by_name,
        ^^^^^^^^^^^^^^^^
    )
    ^
pydantic_core._pydantic_core.ValidationError: 1 validation error for CreateCampaignResponse
id
  Field required [type=missing, input_value=campaign_tbl(), input_type=campaign_tbl]
    For further information visit https://errors.pydantic.dev/2.12/v/missing
2025-11-12 14:38:47,793 - als campaign logs - ERROR - internal server error occurred:1 validation error for CreateCampaignResponse
id
  Field required [type=missing, input_value=campaign_tbl(), input_type=campaign_tbl]
    For further information visit https://errors.pydantic.dev/2.12/v/missing
Traceback (most recent call last):
  File "C:\Users\iconaf\Documents\als_folder\als_backend_api\crud\campaigns.py", line 33, in create_campaign_db
    return CreateCampaignResponse.model_validate(db_campaign)
           ~~~~~~~~~~~~~~~~~~~~~~~~~~~~~~~~~~~~~^^^^^^^^^^^^^
  File "C:\Users\iconaf\AppData\Local\Programs\Python\Python313\Lib\site-packages\pydantic\main.py", line 716, in model_validate
    return cls.__pydantic_validator__.validate_python(
           ~~~~~~~~~~~~~~~~~~~~~~~~~~~~~~~~~~~~~~~~~~^
        obj,
        ^^^^
    ...<5 lines>...
        by_name=by_name,
        ^^^^^^^^^^^^^^^^
    )
    ^
pydantic_core._pydantic_core.ValidationError: 1 validation error for CreateCampaignResponse
id
  Field required [type=missing, input_value=campaign_tbl(), input_type=campaign_tbl]
    For further information visit https://errors.pydantic.dev/2.12/v/missing
2025-11-12 14:40:02,203 - als campaign logs - ERROR - An internal server error occurred:1 validation error for CreateCampaignResponse
id
  Field required [type=missing, input_value=campaign_tbl(camp_code='K...DIGITAL23', branch='HQ'), input_type=campaign_tbl]
    For further information visit https://errors.pydantic.dev/2.12/v/missing
Traceback (most recent call last):
  File "C:\Users\iconaf\Documents\als_folder\als_backend_api\crud\campaigns.py", line 96, in get_campaign_by_code_db
    return CreateCampaignResponse.model_validate(result)
           ~~~~~~~~~~~~~~~~~~~~~~~~~~~~~~~~~~~~~^^^^^^^^
  File "C:\Users\iconaf\AppData\Local\Programs\Python\Python313\Lib\site-packages\pydantic\main.py", line 716, in model_validate
    return cls.__pydantic_validator__.validate_python(
           ~~~~~~~~~~~~~~~~~~~~~~~~~~~~~~~~~~~~~~~~~~^
        obj,
        ^^^^
    ...<5 lines>...
        by_name=by_name,
        ^^^^^^^^^^^^^^^^
    )
    ^
pydantic_core._pydantic_core.ValidationError: 1 validation error for CreateCampaignResponse
id
  Field required [type=missing, input_value=campaign_tbl(camp_code='K...DIGITAL23', branch='HQ'), input_type=campaign_tbl]
    For further information visit https://errors.pydantic.dev/2.12/v/missing
2025-11-12 14:40:02,203 - als campaign logs - ERROR - An internal server error occurred:1 validation error for CreateCampaignResponse
id
  Field required [type=missing, input_value=campaign_tbl(camp_code='K...DIGITAL23', branch='HQ'), input_type=campaign_tbl]
    For further information visit https://errors.pydantic.dev/2.12/v/missing
Traceback (most recent call last):
  File "C:\Users\iconaf\Documents\als_folder\als_backend_api\crud\campaigns.py", line 96, in get_campaign_by_code_db
    return CreateCampaignResponse.model_validate(result)
           ~~~~~~~~~~~~~~~~~~~~~~~~~~~~~~~~~~~~~^^^^^^^^
  File "C:\Users\iconaf\AppData\Local\Programs\Python\Python313\Lib\site-packages\pydantic\main.py", line 716, in model_validate
    return cls.__pydantic_validator__.validate_python(
           ~~~~~~~~~~~~~~~~~~~~~~~~~~~~~~~~~~~~~~~~~~^
        obj,
        ^^^^
    ...<5 lines>...
        by_name=by_name,
        ^^^^^^^^^^^^^^^^
    )
    ^
pydantic_core._pydantic_core.ValidationError: 1 validation error for CreateCampaignResponse
id
  Field required [type=missing, input_value=campaign_tbl(camp_code='K...DIGITAL23', branch='HQ'), input_type=campaign_tbl]
    For further information visit https://errors.pydantic.dev/2.12/v/missing
2025-11-12 14:42:11,495 - als campaign logs - ERROR - An internal server error occurred:1 validation error for CreateCampaignResponse
id
  Field required [type=missing, input_value=campaign_tbl(camp_code='K...DIGITAL23', branch='HQ'), input_type=campaign_tbl]
    For further information visit https://errors.pydantic.dev/2.12/v/missing
Traceback (most recent call last):
  File "C:\Users\iconaf\Documents\als_folder\als_backend_api\crud\campaigns.py", line 96, in get_campaign_by_code_db
    return CreateCampaignResponse.model_validate(result)
           ~~~~~~~~~~~~~~~~~~~~~~~~~~~~~~~~~~~~~^^^^^^^^
  File "C:\Users\iconaf\AppData\Local\Programs\Python\Python313\Lib\site-packages\pydantic\main.py", line 716, in model_validate
    return cls.__pydantic_validator__.validate_python(
           ~~~~~~~~~~~~~~~~~~~~~~~~~~~~~~~~~~~~~~~~~~^
        obj,
        ^^^^
    ...<5 lines>...
        by_name=by_name,
        ^^^^^^^^^^^^^^^^
    )
    ^
pydantic_core._pydantic_core.ValidationError: 1 validation error for CreateCampaignResponse
id
  Field required [type=missing, input_value=campaign_tbl(camp_code='K...DIGITAL23', branch='HQ'), input_type=campaign_tbl]
    For further information visit https://errors.pydantic.dev/2.12/v/missing
2025-11-12 14:42:11,495 - als campaign logs - ERROR - An internal server error occurred:1 validation error for CreateCampaignResponse
id
  Field required [type=missing, input_value=campaign_tbl(camp_code='K...DIGITAL23', branch='HQ'), input_type=campaign_tbl]
    For further information visit https://errors.pydantic.dev/2.12/v/missing
Traceback (most recent call last):
  File "C:\Users\iconaf\Documents\als_folder\als_backend_api\crud\campaigns.py", line 96, in get_campaign_by_code_db
    return CreateCampaignResponse.model_validate(result)
           ~~~~~~~~~~~~~~~~~~~~~~~~~~~~~~~~~~~~~^^^^^^^^
  File "C:\Users\iconaf\AppData\Local\Programs\Python\Python313\Lib\site-packages\pydantic\main.py", line 716, in model_validate
    return cls.__pydantic_validator__.validate_python(
           ~~~~~~~~~~~~~~~~~~~~~~~~~~~~~~~~~~~~~~~~~~^
        obj,
        ^^^^
    ...<5 lines>...
        by_name=by_name,
        ^^^^^^^^^^^^^^^^
    )
    ^
pydantic_core._pydantic_core.ValidationError: 1 validation error for CreateCampaignResponse
id
  Field required [type=missing, input_value=campaign_tbl(camp_code='K...DIGITAL23', branch='HQ'), input_type=campaign_tbl]
    For further information visit https://errors.pydantic.dev/2.12/v/missing
2025-11-12 14:47:46,964 - als campaign logs - INFO - user:3 with email:tim@gmail.com requested campaign:KING_PRICE_DIGITAL23 with campaign code:KING_PR_DIGITAL2 from this branch:HQ
2025-11-12 14:47:46,964 - als campaign logs - INFO - user:3 with email:tim@gmail.com requested campaign:KING_PRICE_DIGITAL23 with campaign code:KING_PR_DIGITAL2 from this branch:HQ
2025-11-12 14:48:43,564 - als campaign logs - INFO - user:3 with email:tim@gmail.com requested campaign:KING_PRICE_DIGITAL23 with campaign code:KING_PR_DIGITAL2 from this branch:HQ
2025-11-12 14:48:43,564 - als campaign logs - INFO - user:3 with email:tim@gmail.com requested campaign:KING_PRICE_DIGITAL23 with campaign code:KING_PR_DIGITAL2 from this branch:HQ
2025-11-12 14:49:33,134 - als campaign logs - INFO - user:3 with email:tim@gmail.com attempted to retrievE campaign:KING_PR_DIGITALP3
2025-11-12 14:49:33,134 - als campaign logs - INFO - user:3 with email:tim@gmail.com attempted to retrievE campaign:KING_PR_DIGITALP3
2025-11-12 14:49:33,181 - als campaign logs - INFO - user:3 with email:tim@gmail.com created campaign:KING_PRICE_DIGITALP3 from branch:P3
2025-11-12 14:49:33,181 - als campaign logs - INFO - user:3 with email:tim@gmail.com created campaign:KING_PRICE_DIGITALP3 from branch:P3
2025-11-12 14:49:33,182 - als campaign logs - INFO - campaign:KING_PRICE_DIGITALP3 with campaign code:KING_PR_DIGITALP3 created successfully by user with user_id:3 and email:tim@gmail.com
2025-11-12 14:49:33,182 - als campaign logs - INFO - campaign:KING_PRICE_DIGITALP3 with campaign code:KING_PR_DIGITALP3 created successfully by user with user_id:3 and email:tim@gmail.com
2025-11-12 14:49:47,806 - als campaign logs - INFO - user:3 with email:tim@gmail.com requested campaign:KING_PRICE_DIGITALP3 with campaign code:KING_PR_DIGITALP3 from this branch:P3
2025-11-12 14:49:47,806 - als campaign logs - INFO - user:3 with email:tim@gmail.com requested campaign:KING_PRICE_DIGITALP3 with campaign code:KING_PR_DIGITALP3 from this branch:P3
2025-11-12 14:50:37,705 - als campaign logs - INFO - user:3 with email:tim@gmail.com requested campaign:KING_PRICE_DIGITALP3 with campaign code:KING_PR_DIGITALP3 from this branch:P3
2025-11-12 14:50:37,705 - als campaign logs - INFO - user:3 with email:tim@gmail.com requested campaign:KING_PRICE_DIGITALP3 with campaign code:KING_PR_DIGITALP3 from this branch:P3
2025-11-12 14:51:39,885 - als campaign logs - INFO - user:3 with email:tim@gmail.com successfully fetched campaign:KING_PR_DIGITALP3
2025-11-12 14:51:39,885 - als campaign logs - INFO - user:3 with email:tim@gmail.com successfully fetched campaign:KING_PR_DIGITALP3
2025-11-12 14:51:43,699 - als campaign logs - INFO - user:3 with email:tim@gmail.com successfully fetched campaign:KING_PR_DIGITALP3
2025-11-12 14:51:43,699 - als campaign logs - INFO - user:3 with email:tim@gmail.com successfully fetched campaign:KING_PR_DIGITALP3
2025-11-24 14:20:33,506 - als campaign logs - CRITICAL - get_campaign_rule_by_rule_name_db() missing 1 required positional argument: 'user'
2025-11-24 14:20:33,506 - als campaign logs - CRITICAL - get_campaign_rule_by_rule_name_db() missing 1 required positional argument: 'user'
2025-11-24 14:27:43,993 - als campaign logs - CRITICAL - 500: An internal server error occurred while loading for a campaign:(sqlalchemy.dialects.postgresql.asyncpg.ProgrammingError) <class 'asyncpg.exceptions.UndefinedColumnError'>: column "typedata" does not exist
HINT:  Perhaps you meant to reference the column "info_tbl.type_data".
[SQL: 
    SELECT id, fore_name, last_name, cell
    FROM info_tbl
    WHERE 1=1
     AND (salary IS NULL OR salary BETWEEN $1 AND $2) AND (gender = $3) AND (typedata = $4) AND (derived_income = $5) AND ((SUBSTRING(id,3,2)::int BETWEEN 1 AND 12 AND SUBSTRING(id,5,2)::int BETWEEN 1 AND 31) AND (
                EXTRACT(YEAR FROM AGE(
                    CURRENT_DATE,
                    MAKE_DATE(
                        CASE
                            WHEN CAST(SUBSTRING(id,1,2) AS INT) <= CAST(TO_CHAR(CURRENT_DATE,'YY') AS INT)
                                THEN 2000 + CAST(SUBSTRING(id,1,2) AS INT)
                            ELSE 1900 + CAST(SUBSTRING(id,1,2) AS INT)
                        END,
                        CAST(SUBSTRING(id,3,2) AS INT),
                        LEAST(CAST(SUBSTRING(id,5,2) AS INT),
                              CASE CAST(SUBSTRING(id,3,2) AS INT)
                                  WHEN 1 THEN 31
                                  WHEN 2 THEN CASE WHEN EXTRACT(YEAR FROM CURRENT_DATE)::int % 4 = 0 THEN 29 ELSE 28 END
                                  WHEN 3 THEN 31
                                  WHEN 4 THEN 30
                                  WHEN 5 THEN 31
                                  WHEN 6 THEN 30
                                  WHEN 7 THEN 31
                                  WHEN 8 THEN 31
                                  WHEN 9 THEN 30
                                  WHEN 10 THEN 31
                                  WHEN 11 THEN 30
                                  WHEN 12 THEN 31
                              END
                        )
                    )
                ))
         BETWEEN $6 AND $7)) AND (last_used IS NULL OR DATE_PART('day', now() - last_used) > $8) LIMIT $9]
[parameters: (24000.0, 25000.0, 'MALE', 'Status', 12000.0, 20, 45, 30, 23000)]
(Background on this error at: https://sqlalche.me/e/20/f405)
2025-11-24 14:27:43,993 - als campaign logs - CRITICAL - 500: An internal server error occurred while loading for a campaign:(sqlalchemy.dialects.postgresql.asyncpg.ProgrammingError) <class 'asyncpg.exceptions.UndefinedColumnError'>: column "typedata" does not exist
HINT:  Perhaps you meant to reference the column "info_tbl.type_data".
[SQL: 
    SELECT id, fore_name, last_name, cell
    FROM info_tbl
    WHERE 1=1
     AND (salary IS NULL OR salary BETWEEN $1 AND $2) AND (gender = $3) AND (typedata = $4) AND (derived_income = $5) AND ((SUBSTRING(id,3,2)::int BETWEEN 1 AND 12 AND SUBSTRING(id,5,2)::int BETWEEN 1 AND 31) AND (
                EXTRACT(YEAR FROM AGE(
                    CURRENT_DATE,
                    MAKE_DATE(
                        CASE
                            WHEN CAST(SUBSTRING(id,1,2) AS INT) <= CAST(TO_CHAR(CURRENT_DATE,'YY') AS INT)
                                THEN 2000 + CAST(SUBSTRING(id,1,2) AS INT)
                            ELSE 1900 + CAST(SUBSTRING(id,1,2) AS INT)
                        END,
                        CAST(SUBSTRING(id,3,2) AS INT),
                        LEAST(CAST(SUBSTRING(id,5,2) AS INT),
                              CASE CAST(SUBSTRING(id,3,2) AS INT)
                                  WHEN 1 THEN 31
                                  WHEN 2 THEN CASE WHEN EXTRACT(YEAR FROM CURRENT_DATE)::int % 4 = 0 THEN 29 ELSE 28 END
                                  WHEN 3 THEN 31
                                  WHEN 4 THEN 30
                                  WHEN 5 THEN 31
                                  WHEN 6 THEN 30
                                  WHEN 7 THEN 31
                                  WHEN 8 THEN 31
                                  WHEN 9 THEN 30
                                  WHEN 10 THEN 31
                                  WHEN 11 THEN 30
                                  WHEN 12 THEN 31
                              END
                        )
                    )
                ))
         BETWEEN $6 AND $7)) AND (last_used IS NULL OR DATE_PART('day', now() - last_used) > $8) LIMIT $9]
[parameters: (24000.0, 25000.0, 'MALE', 'Status', 12000.0, 20, 45, 30, 23000)]
(Background on this error at: https://sqlalche.me/e/20/f405)
2025-11-24 14:30:34,719 - als campaign logs - ERROR - An internal server error occurred:(sqlalchemy.dialects.postgresql.asyncpg.ProgrammingError) <class 'asyncpg.exceptions.UndefinedColumnError'>: column rules_tbl.is_active does not exist
[SQL: SELECT rules_tbl.rule_name 
FROM rules_tbl 
WHERE rules_tbl.rule_name = $1::VARCHAR AND rules_tbl.is_active = true]
[parameters: ('DYNAMOS',)]
(Background on this error at: https://sqlalche.me/e/20/f405)
Traceback (most recent call last):
  File "C:\Users\iconaf\AppData\Local\Programs\Python\Python313\Lib\site-packages\sqlalchemy\dialects\postgresql\asyncpg.py", line 526, in _prepare_and_execute
    prepared_stmt, attributes = await adapt_connection._prepare(
                                ^^^^^^^^^^^^^^^^^^^^^^^^^^^^^^^^
        operation, self._invalidate_schema_cache_asof
        ^^^^^^^^^^^^^^^^^^^^^^^^^^^^^^^^^^^^^^^^^^^^^
    )
    ^
  File "C:\Users\iconaf\AppData\Local\Programs\Python\Python313\Lib\site-packages\sqlalchemy\dialects\postgresql\asyncpg.py", line 773, in _prepare
    prepared_stmt = await self._connection.prepare(
                    ^^^^^^^^^^^^^^^^^^^^^^^^^^^^^^^
        operation, name=self._prepared_statement_name_func()
        ^^^^^^^^^^^^^^^^^^^^^^^^^^^^^^^^^^^^^^^^^^^^^^^^^^^^
    )
    ^
  File "C:\Users\iconaf\AppData\Local\Programs\Python\Python313\Lib\site-packages\asyncpg\connection.py", line 635, in prepare
    return await self._prepare(
           ^^^^^^^^^^^^^^^^^^^^
    ...<5 lines>...
    )
    ^
  File "C:\Users\iconaf\AppData\Local\Programs\Python\Python313\Lib\site-packages\asyncpg\connection.py", line 653, in _prepare
    stmt = await self._get_statement(
           ^^^^^^^^^^^^^^^^^^^^^^^^^^
    ...<5 lines>...
    )
    ^
  File "C:\Users\iconaf\AppData\Local\Programs\Python\Python313\Lib\site-packages\asyncpg\connection.py", line 432, in _get_statement
    statement = await self._protocol.prepare(
                ^^^^^^^^^^^^^^^^^^^^^^^^^^^^^
    ...<5 lines>...
    )
    ^
  File "asyncpg\\protocol\\protocol.pyx", line 165, in prepare
asyncpg.exceptions.UndefinedColumnError: column rules_tbl.is_active does not exist

The above exception was the direct cause of the following exception:

Traceback (most recent call last):
  File "C:\Users\iconaf\AppData\Local\Programs\Python\Python313\Lib\site-packages\sqlalchemy\engine\base.py", line 1967, in _exec_single_context
    self.dialect.do_execute(
    ~~~~~~~~~~~~~~~~~~~~~~~^
        cursor, str_statement, effective_parameters, context
        ^^^^^^^^^^^^^^^^^^^^^^^^^^^^^^^^^^^^^^^^^^^^^^^^^^^^
    )
    ^
  File "C:\Users\iconaf\AppData\Local\Programs\Python\Python313\Lib\site-packages\sqlalchemy\engine\default.py", line 951, in do_execute
    cursor.execute(statement, parameters)
    ~~~~~~~~~~~~~~^^^^^^^^^^^^^^^^^^^^^^^
  File "C:\Users\iconaf\AppData\Local\Programs\Python\Python313\Lib\site-packages\sqlalchemy\dialects\postgresql\asyncpg.py", line 585, in execute
    self._adapt_connection.await_(
    ~~~~~~~~~~~~~~~~~~~~~~~~~~~~~^
        self._prepare_and_execute(operation, parameters)
        ^^^^^^^^^^^^^^^^^^^^^^^^^^^^^^^^^^^^^^^^^^^^^^^^
    )
    ^
  File "C:\Users\iconaf\AppData\Local\Programs\Python\Python313\Lib\site-packages\sqlalchemy\util\_concurrency_py3k.py", line 132, in await_only
    return current.parent.switch(awaitable)  # type: ignore[no-any-return,attr-defined] # noqa: E501
           ~~~~~~~~~~~~~~~~~~~~~^^^^^^^^^^^
  File "C:\Users\iconaf\AppData\Local\Programs\Python\Python313\Lib\site-packages\sqlalchemy\util\_concurrency_py3k.py", line 196, in greenlet_spawn
    value = await result
            ^^^^^^^^^^^^
  File "C:\Users\iconaf\AppData\Local\Programs\Python\Python313\Lib\site-packages\sqlalchemy\dialects\postgresql\asyncpg.py", line 563, in _prepare_and_execute
    self._handle_exception(error)
    ~~~~~~~~~~~~~~~~~~~~~~^^^^^^^
  File "C:\Users\iconaf\AppData\Local\Programs\Python\Python313\Lib\site-packages\sqlalchemy\dialects\postgresql\asyncpg.py", line 513, in _handle_exception
    self._adapt_connection._handle_exception(error)
    ~~~~~~~~~~~~~~~~~~~~~~~~~~~~~~~~~~~~~~~~^^^^^^^
  File "C:\Users\iconaf\AppData\Local\Programs\Python\Python313\Lib\site-packages\sqlalchemy\dialects\postgresql\asyncpg.py", line 797, in _handle_exception
    raise translated_error from error
sqlalchemy.dialects.postgresql.asyncpg.AsyncAdapt_asyncpg_dbapi.ProgrammingError: <class 'asyncpg.exceptions.UndefinedColumnError'>: column rules_tbl.is_active does not exist

The above exception was the direct cause of the following exception:

Traceback (most recent call last):
  File "C:\Users\iconaf\Documents\als_folder\als_backend_api\crud\campaigns.py", line 123, in get_active_campaign_to_load
    result=await session.scalar(stmt)
           ^^^^^^^^^^^^^^^^^^^^^^^^^^
  File "C:\Users\iconaf\AppData\Local\Programs\Python\Python313\Lib\site-packages\sqlalchemy\ext\asyncio\session.py", line 505, in scalar
    return await greenlet_spawn(
           ^^^^^^^^^^^^^^^^^^^^^
    ...<6 lines>...
    )
    ^
  File "C:\Users\iconaf\AppData\Local\Programs\Python\Python313\Lib\site-packages\sqlalchemy\util\_concurrency_py3k.py", line 201, in greenlet_spawn
    result = context.throw(*sys.exc_info())
  File "C:\Users\iconaf\AppData\Local\Programs\Python\Python313\Lib\site-packages\sqlalchemy\orm\session.py", line 2399, in scalar
    return self._execute_internal(
           ~~~~~~~~~~~~~~~~~~~~~~^
        statement,
        ^^^^^^^^^^
    ...<4 lines>...
        **kw,
        ^^^^^
    )
    ^
  File "C:\Users\iconaf\AppData\Local\Programs\Python\Python313\Lib\site-packages\sqlalchemy\orm\session.py", line 2249, in _execute_internal
    result: Result[Any] = compile_state_cls.orm_execute_statement(
                          ~~~~~~~~~~~~~~~~~~~~~~~~~~~~~~~~~~~~~~~^
        self,
        ^^^^^
    ...<4 lines>...
        conn,
        ^^^^^
    )
    ^
  File "C:\Users\iconaf\AppData\Local\Programs\Python\Python313\Lib\site-packages\sqlalchemy\orm\context.py", line 306, in orm_execute_statement
    result = conn.execute(
        statement, params or {}, execution_options=execution_options
    )
  File "C:\Users\iconaf\AppData\Local\Programs\Python\Python313\Lib\site-packages\sqlalchemy\engine\base.py", line 1419, in execute
    return meth(
        self,
        distilled_parameters,
        execution_options or NO_OPTIONS,
    )
  File "C:\Users\iconaf\AppData\Local\Programs\Python\Python313\Lib\site-packages\sqlalchemy\sql\elements.py", line 526, in _execute_on_connection
    return connection._execute_clauseelement(
           ~~~~~~~~~~~~~~~~~~~~~~~~~~~~~~~~~^
        self, distilled_params, execution_options
        ^^^^^^^^^^^^^^^^^^^^^^^^^^^^^^^^^^^^^^^^^
    )
    ^
  File "C:\Users\iconaf\AppData\Local\Programs\Python\Python313\Lib\site-packages\sqlalchemy\engine\base.py", line 1641, in _execute_clauseelement
    ret = self._execute_context(
        dialect,
    ...<8 lines>...
        cache_hit=cache_hit,
    )
  File "C:\Users\iconaf\AppData\Local\Programs\Python\Python313\Lib\site-packages\sqlalchemy\engine\base.py", line 1846, in _execute_context
    return self._exec_single_context(
           ~~~~~~~~~~~~~~~~~~~~~~~~~^
        dialect, context, statement, parameters
        ^^^^^^^^^^^^^^^^^^^^^^^^^^^^^^^^^^^^^^^
    )
    ^
  File "C:\Users\iconaf\AppData\Local\Programs\Python\Python313\Lib\site-packages\sqlalchemy\engine\base.py", line 1986, in _exec_single_context
    self._handle_dbapi_exception(
    ~~~~~~~~~~~~~~~~~~~~~~~~~~~~^
        e, str_statement, effective_parameters, cursor, context
        ^^^^^^^^^^^^^^^^^^^^^^^^^^^^^^^^^^^^^^^^^^^^^^^^^^^^^^^
    )
    ^
  File "C:\Users\iconaf\AppData\Local\Programs\Python\Python313\Lib\site-packages\sqlalchemy\engine\base.py", line 2355, in _handle_dbapi_exception
    raise sqlalchemy_exception.with_traceback(exc_info[2]) from e
  File "C:\Users\iconaf\AppData\Local\Programs\Python\Python313\Lib\site-packages\sqlalchemy\engine\base.py", line 1967, in _exec_single_context
    self.dialect.do_execute(
    ~~~~~~~~~~~~~~~~~~~~~~~^
        cursor, str_statement, effective_parameters, context
        ^^^^^^^^^^^^^^^^^^^^^^^^^^^^^^^^^^^^^^^^^^^^^^^^^^^^
    )
    ^
  File "C:\Users\iconaf\AppData\Local\Programs\Python\Python313\Lib\site-packages\sqlalchemy\engine\default.py", line 951, in do_execute
    cursor.execute(statement, parameters)
    ~~~~~~~~~~~~~~^^^^^^^^^^^^^^^^^^^^^^^
  File "C:\Users\iconaf\AppData\Local\Programs\Python\Python313\Lib\site-packages\sqlalchemy\dialects\postgresql\asyncpg.py", line 585, in execute
    self._adapt_connection.await_(
    ~~~~~~~~~~~~~~~~~~~~~~~~~~~~~^
        self._prepare_and_execute(operation, parameters)
        ^^^^^^^^^^^^^^^^^^^^^^^^^^^^^^^^^^^^^^^^^^^^^^^^
    )
    ^
  File "C:\Users\iconaf\AppData\Local\Programs\Python\Python313\Lib\site-packages\sqlalchemy\util\_concurrency_py3k.py", line 132, in await_only
    return current.parent.switch(awaitable)  # type: ignore[no-any-return,attr-defined] # noqa: E501
           ~~~~~~~~~~~~~~~~~~~~~^^^^^^^^^^^
  File "C:\Users\iconaf\AppData\Local\Programs\Python\Python313\Lib\site-packages\sqlalchemy\util\_concurrency_py3k.py", line 196, in greenlet_spawn
    value = await result
            ^^^^^^^^^^^^
  File "C:\Users\iconaf\AppData\Local\Programs\Python\Python313\Lib\site-packages\sqlalchemy\dialects\postgresql\asyncpg.py", line 563, in _prepare_and_execute
    self._handle_exception(error)
    ~~~~~~~~~~~~~~~~~~~~~~^^^^^^^
  File "C:\Users\iconaf\AppData\Local\Programs\Python\Python313\Lib\site-packages\sqlalchemy\dialects\postgresql\asyncpg.py", line 513, in _handle_exception
    self._adapt_connection._handle_exception(error)
    ~~~~~~~~~~~~~~~~~~~~~~~~~~~~~~~~~~~~~~~~^^^^^^^
  File "C:\Users\iconaf\AppData\Local\Programs\Python\Python313\Lib\site-packages\sqlalchemy\dialects\postgresql\asyncpg.py", line 797, in _handle_exception
    raise translated_error from error
sqlalchemy.exc.ProgrammingError: (sqlalchemy.dialects.postgresql.asyncpg.ProgrammingError) <class 'asyncpg.exceptions.UndefinedColumnError'>: column rules_tbl.is_active does not exist
[SQL: SELECT rules_tbl.rule_name 
FROM rules_tbl 
WHERE rules_tbl.rule_name = $1::VARCHAR AND rules_tbl.is_active = true]
[parameters: ('DYNAMOS',)]
(Background on this error at: https://sqlalche.me/e/20/f405)
2025-11-24 14:30:34,719 - als campaign logs - ERROR - An internal server error occurred:(sqlalchemy.dialects.postgresql.asyncpg.ProgrammingError) <class 'asyncpg.exceptions.UndefinedColumnError'>: column rules_tbl.is_active does not exist
[SQL: SELECT rules_tbl.rule_name 
FROM rules_tbl 
WHERE rules_tbl.rule_name = $1::VARCHAR AND rules_tbl.is_active = true]
[parameters: ('DYNAMOS',)]
(Background on this error at: https://sqlalche.me/e/20/f405)
Traceback (most recent call last):
  File "C:\Users\iconaf\AppData\Local\Programs\Python\Python313\Lib\site-packages\sqlalchemy\dialects\postgresql\asyncpg.py", line 526, in _prepare_and_execute
    prepared_stmt, attributes = await adapt_connection._prepare(
                                ^^^^^^^^^^^^^^^^^^^^^^^^^^^^^^^^
        operation, self._invalidate_schema_cache_asof
        ^^^^^^^^^^^^^^^^^^^^^^^^^^^^^^^^^^^^^^^^^^^^^
    )
    ^
  File "C:\Users\iconaf\AppData\Local\Programs\Python\Python313\Lib\site-packages\sqlalchemy\dialects\postgresql\asyncpg.py", line 773, in _prepare
    prepared_stmt = await self._connection.prepare(
                    ^^^^^^^^^^^^^^^^^^^^^^^^^^^^^^^
        operation, name=self._prepared_statement_name_func()
        ^^^^^^^^^^^^^^^^^^^^^^^^^^^^^^^^^^^^^^^^^^^^^^^^^^^^
    )
    ^
  File "C:\Users\iconaf\AppData\Local\Programs\Python\Python313\Lib\site-packages\asyncpg\connection.py", line 635, in prepare
    return await self._prepare(
           ^^^^^^^^^^^^^^^^^^^^
    ...<5 lines>...
    )
    ^
  File "C:\Users\iconaf\AppData\Local\Programs\Python\Python313\Lib\site-packages\asyncpg\connection.py", line 653, in _prepare
    stmt = await self._get_statement(
           ^^^^^^^^^^^^^^^^^^^^^^^^^^
    ...<5 lines>...
    )
    ^
  File "C:\Users\iconaf\AppData\Local\Programs\Python\Python313\Lib\site-packages\asyncpg\connection.py", line 432, in _get_statement
    statement = await self._protocol.prepare(
                ^^^^^^^^^^^^^^^^^^^^^^^^^^^^^
    ...<5 lines>...
    )
    ^
  File "asyncpg\\protocol\\protocol.pyx", line 165, in prepare
asyncpg.exceptions.UndefinedColumnError: column rules_tbl.is_active does not exist

The above exception was the direct cause of the following exception:

Traceback (most recent call last):
  File "C:\Users\iconaf\AppData\Local\Programs\Python\Python313\Lib\site-packages\sqlalchemy\engine\base.py", line 1967, in _exec_single_context
    self.dialect.do_execute(
    ~~~~~~~~~~~~~~~~~~~~~~~^
        cursor, str_statement, effective_parameters, context
        ^^^^^^^^^^^^^^^^^^^^^^^^^^^^^^^^^^^^^^^^^^^^^^^^^^^^
    )
    ^
  File "C:\Users\iconaf\AppData\Local\Programs\Python\Python313\Lib\site-packages\sqlalchemy\engine\default.py", line 951, in do_execute
    cursor.execute(statement, parameters)
    ~~~~~~~~~~~~~~^^^^^^^^^^^^^^^^^^^^^^^
  File "C:\Users\iconaf\AppData\Local\Programs\Python\Python313\Lib\site-packages\sqlalchemy\dialects\postgresql\asyncpg.py", line 585, in execute
    self._adapt_connection.await_(
    ~~~~~~~~~~~~~~~~~~~~~~~~~~~~~^
        self._prepare_and_execute(operation, parameters)
        ^^^^^^^^^^^^^^^^^^^^^^^^^^^^^^^^^^^^^^^^^^^^^^^^
    )
    ^
  File "C:\Users\iconaf\AppData\Local\Programs\Python\Python313\Lib\site-packages\sqlalchemy\util\_concurrency_py3k.py", line 132, in await_only
    return current.parent.switch(awaitable)  # type: ignore[no-any-return,attr-defined] # noqa: E501
           ~~~~~~~~~~~~~~~~~~~~~^^^^^^^^^^^
  File "C:\Users\iconaf\AppData\Local\Programs\Python\Python313\Lib\site-packages\sqlalchemy\util\_concurrency_py3k.py", line 196, in greenlet_spawn
    value = await result
            ^^^^^^^^^^^^
  File "C:\Users\iconaf\AppData\Local\Programs\Python\Python313\Lib\site-packages\sqlalchemy\dialects\postgresql\asyncpg.py", line 563, in _prepare_and_execute
    self._handle_exception(error)
    ~~~~~~~~~~~~~~~~~~~~~~^^^^^^^
  File "C:\Users\iconaf\AppData\Local\Programs\Python\Python313\Lib\site-packages\sqlalchemy\dialects\postgresql\asyncpg.py", line 513, in _handle_exception
    self._adapt_connection._handle_exception(error)
    ~~~~~~~~~~~~~~~~~~~~~~~~~~~~~~~~~~~~~~~~^^^^^^^
  File "C:\Users\iconaf\AppData\Local\Programs\Python\Python313\Lib\site-packages\sqlalchemy\dialects\postgresql\asyncpg.py", line 797, in _handle_exception
    raise translated_error from error
sqlalchemy.dialects.postgresql.asyncpg.AsyncAdapt_asyncpg_dbapi.ProgrammingError: <class 'asyncpg.exceptions.UndefinedColumnError'>: column rules_tbl.is_active does not exist

The above exception was the direct cause of the following exception:

Traceback (most recent call last):
  File "C:\Users\iconaf\Documents\als_folder\als_backend_api\crud\campaigns.py", line 123, in get_active_campaign_to_load
    result=await session.scalar(stmt)
           ^^^^^^^^^^^^^^^^^^^^^^^^^^
  File "C:\Users\iconaf\AppData\Local\Programs\Python\Python313\Lib\site-packages\sqlalchemy\ext\asyncio\session.py", line 505, in scalar
    return await greenlet_spawn(
           ^^^^^^^^^^^^^^^^^^^^^
    ...<6 lines>...
    )
    ^
  File "C:\Users\iconaf\AppData\Local\Programs\Python\Python313\Lib\site-packages\sqlalchemy\util\_concurrency_py3k.py", line 201, in greenlet_spawn
    result = context.throw(*sys.exc_info())
  File "C:\Users\iconaf\AppData\Local\Programs\Python\Python313\Lib\site-packages\sqlalchemy\orm\session.py", line 2399, in scalar
    return self._execute_internal(
           ~~~~~~~~~~~~~~~~~~~~~~^
        statement,
        ^^^^^^^^^^
    ...<4 lines>...
        **kw,
        ^^^^^
    )
    ^
  File "C:\Users\iconaf\AppData\Local\Programs\Python\Python313\Lib\site-packages\sqlalchemy\orm\session.py", line 2249, in _execute_internal
    result: Result[Any] = compile_state_cls.orm_execute_statement(
                          ~~~~~~~~~~~~~~~~~~~~~~~~~~~~~~~~~~~~~~~^
        self,
        ^^^^^
    ...<4 lines>...
        conn,
        ^^^^^
    )
    ^
  File "C:\Users\iconaf\AppData\Local\Programs\Python\Python313\Lib\site-packages\sqlalchemy\orm\context.py", line 306, in orm_execute_statement
    result = conn.execute(
        statement, params or {}, execution_options=execution_options
    )
  File "C:\Users\iconaf\AppData\Local\Programs\Python\Python313\Lib\site-packages\sqlalchemy\engine\base.py", line 1419, in execute
    return meth(
        self,
        distilled_parameters,
        execution_options or NO_OPTIONS,
    )
  File "C:\Users\iconaf\AppData\Local\Programs\Python\Python313\Lib\site-packages\sqlalchemy\sql\elements.py", line 526, in _execute_on_connection
    return connection._execute_clauseelement(
           ~~~~~~~~~~~~~~~~~~~~~~~~~~~~~~~~~^
        self, distilled_params, execution_options
        ^^^^^^^^^^^^^^^^^^^^^^^^^^^^^^^^^^^^^^^^^
    )
    ^
  File "C:\Users\iconaf\AppData\Local\Programs\Python\Python313\Lib\site-packages\sqlalchemy\engine\base.py", line 1641, in _execute_clauseelement
    ret = self._execute_context(
        dialect,
    ...<8 lines>...
        cache_hit=cache_hit,
    )
  File "C:\Users\iconaf\AppData\Local\Programs\Python\Python313\Lib\site-packages\sqlalchemy\engine\base.py", line 1846, in _execute_context
    return self._exec_single_context(
           ~~~~~~~~~~~~~~~~~~~~~~~~~^
        dialect, context, statement, parameters
        ^^^^^^^^^^^^^^^^^^^^^^^^^^^^^^^^^^^^^^^
    )
    ^
  File "C:\Users\iconaf\AppData\Local\Programs\Python\Python313\Lib\site-packages\sqlalchemy\engine\base.py", line 1986, in _exec_single_context
    self._handle_dbapi_exception(
    ~~~~~~~~~~~~~~~~~~~~~~~~~~~~^
        e, str_statement, effective_parameters, cursor, context
        ^^^^^^^^^^^^^^^^^^^^^^^^^^^^^^^^^^^^^^^^^^^^^^^^^^^^^^^
    )
    ^
  File "C:\Users\iconaf\AppData\Local\Programs\Python\Python313\Lib\site-packages\sqlalchemy\engine\base.py", line 2355, in _handle_dbapi_exception
    raise sqlalchemy_exception.with_traceback(exc_info[2]) from e
  File "C:\Users\iconaf\AppData\Local\Programs\Python\Python313\Lib\site-packages\sqlalchemy\engine\base.py", line 1967, in _exec_single_context
    self.dialect.do_execute(
    ~~~~~~~~~~~~~~~~~~~~~~~^
        cursor, str_statement, effective_parameters, context
        ^^^^^^^^^^^^^^^^^^^^^^^^^^^^^^^^^^^^^^^^^^^^^^^^^^^^
    )
    ^
  File "C:\Users\iconaf\AppData\Local\Programs\Python\Python313\Lib\site-packages\sqlalchemy\engine\default.py", line 951, in do_execute
    cursor.execute(statement, parameters)
    ~~~~~~~~~~~~~~^^^^^^^^^^^^^^^^^^^^^^^
  File "C:\Users\iconaf\AppData\Local\Programs\Python\Python313\Lib\site-packages\sqlalchemy\dialects\postgresql\asyncpg.py", line 585, in execute
    self._adapt_connection.await_(
    ~~~~~~~~~~~~~~~~~~~~~~~~~~~~~^
        self._prepare_and_execute(operation, parameters)
        ^^^^^^^^^^^^^^^^^^^^^^^^^^^^^^^^^^^^^^^^^^^^^^^^
    )
    ^
  File "C:\Users\iconaf\AppData\Local\Programs\Python\Python313\Lib\site-packages\sqlalchemy\util\_concurrency_py3k.py", line 132, in await_only
    return current.parent.switch(awaitable)  # type: ignore[no-any-return,attr-defined] # noqa: E501
           ~~~~~~~~~~~~~~~~~~~~~^^^^^^^^^^^
  File "C:\Users\iconaf\AppData\Local\Programs\Python\Python313\Lib\site-packages\sqlalchemy\util\_concurrency_py3k.py", line 196, in greenlet_spawn
    value = await result
            ^^^^^^^^^^^^
  File "C:\Users\iconaf\AppData\Local\Programs\Python\Python313\Lib\site-packages\sqlalchemy\dialects\postgresql\asyncpg.py", line 563, in _prepare_and_execute
    self._handle_exception(error)
    ~~~~~~~~~~~~~~~~~~~~~~^^^^^^^
  File "C:\Users\iconaf\AppData\Local\Programs\Python\Python313\Lib\site-packages\sqlalchemy\dialects\postgresql\asyncpg.py", line 513, in _handle_exception
    self._adapt_connection._handle_exception(error)
    ~~~~~~~~~~~~~~~~~~~~~~~~~~~~~~~~~~~~~~~~^^^^^^^
  File "C:\Users\iconaf\AppData\Local\Programs\Python\Python313\Lib\site-packages\sqlalchemy\dialects\postgresql\asyncpg.py", line 797, in _handle_exception
    raise translated_error from error
sqlalchemy.exc.ProgrammingError: (sqlalchemy.dialects.postgresql.asyncpg.ProgrammingError) <class 'asyncpg.exceptions.UndefinedColumnError'>: column rules_tbl.is_active does not exist
[SQL: SELECT rules_tbl.rule_name 
FROM rules_tbl 
WHERE rules_tbl.rule_name = $1::VARCHAR AND rules_tbl.is_active = true]
[parameters: ('DYNAMOS',)]
(Background on this error at: https://sqlalche.me/e/20/f405)
2025-11-24 14:30:34,820 - als campaign logs - CRITICAL - 500: An internal server error occurred
2025-11-24 14:30:34,820 - als campaign logs - CRITICAL - 500: An internal server error occurred
2025-11-24 14:32:47,160 - als campaign logs - CRITICAL - 500: An internal server error occurred while loading for a campaign:(sqlalchemy.dialects.postgresql.asyncpg.ProgrammingError) <class 'asyncpg.exceptions.UndefinedColumnError'>: column rules_tbl.status does not exist
[SQL: SELECT rules_tbl.rule_code, rules_tbl.rule_name, rules_tbl.status, rules_tbl.rule_json, rules_tbl.created_by, rules_tbl.is_active, rules_tbl.created_at 
FROM rules_tbl 
WHERE rules_tbl.rule_name = $1::VARCHAR]
[parameters: ('DYNAMOS',)]
(Background on this error at: https://sqlalche.me/e/20/f405)
2025-11-24 14:32:47,160 - als campaign logs - CRITICAL - 500: An internal server error occurred while loading for a campaign:(sqlalchemy.dialects.postgresql.asyncpg.ProgrammingError) <class 'asyncpg.exceptions.UndefinedColumnError'>: column rules_tbl.status does not exist
[SQL: SELECT rules_tbl.rule_code, rules_tbl.rule_name, rules_tbl.status, rules_tbl.rule_json, rules_tbl.created_by, rules_tbl.is_active, rules_tbl.created_at 
FROM rules_tbl 
WHERE rules_tbl.rule_name = $1::VARCHAR]
[parameters: ('DYNAMOS',)]
(Background on this error at: https://sqlalche.me/e/20/f405)
2025-12-01 19:40:46,954 - als campaign logs - INFO - user:6 with email:Mnqobi@gmail.com created campaign:MIWAY CAMPAIGN from branch:HQ
2025-12-01 19:40:46,954 - als campaign logs - INFO - user:6 with email:Mnqobi@gmail.com created campaign:MIWAY CAMPAIGN from branch:HQ
2025-12-01 19:40:46,956 - als_campaign_logs - INFO - campaign:MIWAY CAMPAIGN with campaign code:HQ1234GHT created successfully by user with user_id:6 and email:Mnqobi@gmail.com
2025-12-01 19:40:46,956 - als_campaign_logs - INFO - campaign:MIWAY CAMPAIGN with campaign code:HQ1234GHT created successfully by user with user_id:6 and email:Mnqobi@gmail.com
2025-12-01 19:43:37,191 - als campaign logs - INFO - user:6 with email:Mnqobi@gmail.com created campaign:TELESURE from branch:P3
2025-12-01 19:43:37,191 - als campaign logs - INFO - user:6 with email:Mnqobi@gmail.com created campaign:TELESURE from branch:P3
2025-12-01 19:43:37,194 - als_campaign_logs - INFO - campaign:TELESURE with campaign code:HQ1234GHR created successfully by user with user_id:6 and email:Mnqobi@gmail.com
2025-12-01 19:43:37,194 - als_campaign_logs - INFO - campaign:TELESURE with campaign code:HQ1234GHR created successfully by user with user_id:6 and email:Mnqobi@gmail.com
2025-12-01 19:44:56,003 - als campaign logs - ERROR - An internal server error occurred:3 validation errors for CreateCampaignResponse
camp_code
  Field required [type=missing, input_value=(campaign_tbl(campaign_na... 'Operator': 'equal'}})), input_type=Row]
    For further information visit https://errors.pydantic.dev/2.12/v/missing
campaign_name
  Field required [type=missing, input_value=(campaign_tbl(campaign_na... 'Operator': 'equal'}})), input_type=Row]
    For further information visit https://errors.pydantic.dev/2.12/v/missing
branch
  Field required [type=missing, input_value=(campaign_tbl(campaign_na... 'Operator': 'equal'}})), input_type=Row]
    For further information visit https://errors.pydantic.dev/2.12/v/missing
Traceback (most recent call last):
  File "C:\Users\iconaf\Documents\als_folder\als_backend_api\crud\campaigns.py", line 85, in get_campaign_by_code_db
    return CreateCampaignResponse.model_validate(result)
           ~~~~~~~~~~~~~~~~~~~~~~~~~~~~~~~~~~~~~^^^^^^^^
  File "C:\Users\iconaf\AppData\Local\Programs\Python\Python313\Lib\site-packages\pydantic\main.py", line 716, in model_validate
    return cls.__pydantic_validator__.validate_python(
           ~~~~~~~~~~~~~~~~~~~~~~~~~~~~~~~~~~~~~~~~~~^
        obj,
        ^^^^
    ...<5 lines>...
        by_name=by_name,
        ^^^^^^^^^^^^^^^^
    )
    ^
pydantic_core._pydantic_core.ValidationError: 3 validation errors for CreateCampaignResponse
camp_code
  Field required [type=missing, input_value=(campaign_tbl(campaign_na... 'Operator': 'equal'}})), input_type=Row]
    For further information visit https://errors.pydantic.dev/2.12/v/missing
campaign_name
  Field required [type=missing, input_value=(campaign_tbl(campaign_na... 'Operator': 'equal'}})), input_type=Row]
    For further information visit https://errors.pydantic.dev/2.12/v/missing
branch
  Field required [type=missing, input_value=(campaign_tbl(campaign_na... 'Operator': 'equal'}})), input_type=Row]
    For further information visit https://errors.pydantic.dev/2.12/v/missing
2025-12-01 19:44:56,003 - als campaign logs - ERROR - An internal server error occurred:3 validation errors for CreateCampaignResponse
camp_code
  Field required [type=missing, input_value=(campaign_tbl(campaign_na... 'Operator': 'equal'}})), input_type=Row]
    For further information visit https://errors.pydantic.dev/2.12/v/missing
campaign_name
  Field required [type=missing, input_value=(campaign_tbl(campaign_na... 'Operator': 'equal'}})), input_type=Row]
    For further information visit https://errors.pydantic.dev/2.12/v/missing
branch
  Field required [type=missing, input_value=(campaign_tbl(campaign_na... 'Operator': 'equal'}})), input_type=Row]
    For further information visit https://errors.pydantic.dev/2.12/v/missing
Traceback (most recent call last):
  File "C:\Users\iconaf\Documents\als_folder\als_backend_api\crud\campaigns.py", line 85, in get_campaign_by_code_db
    return CreateCampaignResponse.model_validate(result)
           ~~~~~~~~~~~~~~~~~~~~~~~~~~~~~~~~~~~~~^^^^^^^^
  File "C:\Users\iconaf\AppData\Local\Programs\Python\Python313\Lib\site-packages\pydantic\main.py", line 716, in model_validate
    return cls.__pydantic_validator__.validate_python(
           ~~~~~~~~~~~~~~~~~~~~~~~~~~~~~~~~~~~~~~~~~~^
        obj,
        ^^^^
    ...<5 lines>...
        by_name=by_name,
        ^^^^^^^^^^^^^^^^
    )
    ^
pydantic_core._pydantic_core.ValidationError: 3 validation errors for CreateCampaignResponse
camp_code
  Field required [type=missing, input_value=(campaign_tbl(campaign_na... 'Operator': 'equal'}})), input_type=Row]
    For further information visit https://errors.pydantic.dev/2.12/v/missing
campaign_name
  Field required [type=missing, input_value=(campaign_tbl(campaign_na... 'Operator': 'equal'}})), input_type=Row]
    For further information visit https://errors.pydantic.dev/2.12/v/missing
branch
  Field required [type=missing, input_value=(campaign_tbl(campaign_na... 'Operator': 'equal'}})), input_type=Row]
    For further information visit https://errors.pydantic.dev/2.12/v/missing
2025-12-01 19:46:38,755 - als campaign logs - INFO - user:6 with email:Mnqobi@gmail.com created campaign:TELESURE_02 from branch:P3
2025-12-01 19:46:38,755 - als campaign logs - INFO - user:6 with email:Mnqobi@gmail.com created campaign:TELESURE_02 from branch:P3
2025-12-01 19:56:58,886 - als campaign logs - INFO - user:6 with email:Mnqobi@gmail.com created campaign:TELESURE_03 from branch:ALPHA
2025-12-01 19:56:58,886 - als campaign logs - INFO - user:6 with email:Mnqobi@gmail.com created campaign:TELESURE_03 from branch:ALPHA
2025-12-01 20:06:23,158 - als campaign logs - ERROR - An internal server error occurred:3 validation errors for CreateCampaignResponse
camp_code
  Field required [type=missing, input_value=(campaign_tbl(campaign_na...ual'}}, is_active=True)), input_type=Row]
    For further information visit https://errors.pydantic.dev/2.12/v/missing
campaign_name
  Field required [type=missing, input_value=(campaign_tbl(campaign_na...ual'}}, is_active=True)), input_type=Row]
    For further information visit https://errors.pydantic.dev/2.12/v/missing
branch
  Field required [type=missing, input_value=(campaign_tbl(campaign_na...ual'}}, is_active=True)), input_type=Row]
    For further information visit https://errors.pydantic.dev/2.12/v/missing
Traceback (most recent call last):
  File "C:\Users\iconaf\Documents\als_folder\als_backend_api\crud\campaigns.py", line 77, in get_campaign_by_code_db
    return CreateCampaignResponse.model_validate(result)
           ~~~~~~~~~~~~~~~~~~~~~~~~~~~~~~~~~~~~~^^^^^^^^
  File "C:\Users\iconaf\AppData\Local\Programs\Python\Python313\Lib\site-packages\pydantic\main.py", line 716, in model_validate
    return cls.__pydantic_validator__.validate_python(
           ~~~~~~~~~~~~~~~~~~~~~~~~~~~~~~~~~~~~~~~~~~^
        obj,
        ^^^^
    ...<5 lines>...
        by_name=by_name,
        ^^^^^^^^^^^^^^^^
    )
    ^
pydantic_core._pydantic_core.ValidationError: 3 validation errors for CreateCampaignResponse
camp_code
  Field required [type=missing, input_value=(campaign_tbl(campaign_na...ual'}}, is_active=True)), input_type=Row]
    For further information visit https://errors.pydantic.dev/2.12/v/missing
campaign_name
  Field required [type=missing, input_value=(campaign_tbl(campaign_na...ual'}}, is_active=True)), input_type=Row]
    For further information visit https://errors.pydantic.dev/2.12/v/missing
branch
  Field required [type=missing, input_value=(campaign_tbl(campaign_na...ual'}}, is_active=True)), input_type=Row]
    For further information visit https://errors.pydantic.dev/2.12/v/missing
2025-12-01 20:06:23,158 - als campaign logs - ERROR - An internal server error occurred:3 validation errors for CreateCampaignResponse
camp_code
  Field required [type=missing, input_value=(campaign_tbl(campaign_na...ual'}}, is_active=True)), input_type=Row]
    For further information visit https://errors.pydantic.dev/2.12/v/missing
campaign_name
  Field required [type=missing, input_value=(campaign_tbl(campaign_na...ual'}}, is_active=True)), input_type=Row]
    For further information visit https://errors.pydantic.dev/2.12/v/missing
branch
  Field required [type=missing, input_value=(campaign_tbl(campaign_na...ual'}}, is_active=True)), input_type=Row]
    For further information visit https://errors.pydantic.dev/2.12/v/missing
Traceback (most recent call last):
  File "C:\Users\iconaf\Documents\als_folder\als_backend_api\crud\campaigns.py", line 77, in get_campaign_by_code_db
    return CreateCampaignResponse.model_validate(result)
           ~~~~~~~~~~~~~~~~~~~~~~~~~~~~~~~~~~~~~^^^^^^^^
  File "C:\Users\iconaf\AppData\Local\Programs\Python\Python313\Lib\site-packages\pydantic\main.py", line 716, in model_validate
    return cls.__pydantic_validator__.validate_python(
           ~~~~~~~~~~~~~~~~~~~~~~~~~~~~~~~~~~~~~~~~~~^
        obj,
        ^^^^
    ...<5 lines>...
        by_name=by_name,
        ^^^^^^^^^^^^^^^^
    )
    ^
pydantic_core._pydantic_core.ValidationError: 3 validation errors for CreateCampaignResponse
camp_code
  Field required [type=missing, input_value=(campaign_tbl(campaign_na...ual'}}, is_active=True)), input_type=Row]
    For further information visit https://errors.pydantic.dev/2.12/v/missing
campaign_name
  Field required [type=missing, input_value=(campaign_tbl(campaign_na...ual'}}, is_active=True)), input_type=Row]
    For further information visit https://errors.pydantic.dev/2.12/v/missing
branch
  Field required [type=missing, input_value=(campaign_tbl(campaign_na...ual'}}, is_active=True)), input_type=Row]
    For further information visit https://errors.pydantic.dev/2.12/v/missing
2025-12-01 20:07:15,353 - als campaign logs - ERROR - An internal server error occurred:3 validation errors for CreateCampaignResponse
camp_code
  Field required [type=missing, input_value=(campaign_tbl(campaign_na... 'Operator': 'equal'}})), input_type=Row]
    For further information visit https://errors.pydantic.dev/2.12/v/missing
campaign_name
  Field required [type=missing, input_value=(campaign_tbl(campaign_na... 'Operator': 'equal'}})), input_type=Row]
    For further information visit https://errors.pydantic.dev/2.12/v/missing
branch
  Field required [type=missing, input_value=(campaign_tbl(campaign_na... 'Operator': 'equal'}})), input_type=Row]
    For further information visit https://errors.pydantic.dev/2.12/v/missing
Traceback (most recent call last):
  File "C:\Users\iconaf\Documents\als_folder\als_backend_api\crud\campaigns.py", line 77, in get_campaign_by_code_db
    return CreateCampaignResponse.model_validate(result)
           ~~~~~~~~~~~~~~~~~~~~~~~~~~~~~~~~~~~~~^^^^^^^^
  File "C:\Users\iconaf\AppData\Local\Programs\Python\Python313\Lib\site-packages\pydantic\main.py", line 716, in model_validate
    return cls.__pydantic_validator__.validate_python(
           ~~~~~~~~~~~~~~~~~~~~~~~~~~~~~~~~~~~~~~~~~~^
        obj,
        ^^^^
    ...<5 lines>...
        by_name=by_name,
        ^^^^^^^^^^^^^^^^
    )
    ^
pydantic_core._pydantic_core.ValidationError: 3 validation errors for CreateCampaignResponse
camp_code
  Field required [type=missing, input_value=(campaign_tbl(campaign_na... 'Operator': 'equal'}})), input_type=Row]
    For further information visit https://errors.pydantic.dev/2.12/v/missing
campaign_name
  Field required [type=missing, input_value=(campaign_tbl(campaign_na... 'Operator': 'equal'}})), input_type=Row]
    For further information visit https://errors.pydantic.dev/2.12/v/missing
branch
  Field required [type=missing, input_value=(campaign_tbl(campaign_na... 'Operator': 'equal'}})), input_type=Row]
    For further information visit https://errors.pydantic.dev/2.12/v/missing
2025-12-01 20:07:15,353 - als campaign logs - ERROR - An internal server error occurred:3 validation errors for CreateCampaignResponse
camp_code
  Field required [type=missing, input_value=(campaign_tbl(campaign_na... 'Operator': 'equal'}})), input_type=Row]
    For further information visit https://errors.pydantic.dev/2.12/v/missing
campaign_name
  Field required [type=missing, input_value=(campaign_tbl(campaign_na... 'Operator': 'equal'}})), input_type=Row]
    For further information visit https://errors.pydantic.dev/2.12/v/missing
branch
  Field required [type=missing, input_value=(campaign_tbl(campaign_na... 'Operator': 'equal'}})), input_type=Row]
    For further information visit https://errors.pydantic.dev/2.12/v/missing
Traceback (most recent call last):
  File "C:\Users\iconaf\Documents\als_folder\als_backend_api\crud\campaigns.py", line 77, in get_campaign_by_code_db
    return CreateCampaignResponse.model_validate(result)
           ~~~~~~~~~~~~~~~~~~~~~~~~~~~~~~~~~~~~~^^^^^^^^
  File "C:\Users\iconaf\AppData\Local\Programs\Python\Python313\Lib\site-packages\pydantic\main.py", line 716, in model_validate
    return cls.__pydantic_validator__.validate_python(
           ~~~~~~~~~~~~~~~~~~~~~~~~~~~~~~~~~~~~~~~~~~^
        obj,
        ^^^^
    ...<5 lines>...
        by_name=by_name,
        ^^^^^^^^^^^^^^^^
    )
    ^
pydantic_core._pydantic_core.ValidationError: 3 validation errors for CreateCampaignResponse
camp_code
  Field required [type=missing, input_value=(campaign_tbl(campaign_na... 'Operator': 'equal'}})), input_type=Row]
    For further information visit https://errors.pydantic.dev/2.12/v/missing
campaign_name
  Field required [type=missing, input_value=(campaign_tbl(campaign_na... 'Operator': 'equal'}})), input_type=Row]
    For further information visit https://errors.pydantic.dev/2.12/v/missing
branch
  Field required [type=missing, input_value=(campaign_tbl(campaign_na... 'Operator': 'equal'}})), input_type=Row]
    For further information visit https://errors.pydantic.dev/2.12/v/missing
2025-12-01 20:08:43,299 - als campaign logs - ERROR - An internal server error occurred:3 validation errors for CreateCampaignResponse
camp_code
  Field required [type=missing, input_value=(campaign_tbl(campaign_na... 'Operator': 'equal'}})), input_type=Row]
    For further information visit https://errors.pydantic.dev/2.12/v/missing
campaign_name
  Field required [type=missing, input_value=(campaign_tbl(campaign_na... 'Operator': 'equal'}})), input_type=Row]
    For further information visit https://errors.pydantic.dev/2.12/v/missing
branch
  Field required [type=missing, input_value=(campaign_tbl(campaign_na... 'Operator': 'equal'}})), input_type=Row]
    For further information visit https://errors.pydantic.dev/2.12/v/missing
Traceback (most recent call last):
  File "C:\Users\iconaf\Documents\als_folder\als_backend_api\crud\campaigns.py", line 77, in get_campaign_by_code_db
    return CreateCampaignResponse.model_validate(result)
           ~~~~~~~~~~~~~~~~~~~~~~~~~~~~~~~~~~~~~^^^^^^^^
  File "C:\Users\iconaf\AppData\Local\Programs\Python\Python313\Lib\site-packages\pydantic\main.py", line 716, in model_validate
    return cls.__pydantic_validator__.validate_python(
           ~~~~~~~~~~~~~~~~~~~~~~~~~~~~~~~~~~~~~~~~~~^
        obj,
        ^^^^
    ...<5 lines>...
        by_name=by_name,
        ^^^^^^^^^^^^^^^^
    )
    ^
pydantic_core._pydantic_core.ValidationError: 3 validation errors for CreateCampaignResponse
camp_code
  Field required [type=missing, input_value=(campaign_tbl(campaign_na... 'Operator': 'equal'}})), input_type=Row]
    For further information visit https://errors.pydantic.dev/2.12/v/missing
campaign_name
  Field required [type=missing, input_value=(campaign_tbl(campaign_na... 'Operator': 'equal'}})), input_type=Row]
    For further information visit https://errors.pydantic.dev/2.12/v/missing
branch
  Field required [type=missing, input_value=(campaign_tbl(campaign_na... 'Operator': 'equal'}})), input_type=Row]
    For further information visit https://errors.pydantic.dev/2.12/v/missing
2025-12-01 20:08:43,299 - als campaign logs - ERROR - An internal server error occurred:3 validation errors for CreateCampaignResponse
camp_code
  Field required [type=missing, input_value=(campaign_tbl(campaign_na... 'Operator': 'equal'}})), input_type=Row]
    For further information visit https://errors.pydantic.dev/2.12/v/missing
campaign_name
  Field required [type=missing, input_value=(campaign_tbl(campaign_na... 'Operator': 'equal'}})), input_type=Row]
    For further information visit https://errors.pydantic.dev/2.12/v/missing
branch
  Field required [type=missing, input_value=(campaign_tbl(campaign_na... 'Operator': 'equal'}})), input_type=Row]
    For further information visit https://errors.pydantic.dev/2.12/v/missing
Traceback (most recent call last):
  File "C:\Users\iconaf\Documents\als_folder\als_backend_api\crud\campaigns.py", line 77, in get_campaign_by_code_db
    return CreateCampaignResponse.model_validate(result)
           ~~~~~~~~~~~~~~~~~~~~~~~~~~~~~~~~~~~~~^^^^^^^^
  File "C:\Users\iconaf\AppData\Local\Programs\Python\Python313\Lib\site-packages\pydantic\main.py", line 716, in model_validate
    return cls.__pydantic_validator__.validate_python(
           ~~~~~~~~~~~~~~~~~~~~~~~~~~~~~~~~~~~~~~~~~~^
        obj,
        ^^^^
    ...<5 lines>...
        by_name=by_name,
        ^^^^^^^^^^^^^^^^
    )
    ^
pydantic_core._pydantic_core.ValidationError: 3 validation errors for CreateCampaignResponse
camp_code
  Field required [type=missing, input_value=(campaign_tbl(campaign_na... 'Operator': 'equal'}})), input_type=Row]
    For further information visit https://errors.pydantic.dev/2.12/v/missing
campaign_name
  Field required [type=missing, input_value=(campaign_tbl(campaign_na... 'Operator': 'equal'}})), input_type=Row]
    For further information visit https://errors.pydantic.dev/2.12/v/missing
branch
  Field required [type=missing, input_value=(campaign_tbl(campaign_na... 'Operator': 'equal'}})), input_type=Row]
    For further information visit https://errors.pydantic.dev/2.12/v/missing
2025-12-01 20:12:04,866 - als campaign logs - ERROR - An internal server error occurred:3 validation errors for CreateCampaignResponse
camp_code
  Field required [type=missing, input_value=(campaign_tbl(campaign_na...ual'}}, is_active=True)), input_type=Row]
    For further information visit https://errors.pydantic.dev/2.12/v/missing
campaign_name
  Field required [type=missing, input_value=(campaign_tbl(campaign_na...ual'}}, is_active=True)), input_type=Row]
    For further information visit https://errors.pydantic.dev/2.12/v/missing
branch
  Field required [type=missing, input_value=(campaign_tbl(campaign_na...ual'}}, is_active=True)), input_type=Row]
    For further information visit https://errors.pydantic.dev/2.12/v/missing
Traceback (most recent call last):
  File "C:\Users\iconaf\Documents\als_folder\als_backend_api\crud\campaigns.py", line 77, in get_campaign_by_code_db
    return CreateCampaignResponse.model_validate(result)
           ~~~~~~~~~~~~~~~~~~~~~~~~~~~~~~~~~~~~~^^^^^^^^
  File "C:\Users\iconaf\AppData\Local\Programs\Python\Python313\Lib\site-packages\pydantic\main.py", line 716, in model_validate
    return cls.__pydantic_validator__.validate_python(
           ~~~~~~~~~~~~~~~~~~~~~~~~~~~~~~~~~~~~~~~~~~^
        obj,
        ^^^^
    ...<5 lines>...
        by_name=by_name,
        ^^^^^^^^^^^^^^^^
    )
    ^
pydantic_core._pydantic_core.ValidationError: 3 validation errors for CreateCampaignResponse
camp_code
  Field required [type=missing, input_value=(campaign_tbl(campaign_na...ual'}}, is_active=True)), input_type=Row]
    For further information visit https://errors.pydantic.dev/2.12/v/missing
campaign_name
  Field required [type=missing, input_value=(campaign_tbl(campaign_na...ual'}}, is_active=True)), input_type=Row]
    For further information visit https://errors.pydantic.dev/2.12/v/missing
branch
  Field required [type=missing, input_value=(campaign_tbl(campaign_na...ual'}}, is_active=True)), input_type=Row]
    For further information visit https://errors.pydantic.dev/2.12/v/missing
2025-12-01 20:12:04,866 - als campaign logs - ERROR - An internal server error occurred:3 validation errors for CreateCampaignResponse
camp_code
  Field required [type=missing, input_value=(campaign_tbl(campaign_na...ual'}}, is_active=True)), input_type=Row]
    For further information visit https://errors.pydantic.dev/2.12/v/missing
campaign_name
  Field required [type=missing, input_value=(campaign_tbl(campaign_na...ual'}}, is_active=True)), input_type=Row]
    For further information visit https://errors.pydantic.dev/2.12/v/missing
branch
  Field required [type=missing, input_value=(campaign_tbl(campaign_na...ual'}}, is_active=True)), input_type=Row]
    For further information visit https://errors.pydantic.dev/2.12/v/missing
Traceback (most recent call last):
  File "C:\Users\iconaf\Documents\als_folder\als_backend_api\crud\campaigns.py", line 77, in get_campaign_by_code_db
    return CreateCampaignResponse.model_validate(result)
           ~~~~~~~~~~~~~~~~~~~~~~~~~~~~~~~~~~~~~^^^^^^^^
  File "C:\Users\iconaf\AppData\Local\Programs\Python\Python313\Lib\site-packages\pydantic\main.py", line 716, in model_validate
    return cls.__pydantic_validator__.validate_python(
           ~~~~~~~~~~~~~~~~~~~~~~~~~~~~~~~~~~~~~~~~~~^
        obj,
        ^^^^
    ...<5 lines>...
        by_name=by_name,
        ^^^^^^^^^^^^^^^^
    )
    ^
pydantic_core._pydantic_core.ValidationError: 3 validation errors for CreateCampaignResponse
camp_code
  Field required [type=missing, input_value=(campaign_tbl(campaign_na...ual'}}, is_active=True)), input_type=Row]
    For further information visit https://errors.pydantic.dev/2.12/v/missing
campaign_name
  Field required [type=missing, input_value=(campaign_tbl(campaign_na...ual'}}, is_active=True)), input_type=Row]
    For further information visit https://errors.pydantic.dev/2.12/v/missing
branch
  Field required [type=missing, input_value=(campaign_tbl(campaign_na...ual'}}, is_active=True)), input_type=Row]
    For further information visit https://errors.pydantic.dev/2.12/v/missing
2025-12-01 20:13:28,854 - als_campaign_logs - INFO - user:6 with email:Mnqobi@gmail.com successfully fetched campaign:HQ1234GHTR_2
2025-12-01 20:13:28,854 - als_campaign_logs - INFO - user:6 with email:Mnqobi@gmail.com successfully fetched campaign:HQ1234GHTR_2
2025-12-01 20:16:51,440 - als campaign logs - INFO - user:6 with email:Mnqobi@gmail.com created campaign:TELESURE_03 from branch:HQ
2025-12-01 20:16:51,440 - als campaign logs - INFO - user:6 with email:Mnqobi@gmail.com created campaign:TELESURE_03 from branch:HQ
2025-12-01 20:18:29,468 - als_campaign_logs - INFO - user:6 with email:Mnqobi@gmail.com created campaign:TELESURE_03 from branch:HQ
2025-12-01 20:18:29,468 - als_campaign_logs - INFO - user:6 with email:Mnqobi@gmail.com created campaign:TELESURE_03 from branch:HQ
2025-12-01 20:34:04,862 - als campaign logs - INFO - user:6 with email:Mnqobi@gmail.com retrieved 11 campaigns
2025-12-01 20:34:04,862 - als campaign logs - INFO - user:6 with email:Mnqobi@gmail.com retrieved 11 campaigns
2025-12-01 20:44:56,010 - als_campaign_logs - INFO - user:6 with email:Mnqobi@gmail.com created campaign:mamelodi_sundowns from branch:P3
2025-12-01 20:44:56,010 - als_campaign_logs - INFO - user:6 with email:Mnqobi@gmail.com created campaign:mamelodi_sundowns from branch:P3
2025-12-01 20:45:54,397 - als_campaign_logs - INFO - user:6 with email:Mnqobi@gmail.com created campaign:KAIZER CHIEFS from branch:HQ
2025-12-01 20:45:54,397 - als_campaign_logs - INFO - user:6 with email:Mnqobi@gmail.com created campaign:KAIZER CHIEFS from branch:HQ
2025-12-01 20:48:43,505 - als_campaign_logs - INFO - user:6 with email:Mnqobi@gmail.com created campaign:CAT MATLALA from branch:HQ
2025-12-01 20:48:43,505 - als_campaign_logs - INFO - user:6 with email:Mnqobi@gmail.com created campaign:CAT MATLALA from branch:HQ
2025-12-01 21:10:47,264 - als campaign logs - INFO - user:6 with email:Mnqobi@gmail.com retrieved 10 campaigns
2025-12-01 21:10:47,264 - als campaign logs - INFO - user:6 with email:Mnqobi@gmail.com retrieved 10 campaigns
2025-12-01 21:17:00,633 - als campaign logs - INFO - user:6 with email:Mnqobi@gmail.com retrieved 10 campaigns
2025-12-01 21:17:00,633 - als campaign logs - INFO - user:6 with email:Mnqobi@gmail.com retrieved 10 campaigns
2025-12-01 21:27:43,356 - als campaign logs - INFO - user:6 with email:Mnqobi@gmail.com retrieved 10 campaigns
2025-12-01 21:27:43,356 - als campaign logs - INFO - user:6 with email:Mnqobi@gmail.com retrieved 10 campaigns
2025-12-01 21:36:58,048 - als campaign logs - INFO - user:6 with email:Mnqobi@gmail.com retrieved 10 campaigns
2025-12-01 21:36:58,048 - als campaign logs - INFO - user:6 with email:Mnqobi@gmail.com retrieved 10 campaigns
2025-12-02 06:12:03,297 - als campaign logs - INFO - user:6 with email:Mnqobi@gmail.com retrieved 14 campaigns
2025-12-02 06:12:03,297 - als campaign logs - INFO - user:6 with email:Mnqobi@gmail.com retrieved 14 campaigns
2025-12-02 06:12:34,430 - als campaign logs - INFO - user:6 with email:Mnqobi@gmail.com retrieve campaigns for branch:HQ
2025-12-02 06:12:34,430 - als campaign logs - INFO - user:6 with email:Mnqobi@gmail.com retrieve campaigns for branch:HQ
2025-12-02 06:12:59,590 - als_campaign_logs - INFO - user:6 with email:Mnqobi@gmail.com requested campaign:DFGHJ that does not exist
2025-12-02 06:12:59,590 - als_campaign_logs - INFO - user:6 with email:Mnqobi@gmail.com requested campaign:DFGHJ that does not exist
2025-12-02 06:56:32,713 - als campaign logs - INFO - user:6 with email:Mnqobi@gmail.com retrieved 10 campaigns
2025-12-02 06:56:32,713 - als campaign logs - INFO - user:6 with email:Mnqobi@gmail.com retrieved 10 campaigns
2025-12-02 07:36:38,997 - als campaign logs - INFO - user:6 with email:Mnqobi@gmail.com retrieved 10 campaigns
2025-12-02 07:36:38,997 - als campaign logs - INFO - user:6 with email:Mnqobi@gmail.com retrieved 10 campaigns
2025-12-02 07:37:21,818 - als_campaign_logs - INFO - user:6 with email:Mnqobi@gmail.com created campaign:ABSA_CAMPAIGN from branch:HQ
2025-12-02 07:37:21,818 - als_campaign_logs - INFO - user:6 with email:Mnqobi@gmail.com created campaign:ABSA_CAMPAIGN from branch:HQ
2025-12-02 07:37:29,892 - als campaign logs - INFO - user:6 with email:Mnqobi@gmail.com retrieved 10 campaigns
2025-12-02 07:37:29,892 - als campaign logs - INFO - user:6 with email:Mnqobi@gmail.com retrieved 10 campaigns
2025-12-02 07:43:08,819 - als campaign logs - INFO - user:6 with email:Mnqobi@gmail.com retrieved 10 campaigns
2025-12-02 07:43:08,819 - als campaign logs - INFO - user:6 with email:Mnqobi@gmail.com retrieved 10 campaigns
2025-12-02 07:44:53,984 - als campaign logs - INFO - user:6 with email:Mnqobi@gmail.com retrieved 10 campaigns
2025-12-02 07:44:53,984 - als campaign logs - INFO - user:6 with email:Mnqobi@gmail.com retrieved 10 campaigns
2025-12-02 07:44:59,271 - als campaign logs - INFO - user:6 with email:Mnqobi@gmail.com retrieved 10 campaigns
2025-12-02 07:44:59,271 - als campaign logs - INFO - user:6 with email:Mnqobi@gmail.com retrieved 10 campaigns
2025-12-02 07:52:12,589 - als campaign logs - INFO - user:6 with email:Mnqobi@gmail.com retrieved 10 campaigns
2025-12-02 07:52:12,589 - als campaign logs - INFO - user:6 with email:Mnqobi@gmail.com retrieved 10 campaigns
2025-12-02 07:57:23,196 - als campaign logs - INFO - user:6 with email:Mnqobi@gmail.com retrieved 10 campaigns
2025-12-02 07:57:23,196 - als campaign logs - INFO - user:6 with email:Mnqobi@gmail.com retrieved 10 campaigns
2025-12-02 08:04:14,861 - als campaign logs - INFO - user:6 with email:Mnqobi@gmail.com retrieved 10 campaigns
2025-12-02 08:04:14,861 - als campaign logs - INFO - user:6 with email:Mnqobi@gmail.com retrieved 10 campaigns
2025-12-02 08:07:20,849 - als campaign logs - INFO - user:6 with email:Mnqobi@gmail.com retrieved 15 campaigns
2025-12-02 08:07:20,849 - als campaign logs - INFO - user:6 with email:Mnqobi@gmail.com retrieved 15 campaigns
2025-12-02 08:11:50,052 - als campaign logs - INFO - user:6 with email:Mnqobi@gmail.com retrieved 10 campaigns
2025-12-02 08:11:50,052 - als campaign logs - INFO - user:6 with email:Mnqobi@gmail.com retrieved 10 campaigns
2025-12-02 08:22:01,524 - als campaign logs - INFO - user:6 with email:Mnqobi@gmail.com retrieved 10 campaigns
2025-12-02 08:22:01,524 - als campaign logs - INFO - user:6 with email:Mnqobi@gmail.com retrieved 10 campaigns
2025-12-02 08:22:05,757 - als campaign logs - INFO - user:6 with email:Mnqobi@gmail.com retrieved 10 campaigns
2025-12-02 08:22:05,757 - als campaign logs - INFO - user:6 with email:Mnqobi@gmail.com retrieved 10 campaigns
2025-12-02 08:31:35,410 - als campaign logs - INFO - user:6 with email:Mnqobi@gmail.com retrieved 10 campaigns
2025-12-02 08:31:35,410 - als campaign logs - INFO - user:6 with email:Mnqobi@gmail.com retrieved 10 campaigns
2025-12-02 08:39:51,756 - als campaign logs - INFO - user:6 with email:Mnqobi@gmail.com retrieved 10 campaigns
2025-12-02 08:39:51,756 - als campaign logs - INFO - user:6 with email:Mnqobi@gmail.com retrieved 10 campaigns
2025-12-02 08:44:59,797 - als campaign logs - INFO - user:6 with email:Mnqobi@gmail.com retrieved 10 campaigns
2025-12-02 08:44:59,797 - als campaign logs - INFO - user:6 with email:Mnqobi@gmail.com retrieved 10 campaigns
2025-12-02 08:53:33,536 - als campaign logs - INFO - user:6 with email:Mnqobi@gmail.com retrieved 10 campaigns
2025-12-02 08:53:33,536 - als campaign logs - INFO - user:6 with email:Mnqobi@gmail.com retrieved 10 campaigns
2025-12-02 08:53:36,287 - als campaign logs - INFO - user:6 with email:Mnqobi@gmail.com retrieved 5 campaigns
2025-12-02 08:53:36,287 - als campaign logs - INFO - user:6 with email:Mnqobi@gmail.com retrieved 5 campaigns
2025-12-02 08:53:37,811 - als campaign logs - INFO - user:6 with email:Mnqobi@gmail.com retrieved 0 campaigns
2025-12-02 08:53:37,811 - als campaign logs - INFO - user:6 with email:Mnqobi@gmail.com retrieved 0 campaigns
2025-12-02 08:54:31,501 - als campaign logs - INFO - user:6 with email:Mnqobi@gmail.com retrieved 0 campaigns
2025-12-02 08:54:31,501 - als campaign logs - INFO - user:6 with email:Mnqobi@gmail.com retrieved 0 campaigns
2025-12-02 08:54:32,700 - als campaign logs - INFO - user:6 with email:Mnqobi@gmail.com retrieved 0 campaigns
2025-12-02 08:54:32,700 - als campaign logs - INFO - user:6 with email:Mnqobi@gmail.com retrieved 0 campaigns
2025-12-02 08:54:58,013 - als campaign logs - INFO - user:6 with email:Mnqobi@gmail.com retrieved 5 campaigns
2025-12-02 08:54:58,013 - als campaign logs - INFO - user:6 with email:Mnqobi@gmail.com retrieved 5 campaigns
2025-12-02 08:55:01,724 - als campaign logs - INFO - user:6 with email:Mnqobi@gmail.com retrieved 15 campaigns
2025-12-02 08:55:01,724 - als campaign logs - INFO - user:6 with email:Mnqobi@gmail.com retrieved 15 campaigns
2025-12-02 08:55:47,732 - als campaign logs - INFO - user:6 with email:Mnqobi@gmail.com retrieved 15 campaigns
2025-12-02 08:55:47,732 - als campaign logs - INFO - user:6 with email:Mnqobi@gmail.com retrieved 15 campaigns
2025-12-02 08:58:38,802 - als campaign logs - INFO - user:6 with email:Mnqobi@gmail.com retrieved 10 campaigns
2025-12-02 08:58:38,802 - als campaign logs - INFO - user:6 with email:Mnqobi@gmail.com retrieved 10 campaigns
2025-12-02 08:59:09,858 - als campaign logs - INFO - user:6 with email:Mnqobi@gmail.com retrieved 10 campaigns
2025-12-02 08:59:09,858 - als campaign logs - INFO - user:6 with email:Mnqobi@gmail.com retrieved 10 campaigns
2025-12-02 08:59:12,514 - als campaign logs - INFO - user:6 with email:Mnqobi@gmail.com retrieved 5 campaigns
2025-12-02 08:59:12,514 - als campaign logs - INFO - user:6 with email:Mnqobi@gmail.com retrieved 5 campaigns
2025-12-02 08:59:14,386 - als campaign logs - INFO - user:6 with email:Mnqobi@gmail.com retrieved 0 campaigns
2025-12-02 08:59:14,386 - als campaign logs - INFO - user:6 with email:Mnqobi@gmail.com retrieved 0 campaigns
2025-12-02 08:59:16,330 - als campaign logs - INFO - user:6 with email:Mnqobi@gmail.com retrieved 0 campaigns
2025-12-02 08:59:16,330 - als campaign logs - INFO - user:6 with email:Mnqobi@gmail.com retrieved 0 campaigns
2025-12-02 09:01:13,269 - als campaign logs - INFO - user:6 with email:Mnqobi@gmail.com retrieved 0 campaigns
2025-12-02 09:01:13,269 - als campaign logs - INFO - user:6 with email:Mnqobi@gmail.com retrieved 0 campaigns
2025-12-02 09:02:52,864 - als campaign logs - INFO - user:6 with email:Mnqobi@gmail.com retrieved 10 campaigns
2025-12-02 09:02:52,864 - als campaign logs - INFO - user:6 with email:Mnqobi@gmail.com retrieved 10 campaigns
2025-12-02 09:02:56,388 - als campaign logs - INFO - user:6 with email:Mnqobi@gmail.com retrieved 5 campaigns
2025-12-02 09:02:56,388 - als campaign logs - INFO - user:6 with email:Mnqobi@gmail.com retrieved 5 campaigns
2025-12-02 09:02:57,546 - als campaign logs - INFO - user:6 with email:Mnqobi@gmail.com retrieved 0 campaigns
2025-12-02 09:02:57,546 - als campaign logs - INFO - user:6 with email:Mnqobi@gmail.com retrieved 0 campaigns
2025-12-02 09:02:58,569 - als campaign logs - INFO - user:6 with email:Mnqobi@gmail.com retrieved 0 campaigns
2025-12-02 09:02:58,569 - als campaign logs - INFO - user:6 with email:Mnqobi@gmail.com retrieved 0 campaigns
2025-12-02 09:02:59,174 - als campaign logs - INFO - user:6 with email:Mnqobi@gmail.com retrieved 0 campaigns
2025-12-02 09:02:59,174 - als campaign logs - INFO - user:6 with email:Mnqobi@gmail.com retrieved 0 campaigns
2025-12-02 09:05:01,809 - als campaign logs - INFO - user:6 with email:Mnqobi@gmail.com retrieved 0 campaigns
2025-12-02 09:05:01,809 - als campaign logs - INFO - user:6 with email:Mnqobi@gmail.com retrieved 0 campaigns
2025-12-02 09:23:00,758 - als campaign logs - INFO - user:6 with email:Mnqobi@gmail.com retrieved 10 campaigns
2025-12-02 09:23:00,758 - als campaign logs - INFO - user:6 with email:Mnqobi@gmail.com retrieved 10 campaigns
2025-12-02 09:33:57,851 - als_campaign_logs - INFO - user:6 with email:Mnqobi@gmail.com requested campaign:infinite that does not exist
2025-12-02 09:33:57,851 - als_campaign_logs - INFO - user:6 with email:Mnqobi@gmail.com requested campaign:infinite that does not exist
2025-12-02 09:34:42,253 - als_campaign_logs - INFO - user:6 with email:Mnqobi@gmail.com requested campaign:infinite that does not exist
2025-12-02 09:34:42,253 - als_campaign_logs - INFO - user:6 with email:Mnqobi@gmail.com requested campaign:infinite that does not exist
2025-12-02 09:35:26,612 - als_campaign_logs - INFO - user:6 with email:Mnqobi@gmail.com requested campaign:infinite that does not exist
2025-12-02 09:35:26,612 - als_campaign_logs - INFO - user:6 with email:Mnqobi@gmail.com requested campaign:infinite that does not exist
2025-12-02 09:55:33,241 - als campaign logs - INFO - user:6 with email:Mnqobi@gmail.com retrieved 10 campaigns
2025-12-02 09:55:33,241 - als campaign logs - INFO - user:6 with email:Mnqobi@gmail.com retrieved 10 campaigns
2025-12-02 09:56:37,697 - als campaign logs - INFO - user:6 with email:Mnqobi@gmail.com retrieved 5 campaigns
2025-12-02 09:56:37,697 - als campaign logs - INFO - user:6 with email:Mnqobi@gmail.com retrieved 5 campaigns
2025-12-02 09:56:38,865 - als campaign logs - INFO - user:6 with email:Mnqobi@gmail.com retrieved 0 campaigns
2025-12-02 09:56:38,865 - als campaign logs - INFO - user:6 with email:Mnqobi@gmail.com retrieved 0 campaigns
2025-12-02 09:56:39,909 - als campaign logs - INFO - user:6 with email:Mnqobi@gmail.com retrieved 0 campaigns
2025-12-02 09:56:39,909 - als campaign logs - INFO - user:6 with email:Mnqobi@gmail.com retrieved 0 campaigns
2025-12-02 09:56:40,688 - als campaign logs - INFO - user:6 with email:Mnqobi@gmail.com retrieved 0 campaigns
2025-12-02 09:56:40,688 - als campaign logs - INFO - user:6 with email:Mnqobi@gmail.com retrieved 0 campaigns
2025-12-02 10:12:01,198 - als campaign logs - INFO - user:6 with email:Mnqobi@gmail.com retrieved 10 campaigns
2025-12-02 10:12:01,198 - als campaign logs - INFO - user:6 with email:Mnqobi@gmail.com retrieved 10 campaigns
2025-12-02 10:12:13,288 - als campaign logs - INFO - user:6 with email:Mnqobi@gmail.com retrieved 15 campaigns
2025-12-02 10:12:13,288 - als campaign logs - INFO - user:6 with email:Mnqobi@gmail.com retrieved 15 campaigns
2025-12-02 10:12:18,396 - als campaign logs - INFO - user:6 with email:Mnqobi@gmail.com retrieved 5 campaigns
2025-12-02 10:12:18,396 - als campaign logs - INFO - user:6 with email:Mnqobi@gmail.com retrieved 5 campaigns
2025-12-02 10:12:23,791 - als campaign logs - INFO - user:6 with email:Mnqobi@gmail.com retrieved 5 campaigns
2025-12-02 10:12:23,791 - als campaign logs - INFO - user:6 with email:Mnqobi@gmail.com retrieved 5 campaigns
2025-12-02 10:12:24,345 - als campaign logs - INFO - user:6 with email:Mnqobi@gmail.com retrieved 5 campaigns
2025-12-02 10:12:24,345 - als campaign logs - INFO - user:6 with email:Mnqobi@gmail.com retrieved 5 campaigns
2025-12-02 10:12:24,862 - als campaign logs - INFO - user:6 with email:Mnqobi@gmail.com retrieved 0 campaigns
2025-12-02 10:12:24,862 - als campaign logs - INFO - user:6 with email:Mnqobi@gmail.com retrieved 0 campaigns
2025-12-02 10:15:34,887 - als campaign logs - INFO - user:6 with email:Mnqobi@gmail.com retrieved 15 campaigns
2025-12-02 10:15:34,887 - als campaign logs - INFO - user:6 with email:Mnqobi@gmail.com retrieved 15 campaigns
2025-12-02 10:15:43,598 - als campaign logs - INFO - user:6 with email:Mnqobi@gmail.com retrieved 0 campaigns
2025-12-02 10:15:43,598 - als campaign logs - INFO - user:6 with email:Mnqobi@gmail.com retrieved 0 campaigns
2025-12-02 10:15:45,519 - als campaign logs - INFO - user:6 with email:Mnqobi@gmail.com retrieved 0 campaigns
2025-12-02 10:15:45,519 - als campaign logs - INFO - user:6 with email:Mnqobi@gmail.com retrieved 0 campaigns
2025-12-02 10:17:14,370 - als campaign logs - INFO - user:6 with email:Mnqobi@gmail.com retrieved 15 campaigns
2025-12-02 10:17:14,370 - als campaign logs - INFO - user:6 with email:Mnqobi@gmail.com retrieved 15 campaigns
2025-12-02 10:18:20,772 - als_campaign_logs - INFO - user:6 with email:Mnqobi@gmail.com created campaign:GIANTS from branch:INVTNTDBN
2025-12-02 10:18:20,772 - als_campaign_logs - INFO - user:6 with email:Mnqobi@gmail.com created campaign:GIANTS from branch:INVTNTDBN
2025-12-02 10:18:26,411 - als campaign logs - INFO - user:6 with email:Mnqobi@gmail.com retrieved 0 campaigns
2025-12-02 10:18:26,411 - als campaign logs - INFO - user:6 with email:Mnqobi@gmail.com retrieved 0 campaigns
2025-12-02 10:20:46,535 - als campaign logs - INFO - user:6 with email:Mnqobi@gmail.com retrieved 16 campaigns
2025-12-02 10:20:46,535 - als campaign logs - INFO - user:6 with email:Mnqobi@gmail.com retrieved 16 campaigns
2025-12-02 10:20:47,819 - als campaign logs - INFO - user:6 with email:Mnqobi@gmail.com retrieved 5 campaigns
2025-12-02 10:20:47,819 - als campaign logs - INFO - user:6 with email:Mnqobi@gmail.com retrieved 5 campaigns
2025-12-02 10:20:51,635 - als campaign logs - INFO - user:6 with email:Mnqobi@gmail.com retrieved 10 campaigns
2025-12-02 10:20:51,635 - als campaign logs - INFO - user:6 with email:Mnqobi@gmail.com retrieved 10 campaigns
2025-12-02 10:21:06,303 - als campaign logs - INFO - user:6 with email:Mnqobi@gmail.com retrieved 5 campaigns
2025-12-02 10:21:06,303 - als campaign logs - INFO - user:6 with email:Mnqobi@gmail.com retrieved 5 campaigns
2025-12-02 10:21:07,217 - als campaign logs - INFO - user:6 with email:Mnqobi@gmail.com retrieved 5 campaigns
2025-12-02 10:21:07,217 - als campaign logs - INFO - user:6 with email:Mnqobi@gmail.com retrieved 5 campaigns
2025-12-02 10:21:09,872 - als campaign logs - INFO - user:6 with email:Mnqobi@gmail.com retrieved 1 campaigns
2025-12-02 10:21:09,872 - als campaign logs - INFO - user:6 with email:Mnqobi@gmail.com retrieved 1 campaigns
2025-12-02 10:21:11,078 - als campaign logs - INFO - user:6 with email:Mnqobi@gmail.com retrieved 0 campaigns
2025-12-02 10:21:11,078 - als campaign logs - INFO - user:6 with email:Mnqobi@gmail.com retrieved 0 campaigns
2025-12-02 11:57:44,612 - als campaign logs - INFO - user:6 with email:Mnqobi@gmail.com retrieved 10 campaigns
2025-12-02 11:57:44,612 - als campaign logs - INFO - user:6 with email:Mnqobi@gmail.com retrieved 10 campaigns
2025-12-02 11:59:51,428 - als campaign logs - INFO - user:6 with email:Mnqobi@gmail.com retrieved 6 campaigns
2025-12-02 11:59:51,428 - als campaign logs - INFO - user:6 with email:Mnqobi@gmail.com retrieved 6 campaigns
2025-12-02 11:59:52,665 - als campaign logs - INFO - user:6 with email:Mnqobi@gmail.com retrieved 0 campaigns
2025-12-02 11:59:52,665 - als campaign logs - INFO - user:6 with email:Mnqobi@gmail.com retrieved 0 campaigns
2025-12-02 11:59:53,921 - als campaign logs - INFO - user:6 with email:Mnqobi@gmail.com retrieved 0 campaigns
2025-12-02 11:59:53,921 - als campaign logs - INFO - user:6 with email:Mnqobi@gmail.com retrieved 0 campaigns
2025-12-02 12:00:02,621 - als campaign logs - INFO - user:6 with email:Mnqobi@gmail.com retrieved 0 campaigns
2025-12-02 12:00:02,621 - als campaign logs - INFO - user:6 with email:Mnqobi@gmail.com retrieved 0 campaigns
2025-12-02 12:07:25,433 - als campaign logs - INFO - user:6 with email:Mnqobi@gmail.com retrieved 10 campaigns
2025-12-02 12:07:25,433 - als campaign logs - INFO - user:6 with email:Mnqobi@gmail.com retrieved 10 campaigns
2025-12-02 12:07:40,950 - als campaign logs - INFO - user:6 with email:Mnqobi@gmail.com retrieved 6 campaigns
2025-12-02 12:07:40,950 - als campaign logs - INFO - user:6 with email:Mnqobi@gmail.com retrieved 6 campaigns
2025-12-02 12:07:43,256 - als campaign logs - INFO - user:6 with email:Mnqobi@gmail.com retrieved 0 campaigns
2025-12-02 12:07:43,256 - als campaign logs - INFO - user:6 with email:Mnqobi@gmail.com retrieved 0 campaigns
2025-12-02 12:07:44,246 - als campaign logs - INFO - user:6 with email:Mnqobi@gmail.com retrieved 0 campaigns
2025-12-02 12:07:44,246 - als campaign logs - INFO - user:6 with email:Mnqobi@gmail.com retrieved 0 campaigns
2025-12-02 12:13:19,303 - als campaign logs - INFO - user:6 with email:Mnqobi@gmail.com retrieved 10 campaigns
2025-12-02 12:13:19,303 - als campaign logs - INFO - user:6 with email:Mnqobi@gmail.com retrieved 10 campaigns
2025-12-02 12:57:01,974 - als_campaign_logs - ERROR - An exception occured for the infinite scroll
Traceback (most recent call last):
  File "C:\Users\iconaf\Documents\als_folder\als_backend_api\routers\campaigns.py", line 431, in get_all_campaigns_infinite_scroll
    return await get_all_campaigns_infinite_scroll_db(session,page,page_size,searchTerm,user)
           ^^^^^^^^^^^^^^^^^^^^^^^^^^^^^^^^^^^^^^^^^^^^^^^^^^^^^^^^^^^^^^^^^^^^^^^^^^^^^^^^^^
  File "C:\Users\iconaf\Documents\als_folder\als_backend_api\crud\campaigns.py", line 128, in get_all_campaigns_infinite_scroll_db
    total=total_result.scalar() or 0
          ^^^^^^^^^^^^^^^^^^^
AttributeError: 'ScalarResult' object has no attribute 'scalar'
2025-12-02 12:57:01,974 - als_campaign_logs - ERROR - An exception occured for the infinite scroll
Traceback (most recent call last):
  File "C:\Users\iconaf\Documents\als_folder\als_backend_api\routers\campaigns.py", line 431, in get_all_campaigns_infinite_scroll
    return await get_all_campaigns_infinite_scroll_db(session,page,page_size,searchTerm,user)
           ^^^^^^^^^^^^^^^^^^^^^^^^^^^^^^^^^^^^^^^^^^^^^^^^^^^^^^^^^^^^^^^^^^^^^^^^^^^^^^^^^^
  File "C:\Users\iconaf\Documents\als_folder\als_backend_api\crud\campaigns.py", line 128, in get_all_campaigns_infinite_scroll_db
    total=total_result.scalar() or 0
          ^^^^^^^^^^^^^^^^^^^
AttributeError: 'ScalarResult' object has no attribute 'scalar'
2025-12-02 14:36:23,367 - als campaign logs - INFO - user:6 with email:Mnqobi@gmail.com retrieved 10 campaigns
2025-12-02 14:36:23,367 - als campaign logs - INFO - user:6 with email:Mnqobi@gmail.com retrieved 10 campaigns
2025-12-02 14:36:25,417 - als campaign logs - INFO - user:6 with email:Mnqobi@gmail.com retrieved 6 campaigns
2025-12-02 14:36:25,417 - als campaign logs - INFO - user:6 with email:Mnqobi@gmail.com retrieved 6 campaigns
2025-12-02 14:36:26,953 - als campaign logs - INFO - user:6 with email:Mnqobi@gmail.com retrieved 0 campaigns
2025-12-02 14:36:26,953 - als campaign logs - INFO - user:6 with email:Mnqobi@gmail.com retrieved 0 campaigns
2025-12-02 14:43:03,425 - als campaign logs - INFO - user:6 with email:Mnqobi@gmail.com retrieved 6 campaigns
2025-12-02 14:43:03,425 - als campaign logs - INFO - user:6 with email:Mnqobi@gmail.com retrieved 6 campaigns
2025-12-02 14:43:13,049 - als campaign logs - INFO - user:6 with email:Mnqobi@gmail.com retrieved 10 campaigns
2025-12-02 14:43:13,049 - als campaign logs - INFO - user:6 with email:Mnqobi@gmail.com retrieved 10 campaigns
2025-12-02 16:46:53,304 - als campaign logs - INFO - user:6 with email:Mnqobi@gmail.com retrieved 10 campaigns
2025-12-02 16:46:53,304 - als campaign logs - INFO - user:6 with email:Mnqobi@gmail.com retrieved 10 campaigns
2025-12-03 03:56:17,413 - als campaign logs - INFO - user:6 with email:Mnqobi@gmail.com retrieved 10 campaigns
2025-12-03 03:56:17,413 - als campaign logs - INFO - user:6 with email:Mnqobi@gmail.com retrieved 10 campaigns
2025-12-03 04:00:03,802 - als campaign logs - INFO - user:6 with email:Mnqobi@gmail.com retrieved 10 campaigns
2025-12-03 04:00:03,802 - als campaign logs - INFO - user:6 with email:Mnqobi@gmail.com retrieved 10 campaigns
2025-12-03 04:05:16,891 - als campaign logs - INFO - user:6 with email:Mnqobi@gmail.com retrieved 10 campaigns
2025-12-03 04:05:16,891 - als campaign logs - INFO - user:6 with email:Mnqobi@gmail.com retrieved 10 campaigns
2025-12-03 04:24:27,234 - als campaign logs - INFO - user:6 with email:Mnqobi@gmail.com retrieved 10 campaigns
2025-12-03 04:24:27,234 - als campaign logs - INFO - user:6 with email:Mnqobi@gmail.com retrieved 10 campaigns
2025-12-03 04:55:53,515 - als campaign logs - INFO - user:6 with email:Mnqobi@gmail.com retrieved 10 campaigns
2025-12-03 04:55:53,515 - als campaign logs - INFO - user:6 with email:Mnqobi@gmail.com retrieved 10 campaigns
2025-12-03 04:56:33,344 - als campaign logs - INFO - user:6 with email:Mnqobi@gmail.com retrieved 0 campaigns
2025-12-03 04:56:33,344 - als campaign logs - INFO - user:6 with email:Mnqobi@gmail.com retrieved 0 campaigns
2025-12-03 04:56:34,438 - als campaign logs - INFO - user:6 with email:Mnqobi@gmail.com retrieved 0 campaigns
2025-12-03 04:56:34,438 - als campaign logs - INFO - user:6 with email:Mnqobi@gmail.com retrieved 0 campaigns
2025-12-03 04:56:35,233 - als campaign logs - INFO - user:6 with email:Mnqobi@gmail.com retrieved 6 campaigns
2025-12-03 04:56:35,233 - als campaign logs - INFO - user:6 with email:Mnqobi@gmail.com retrieved 6 campaigns
2025-12-03 04:57:19,448 - als campaign logs - INFO - user:6 with email:Mnqobi@gmail.com retrieved 0 campaigns
2025-12-03 04:57:19,448 - als campaign logs - INFO - user:6 with email:Mnqobi@gmail.com retrieved 0 campaigns
2025-12-03 05:01:00,988 - als campaign logs - INFO - user:6 with email:Mnqobi@gmail.com retrieved 10 campaigns
2025-12-03 05:01:00,988 - als campaign logs - INFO - user:6 with email:Mnqobi@gmail.com retrieved 10 campaigns
2025-12-03 05:02:41,472 - als campaign logs - INFO - user:6 with email:Mnqobi@gmail.com retrieved 6 campaigns
2025-12-03 05:02:41,472 - als campaign logs - INFO - user:6 with email:Mnqobi@gmail.com retrieved 6 campaigns
2025-12-03 05:02:42,078 - als campaign logs - INFO - user:6 with email:Mnqobi@gmail.com retrieved 0 campaigns
2025-12-03 05:02:42,078 - als campaign logs - INFO - user:6 with email:Mnqobi@gmail.com retrieved 0 campaigns
2025-12-03 05:04:09,065 - als campaign logs - INFO - user:6 with email:Mnqobi@gmail.com retrieved 16 campaigns
2025-12-03 05:04:09,065 - als campaign logs - INFO - user:6 with email:Mnqobi@gmail.com retrieved 16 campaigns
2025-12-03 05:04:11,184 - als campaign logs - INFO - user:6 with email:Mnqobi@gmail.com retrieved 0 campaigns
2025-12-03 05:04:11,184 - als campaign logs - INFO - user:6 with email:Mnqobi@gmail.com retrieved 0 campaigns
2025-12-03 05:09:33,461 - als campaign logs - INFO - user:6 with email:Mnqobi@gmail.com retrieved 10 campaigns
2025-12-03 05:09:33,461 - als campaign logs - INFO - user:6 with email:Mnqobi@gmail.com retrieved 10 campaigns
2025-12-03 05:18:39,765 - als campaign logs - INFO - user:6 with email:Mnqobi@gmail.com retrieved 10 campaigns
2025-12-03 05:18:39,765 - als campaign logs - INFO - user:6 with email:Mnqobi@gmail.com retrieved 10 campaigns
2025-12-03 05:24:31,054 - als campaign logs - INFO - user:6 with email:Mnqobi@gmail.com retrieved 10 campaigns
2025-12-03 05:24:31,054 - als campaign logs - INFO - user:6 with email:Mnqobi@gmail.com retrieved 10 campaigns
2025-12-03 05:24:35,832 - als campaign logs - INFO - user:6 with email:Mnqobi@gmail.com retrieved 16 campaigns
2025-12-03 05:24:35,832 - als campaign logs - INFO - user:6 with email:Mnqobi@gmail.com retrieved 16 campaigns
2025-12-03 05:24:40,595 - als campaign logs - INFO - user:6 with email:Mnqobi@gmail.com retrieved 16 campaigns
2025-12-03 05:24:40,595 - als campaign logs - INFO - user:6 with email:Mnqobi@gmail.com retrieved 16 campaigns
2025-12-03 05:24:50,774 - als campaign logs - INFO - user:6 with email:Mnqobi@gmail.com retrieved 5 campaigns
2025-12-03 05:24:50,774 - als campaign logs - INFO - user:6 with email:Mnqobi@gmail.com retrieved 5 campaigns
2025-12-03 05:24:52,190 - als campaign logs - INFO - user:6 with email:Mnqobi@gmail.com retrieved 5 campaigns
2025-12-03 05:24:52,190 - als campaign logs - INFO - user:6 with email:Mnqobi@gmail.com retrieved 5 campaigns
2025-12-03 05:24:53,164 - als campaign logs - INFO - user:6 with email:Mnqobi@gmail.com retrieved 5 campaigns
2025-12-03 05:24:53,164 - als campaign logs - INFO - user:6 with email:Mnqobi@gmail.com retrieved 5 campaigns
2025-12-03 05:24:53,805 - als campaign logs - INFO - user:6 with email:Mnqobi@gmail.com retrieved 1 campaigns
2025-12-03 05:24:53,805 - als campaign logs - INFO - user:6 with email:Mnqobi@gmail.com retrieved 1 campaigns
2025-12-03 05:24:54,872 - als campaign logs - INFO - user:6 with email:Mnqobi@gmail.com retrieved 0 campaigns
2025-12-03 05:24:54,872 - als campaign logs - INFO - user:6 with email:Mnqobi@gmail.com retrieved 0 campaigns
2025-12-03 05:26:19,960 - als campaign logs - INFO - user:6 with email:Mnqobi@gmail.com retrieved 10 campaigns
2025-12-03 05:26:19,960 - als campaign logs - INFO - user:6 with email:Mnqobi@gmail.com retrieved 10 campaigns
2025-12-03 05:56:10,077 - als campaign logs - INFO - user:6 with email:Mnqobi@gmail.com retrieved 10 campaigns
2025-12-03 05:56:10,077 - als campaign logs - INFO - user:6 with email:Mnqobi@gmail.com retrieved 10 campaigns
2025-12-03 08:44:43,551 - als campaign logs - INFO - user:6 with email:Mnqobi@gmail.com retrieved 10 campaigns
2025-12-03 08:44:43,551 - als campaign logs - INFO - user:6 with email:Mnqobi@gmail.com retrieved 10 campaigns
2025-12-03 08:44:47,323 - als campaign logs - INFO - user:6 with email:Mnqobi@gmail.com retrieved 6 campaigns
2025-12-03 08:44:47,323 - als campaign logs - INFO - user:6 with email:Mnqobi@gmail.com retrieved 6 campaigns
2025-12-03 08:44:48,410 - als campaign logs - INFO - user:6 with email:Mnqobi@gmail.com retrieved 0 campaigns
2025-12-03 08:44:48,410 - als campaign logs - INFO - user:6 with email:Mnqobi@gmail.com retrieved 0 campaigns
2025-12-03 08:57:26,663 - als campaign logs - INFO - user:6 with email:Mnqobi@gmail.com retrieved 10 campaigns
2025-12-03 08:57:26,663 - als campaign logs - INFO - user:6 with email:Mnqobi@gmail.com retrieved 10 campaigns
2025-12-03 08:57:28,350 - als campaign logs - INFO - user:6 with email:Mnqobi@gmail.com retrieved 6 campaigns
2025-12-03 08:57:28,350 - als campaign logs - INFO - user:6 with email:Mnqobi@gmail.com retrieved 6 campaigns
2025-12-03 08:57:29,789 - als campaign logs - INFO - user:6 with email:Mnqobi@gmail.com retrieved 0 campaigns
2025-12-03 08:57:29,789 - als campaign logs - INFO - user:6 with email:Mnqobi@gmail.com retrieved 0 campaigns
2025-12-03 08:57:34,602 - als campaign logs - INFO - user:6 with email:Mnqobi@gmail.com retrieved 0 campaigns
2025-12-03 08:57:34,602 - als campaign logs - INFO - user:6 with email:Mnqobi@gmail.com retrieved 0 campaigns
2025-12-03 09:33:03,180 - als campaign logs - INFO - user:6 with email:Mnqobi@gmail.com retrieved 10 campaigns
2025-12-03 09:33:03,180 - als campaign logs - INFO - user:6 with email:Mnqobi@gmail.com retrieved 10 campaigns
2025-12-03 09:33:05,812 - als campaign logs - INFO - user:6 with email:Mnqobi@gmail.com retrieved 6 campaigns
2025-12-03 09:33:05,812 - als campaign logs - INFO - user:6 with email:Mnqobi@gmail.com retrieved 6 campaigns
2025-12-03 09:53:10,365 - als campaign logs - INFO - user:6 with email:Mnqobi@gmail.com retrieved 6 campaigns
2025-12-03 09:53:10,365 - als campaign logs - INFO - user:6 with email:Mnqobi@gmail.com retrieved 6 campaigns
2025-12-03 09:54:43,814 - als campaign logs - INFO - user:6 with email:Mnqobi@gmail.com retrieved 10 campaigns
2025-12-03 09:54:43,814 - als campaign logs - INFO - user:6 with email:Mnqobi@gmail.com retrieved 10 campaigns
2025-12-03 11:30:47,030 - als campaign logs - INFO - user:6 with email:Mnqobi@gmail.com retrieved 10 campaigns
2025-12-03 11:30:47,030 - als campaign logs - INFO - user:6 with email:Mnqobi@gmail.com retrieved 10 campaigns
2025-12-03 11:54:34,682 - als campaign logs - INFO - user:6 with email:Mnqobi@gmail.com retrieved 10 campaigns
2025-12-03 11:54:34,682 - als campaign logs - INFO - user:6 with email:Mnqobi@gmail.com retrieved 10 campaigns
2025-12-03 13:17:11,323 - als campaign logs - INFO - user:6 with email:Mnqobi@gmail.com retrieved 10 campaigns
2025-12-03 13:17:11,323 - als campaign logs - INFO - user:6 with email:Mnqobi@gmail.com retrieved 10 campaigns
2025-12-04 09:06:19,735 - als campaign logs - INFO - user:6 with email:Mnqobi@gmail.com retrieved 10 campaigns
2025-12-04 09:06:19,735 - als campaign logs - INFO - user:6 with email:Mnqobi@gmail.com retrieved 10 campaigns
2025-12-04 09:40:45,066 - als campaign logs - INFO - user:6 with email:Mnqobi@gmail.com retrieved 10 campaigns
2025-12-04 09:40:45,066 - als campaign logs - INFO - user:6 with email:Mnqobi@gmail.com retrieved 10 campaigns
2025-12-04 11:39:36,086 - als campaign logs - INFO - user:6 with email:Mnqobi@gmail.com retrieved 10 campaigns
2025-12-04 11:39:36,086 - als campaign logs - INFO - user:6 with email:Mnqobi@gmail.com retrieved 10 campaigns
2025-12-04 11:39:38,504 - als campaign logs - INFO - user:6 with email:Mnqobi@gmail.com retrieved 0 campaigns
2025-12-04 11:39:38,504 - als campaign logs - INFO - user:6 with email:Mnqobi@gmail.com retrieved 0 campaigns
2025-12-04 11:39:43,072 - als campaign logs - INFO - user:6 with email:Mnqobi@gmail.com retrieved 6 campaigns
2025-12-04 11:39:43,072 - als campaign logs - INFO - user:6 with email:Mnqobi@gmail.com retrieved 6 campaigns
2025-12-04 11:39:44,201 - als campaign logs - INFO - user:6 with email:Mnqobi@gmail.com retrieved 0 campaigns
2025-12-04 11:39:44,201 - als campaign logs - INFO - user:6 with email:Mnqobi@gmail.com retrieved 0 campaigns
2025-12-04 11:39:45,404 - als campaign logs - INFO - user:6 with email:Mnqobi@gmail.com retrieved 0 campaigns
2025-12-04 11:39:45,404 - als campaign logs - INFO - user:6 with email:Mnqobi@gmail.com retrieved 0 campaigns
2025-12-04 11:39:46,299 - als campaign logs - INFO - user:6 with email:Mnqobi@gmail.com retrieved 0 campaigns
2025-12-04 11:39:46,299 - als campaign logs - INFO - user:6 with email:Mnqobi@gmail.com retrieved 0 campaigns
2025-12-04 13:58:56,714 - als campaign logs - INFO - user:6 with email:Mnqobi@gmail.com retrieved 10 campaigns
2025-12-04 13:58:56,714 - als campaign logs - INFO - user:6 with email:Mnqobi@gmail.com retrieved 10 campaigns
2025-12-04 14:16:49,734 - als campaign logs - INFO - user:6 with email:Mnqobi@gmail.com retrieved 10 campaigns
2025-12-04 14:16:49,734 - als campaign logs - INFO - user:6 with email:Mnqobi@gmail.com retrieved 10 campaigns
2025-12-04 14:26:06,616 - als campaign logs - INFO - user:6 with email:Mnqobi@gmail.com retrieved 10 campaigns
2025-12-04 14:26:06,616 - als campaign logs - INFO - user:6 with email:Mnqobi@gmail.com retrieved 10 campaigns
2025-12-04 14:57:02,543 - als campaign logs - INFO - user:6 with email:Mnqobi@gmail.com retrieved 10 campaigns
2025-12-04 14:57:02,543 - als campaign logs - INFO - user:6 with email:Mnqobi@gmail.com retrieved 10 campaigns
2025-12-04 14:57:04,364 - als campaign logs - INFO - user:6 with email:Mnqobi@gmail.com retrieved 6 campaigns
2025-12-04 14:57:04,364 - als campaign logs - INFO - user:6 with email:Mnqobi@gmail.com retrieved 6 campaigns
2025-12-04 14:57:05,520 - als campaign logs - INFO - user:6 with email:Mnqobi@gmail.com retrieved 0 campaigns
2025-12-04 14:57:05,520 - als campaign logs - INFO - user:6 with email:Mnqobi@gmail.com retrieved 0 campaigns
2025-12-04 14:57:06,582 - als campaign logs - INFO - user:6 with email:Mnqobi@gmail.com retrieved 0 campaigns
2025-12-04 14:57:06,582 - als campaign logs - INFO - user:6 with email:Mnqobi@gmail.com retrieved 0 campaigns
2025-12-04 14:57:07,163 - als campaign logs - INFO - user:6 with email:Mnqobi@gmail.com retrieved 0 campaigns
2025-12-04 14:57:07,163 - als campaign logs - INFO - user:6 with email:Mnqobi@gmail.com retrieved 0 campaigns
2025-12-04 14:57:07,696 - als campaign logs - INFO - user:6 with email:Mnqobi@gmail.com retrieved 0 campaigns
2025-12-04 14:57:07,696 - als campaign logs - INFO - user:6 with email:Mnqobi@gmail.com retrieved 0 campaigns
2025-12-04 14:57:17,162 - als campaign logs - INFO - user:6 with email:Mnqobi@gmail.com retrieved 16 campaigns
2025-12-04 14:57:17,162 - als campaign logs - INFO - user:6 with email:Mnqobi@gmail.com retrieved 16 campaigns
2025-12-04 14:57:22,533 - als campaign logs - INFO - user:6 with email:Mnqobi@gmail.com retrieved 5 campaigns
2025-12-04 14:57:22,533 - als campaign logs - INFO - user:6 with email:Mnqobi@gmail.com retrieved 5 campaigns
2025-12-04 14:57:30,555 - als campaign logs - INFO - user:6 with email:Mnqobi@gmail.com retrieved 5 campaigns
2025-12-04 14:57:30,555 - als campaign logs - INFO - user:6 with email:Mnqobi@gmail.com retrieved 5 campaigns
2025-12-04 14:57:31,789 - als campaign logs - INFO - user:6 with email:Mnqobi@gmail.com retrieved 5 campaigns
2025-12-04 14:57:31,789 - als campaign logs - INFO - user:6 with email:Mnqobi@gmail.com retrieved 5 campaigns
2025-12-04 14:57:32,368 - als campaign logs - INFO - user:6 with email:Mnqobi@gmail.com retrieved 1 campaigns
2025-12-04 14:57:32,368 - als campaign logs - INFO - user:6 with email:Mnqobi@gmail.com retrieved 1 campaigns
2025-12-04 14:57:33,476 - als campaign logs - INFO - user:6 with email:Mnqobi@gmail.com retrieved 0 campaigns
2025-12-04 14:57:33,476 - als campaign logs - INFO - user:6 with email:Mnqobi@gmail.com retrieved 0 campaigns
2025-12-04 15:49:51,418 - als campaign logs - INFO - user:6 with email:Mnqobi@gmail.com retrieved 10 campaigns
2025-12-04 15:49:51,418 - als campaign logs - INFO - user:6 with email:Mnqobi@gmail.com retrieved 10 campaigns
2025-12-04 15:49:53,076 - als campaign logs - INFO - user:6 with email:Mnqobi@gmail.com retrieved 0 campaigns
2025-12-04 15:49:53,076 - als campaign logs - INFO - user:6 with email:Mnqobi@gmail.com retrieved 0 campaigns
2025-12-04 15:49:55,005 - als campaign logs - INFO - user:6 with email:Mnqobi@gmail.com retrieved 0 campaigns
2025-12-04 15:49:55,005 - als campaign logs - INFO - user:6 with email:Mnqobi@gmail.com retrieved 0 campaigns
2025-12-04 15:49:55,758 - als campaign logs - INFO - user:6 with email:Mnqobi@gmail.com retrieved 0 campaigns
2025-12-04 15:49:55,758 - als campaign logs - INFO - user:6 with email:Mnqobi@gmail.com retrieved 0 campaigns
2025-12-04 15:49:55,968 - als campaign logs - INFO - user:6 with email:Mnqobi@gmail.com retrieved 0 campaigns
2025-12-04 15:49:55,968 - als campaign logs - INFO - user:6 with email:Mnqobi@gmail.com retrieved 0 campaigns
2025-12-04 15:49:56,237 - als campaign logs - INFO - user:6 with email:Mnqobi@gmail.com retrieved 0 campaigns
2025-12-04 15:49:56,237 - als campaign logs - INFO - user:6 with email:Mnqobi@gmail.com retrieved 0 campaigns
2025-12-04 15:49:56,398 - als campaign logs - INFO - user:6 with email:Mnqobi@gmail.com retrieved 0 campaigns
2025-12-04 15:49:56,398 - als campaign logs - INFO - user:6 with email:Mnqobi@gmail.com retrieved 0 campaigns
2025-12-04 15:49:56,602 - als campaign logs - INFO - user:6 with email:Mnqobi@gmail.com retrieved 0 campaigns
2025-12-04 15:49:56,602 - als campaign logs - INFO - user:6 with email:Mnqobi@gmail.com retrieved 0 campaigns
2025-12-04 15:49:56,790 - als campaign logs - INFO - user:6 with email:Mnqobi@gmail.com retrieved 0 campaigns
2025-12-04 15:49:56,790 - als campaign logs - INFO - user:6 with email:Mnqobi@gmail.com retrieved 0 campaigns
2025-12-04 15:49:57,028 - als campaign logs - INFO - user:6 with email:Mnqobi@gmail.com retrieved 0 campaigns
2025-12-04 15:49:57,028 - als campaign logs - INFO - user:6 with email:Mnqobi@gmail.com retrieved 0 campaigns
2025-12-04 15:49:57,192 - als campaign logs - INFO - user:6 with email:Mnqobi@gmail.com retrieved 0 campaigns
2025-12-04 15:49:57,192 - als campaign logs - INFO - user:6 with email:Mnqobi@gmail.com retrieved 0 campaigns
2025-12-04 15:49:57,400 - als campaign logs - INFO - user:6 with email:Mnqobi@gmail.com retrieved 0 campaigns
2025-12-04 15:49:57,400 - als campaign logs - INFO - user:6 with email:Mnqobi@gmail.com retrieved 0 campaigns
2025-12-04 15:56:53,806 - als campaign logs - INFO - user:6 with email:Mnqobi@gmail.com retrieved 10 campaigns
2025-12-04 15:56:53,806 - als campaign logs - INFO - user:6 with email:Mnqobi@gmail.com retrieved 10 campaigns
2025-12-04 15:56:55,897 - als campaign logs - INFO - user:6 with email:Mnqobi@gmail.com retrieved 6 campaigns
2025-12-04 15:56:55,897 - als campaign logs - INFO - user:6 with email:Mnqobi@gmail.com retrieved 6 campaigns
2025-12-04 15:56:57,223 - als campaign logs - INFO - user:6 with email:Mnqobi@gmail.com retrieved 0 campaigns
2025-12-04 15:56:57,223 - als campaign logs - INFO - user:6 with email:Mnqobi@gmail.com retrieved 0 campaigns
2025-12-04 16:27:33,067 - als campaign logs - INFO - user:6 with email:Mnqobi@gmail.com retrieved 10 campaigns
2025-12-04 16:27:33,067 - als campaign logs - INFO - user:6 with email:Mnqobi@gmail.com retrieved 10 campaigns
2025-12-04 16:47:17,219 - als campaign logs - INFO - user:6 with email:Mnqobi@gmail.com retrieved 10 campaigns
2025-12-04 16:47:17,219 - als campaign logs - INFO - user:6 with email:Mnqobi@gmail.com retrieved 10 campaigns
2025-12-05 09:05:28,033 - als campaign logs - INFO - user:6 with email:Mnqobi@gmail.com retrieved 10 campaigns
2025-12-05 09:05:28,033 - als campaign logs - INFO - user:6 with email:Mnqobi@gmail.com retrieved 10 campaigns
2025-12-05 09:39:54,491 - als campaign logs - INFO - user:6 with email:Mnqobi@gmail.com retrieved 10 campaigns
2025-12-05 09:39:54,491 - als campaign logs - INFO - user:6 with email:Mnqobi@gmail.com retrieved 10 campaigns
2025-12-05 11:20:53,058 - als campaign logs - INFO - user:6 with email:Mnqobi@gmail.com retrieved 10 campaigns
2025-12-05 11:20:53,058 - als campaign logs - INFO - user:6 with email:Mnqobi@gmail.com retrieved 10 campaigns
2025-12-05 11:20:54,634 - als campaign logs - INFO - user:6 with email:Mnqobi@gmail.com retrieved 0 campaigns
2025-12-05 11:20:54,634 - als campaign logs - INFO - user:6 with email:Mnqobi@gmail.com retrieved 0 campaigns
2025-12-05 11:20:55,807 - als campaign logs - INFO - user:6 with email:Mnqobi@gmail.com retrieved 0 campaigns
2025-12-05 11:20:55,807 - als campaign logs - INFO - user:6 with email:Mnqobi@gmail.com retrieved 0 campaigns
2025-12-05 11:20:56,611 - als campaign logs - INFO - user:6 with email:Mnqobi@gmail.com retrieved 0 campaigns
2025-12-05 11:20:56,611 - als campaign logs - INFO - user:6 with email:Mnqobi@gmail.com retrieved 0 campaigns
2025-12-05 11:21:14,958 - als campaign logs - INFO - user:6 with email:Mnqobi@gmail.com retrieved 5 campaigns
2025-12-05 11:21:14,958 - als campaign logs - INFO - user:6 with email:Mnqobi@gmail.com retrieved 5 campaigns
2025-12-05 11:21:17,563 - als campaign logs - INFO - user:6 with email:Mnqobi@gmail.com retrieved 5 campaigns
2025-12-05 11:21:17,563 - als campaign logs - INFO - user:6 with email:Mnqobi@gmail.com retrieved 5 campaigns
2025-12-05 11:21:18,416 - als campaign logs - INFO - user:6 with email:Mnqobi@gmail.com retrieved 5 campaigns
2025-12-05 11:21:18,416 - als campaign logs - INFO - user:6 with email:Mnqobi@gmail.com retrieved 5 campaigns
2025-12-05 11:21:18,929 - als campaign logs - INFO - user:6 with email:Mnqobi@gmail.com retrieved 1 campaigns
2025-12-05 11:21:18,929 - als campaign logs - INFO - user:6 with email:Mnqobi@gmail.com retrieved 1 campaigns
2025-12-05 11:32:01,707 - als campaign logs - INFO - user:6 with email:Mnqobi@gmail.com retrieved 10 campaigns
2025-12-05 11:32:01,707 - als campaign logs - INFO - user:6 with email:Mnqobi@gmail.com retrieved 10 campaigns
